{
  "uid" : "740fb183a3b05224",
  "name" : "test_empty_money",
  "fullName" : "test.test_balance_page.TestBalancePage#test_empty_money",
  "historyId" : "61867593fdd38e89dac24d2433eb7572",
  "time" : {
    "start" : 1650908906372,
    "stop" : 1650908906372,
    "duration" : 0
  },
  "description" : "\n        Пополнение баланса без заполнения суммы.\n        ",
  "descriptionHtml" : "<pre><code>    Пополнение баланса без заполнения суммы.\n</code></pre>\n",
  "status" : "broken",
  "statusMessage" : "selenium.common.exceptions.WebDriverException: Message: unknown error: Chrome failed to start: exited abnormally.\n  (unknown error: DevToolsActivePort file doesn't exist)\n  (The process started from chrome location /usr/bin/google-chrome is no longer running, so ChromeDriver is assuming that Chrome has crashed.)\nStacktrace:\n#0 0x5580bc2ebad3 <unknown>\n#1 0x5580bc04b568 <unknown>\n#2 0x5580bc06eb37 <unknown>\n#3 0x5580bc06a23a <unknown>\n#4 0x5580bc0a52ba <unknown>\n#5 0x5580bc09f4e3 <unknown>\n#6 0x5580bc074d1a <unknown>\n#7 0x5580bc075e75 <unknown>\n#8 0x5580bc319efd <unknown>\n#9 0x5580bc33319b <unknown>\n#10 0x5580bc31bc65 <unknown>\n#11 0x5580bc333ec8 <unknown>\n#12 0x5580bc30f360 <unknown>\n#13 0x5580bc34fa68 <unknown>\n#14 0x5580bc34fbe8 <unknown>\n#15 0x5580bc3697fd <unknown>\n#16 0x7f855c67d609 <unknown>",
  "statusTrace" : "request = <SubRequest 'app' for <Function test_balance_transfer>>\n\n    @pytest.fixture(scope=\"session\")\n    def app(request):\n        base_url = \"https://berpress.github.io/react-shop/\"\n        url = request.config.getoption(\"--url\")\n        logger.info(f\"Start app on {url}\")\n        headless = request.config.getoption(\"--headless\")\n        report_dir = request.config.getoption(\"--alluredir\")\n        fixture = Application(base_url, report_dir, headless)\n        chrome_options = Options()\n        chrome_options.add_argument(\"window-size=1800,1080\")\n        if headless:\n            chrome_options.headless = True\n        else:\n            chrome_options.headless = False\n>       driver = webdriver.Chrome(ChromeDriverManager().install(),\n                                  options=chrome_options)\n\nconftest.py:42: \n_ _ _ _ _ _ _ _ _ _ _ _ _ _ _ _ _ _ _ _ _ _ _ _ _ _ _ _ _ _ _ _ _ _ _ _ _ _ _ _ \n../../../.local/lib/python3.8/site-packages/selenium/webdriver/chrome/webdriver.py:70: in __init__\n    super(WebDriver, self).__init__(DesiredCapabilities.CHROME['browserName'], \"goog\",\n../../../.local/lib/python3.8/site-packages/selenium/webdriver/chromium/webdriver.py:93: in __init__\n    RemoteWebDriver.__init__(\n../../../.local/lib/python3.8/site-packages/selenium/webdriver/remote/webdriver.py:269: in __init__\n    self.start_session(capabilities, browser_profile)\n../../../.local/lib/python3.8/site-packages/selenium/webdriver/remote/webdriver.py:360: in start_session\n    response = self.execute(Command.NEW_SESSION, parameters)\n../../../.local/lib/python3.8/site-packages/selenium/webdriver/remote/webdriver.py:425: in execute\n    self.error_handler.check_response(response)\n_ _ _ _ _ _ _ _ _ _ _ _ _ _ _ _ _ _ _ _ _ _ _ _ _ _ _ _ _ _ _ _ _ _ _ _ _ _ _ _ \n\nself = <selenium.webdriver.remote.errorhandler.ErrorHandler object at 0x7fc64a8f2160>\nresponse = {'status': 500, 'value': '{\"value\":{\"error\":\"unknown error\",\"message\":\"unknown error: Chrome failed to start: exited a...\\\\n#14 0x5580bc34fbe8 \\\\u003Cunknown>\\\\n#15 0x5580bc3697fd \\\\u003Cunknown>\\\\n#16 0x7f855c67d609 \\\\u003Cunknown>\\\\n\"}}'}\n\n    def check_response(self, response: Dict[str, Any]) -> None:\n        \"\"\"\n        Checks that a JSON response from the WebDriver does not have an error.\n    \n        :Args:\n         - response - The JSON response from the WebDriver server as a dictionary\n           object.\n    \n        :Raises: If the response contains an error message.\n        \"\"\"\n        status = response.get('status', None)\n        if not status or status == ErrorCode.SUCCESS:\n            return\n        value = None\n        message = response.get(\"message\", \"\")\n        screen: str = response.get(\"screen\", \"\")\n        stacktrace = None\n        if isinstance(status, int):\n            value_json = response.get('value', None)\n            if value_json and isinstance(value_json, str):\n                import json\n                try:\n                    value = json.loads(value_json)\n                    if len(value.keys()) == 1:\n                        value = value['value']\n                    status = value.get('error', None)\n                    if not status:\n                        status = value.get(\"status\", ErrorCode.UNKNOWN_ERROR)\n                        message = value.get(\"value\") or value.get(\"message\")\n                        if not isinstance(message, str):\n                            value = message\n                            message = message.get('message')\n                    else:\n                        message = value.get('message', None)\n                except ValueError:\n                    pass\n    \n        exception_class: Type[WebDriverException]\n        if status in ErrorCode.NO_SUCH_ELEMENT:\n            exception_class = NoSuchElementException\n        elif status in ErrorCode.NO_SUCH_FRAME:\n            exception_class = NoSuchFrameException\n        elif status in ErrorCode.NO_SUCH_SHADOW_ROOT:\n            exception_class = NoSuchShadowRootException\n        elif status in ErrorCode.NO_SUCH_WINDOW:\n            exception_class = NoSuchWindowException\n        elif status in ErrorCode.STALE_ELEMENT_REFERENCE:\n            exception_class = StaleElementReferenceException\n        elif status in ErrorCode.ELEMENT_NOT_VISIBLE:\n            exception_class = ElementNotVisibleException\n        elif status in ErrorCode.INVALID_ELEMENT_STATE:\n            exception_class = InvalidElementStateException\n        elif status in ErrorCode.INVALID_SELECTOR \\\n                or status in ErrorCode.INVALID_XPATH_SELECTOR \\\n                or status in ErrorCode.INVALID_XPATH_SELECTOR_RETURN_TYPER:\n            exception_class = InvalidSelectorException\n        elif status in ErrorCode.ELEMENT_IS_NOT_SELECTABLE:\n            exception_class = ElementNotSelectableException\n        elif status in ErrorCode.ELEMENT_NOT_INTERACTABLE:\n            exception_class = ElementNotInteractableException\n        elif status in ErrorCode.INVALID_COOKIE_DOMAIN:\n            exception_class = InvalidCookieDomainException\n        elif status in ErrorCode.UNABLE_TO_SET_COOKIE:\n            exception_class = UnableToSetCookieException\n        elif status in ErrorCode.TIMEOUT:\n            exception_class = TimeoutException\n        elif status in ErrorCode.SCRIPT_TIMEOUT:\n            exception_class = TimeoutException\n        elif status in ErrorCode.UNKNOWN_ERROR:\n            exception_class = WebDriverException\n        elif status in ErrorCode.UNEXPECTED_ALERT_OPEN:\n            exception_class = UnexpectedAlertPresentException\n        elif status in ErrorCode.NO_ALERT_OPEN:\n            exception_class = NoAlertPresentException\n        elif status in ErrorCode.IME_NOT_AVAILABLE:\n            exception_class = ImeNotAvailableException\n        elif status in ErrorCode.IME_ENGINE_ACTIVATION_FAILED:\n            exception_class = ImeActivationFailedException\n        elif status in ErrorCode.MOVE_TARGET_OUT_OF_BOUNDS:\n            exception_class = MoveTargetOutOfBoundsException\n        elif status in ErrorCode.JAVASCRIPT_ERROR:\n            exception_class = JavascriptException\n        elif status in ErrorCode.SESSION_NOT_CREATED:\n            exception_class = SessionNotCreatedException\n        elif status in ErrorCode.INVALID_ARGUMENT:\n            exception_class = InvalidArgumentException\n        elif status in ErrorCode.NO_SUCH_COOKIE:\n            exception_class = NoSuchCookieException\n        elif status in ErrorCode.UNABLE_TO_CAPTURE_SCREEN:\n            exception_class = ScreenshotException\n        elif status in ErrorCode.ELEMENT_CLICK_INTERCEPTED:\n            exception_class = ElementClickInterceptedException\n        elif status in ErrorCode.INSECURE_CERTIFICATE:\n            exception_class = InsecureCertificateException\n        elif status in ErrorCode.INVALID_COORDINATES:\n            exception_class = InvalidCoordinatesException\n        elif status in ErrorCode.INVALID_SESSION_ID:\n            exception_class = InvalidSessionIdException\n        elif status in ErrorCode.UNKNOWN_METHOD:\n            exception_class = UnknownMethodException\n        else:\n            exception_class = WebDriverException\n        if not value:\n            value = response['value']\n        if isinstance(value, str):\n            raise exception_class(value)\n        if message == \"\" and 'message' in value:\n            message = value['message']\n    \n        screen = None  # type: ignore[assignment]\n        if 'screen' in value:\n            screen = value['screen']\n    \n        stacktrace = None\n        st_value = value.get('stackTrace') or value.get('stacktrace')\n        if st_value:\n            if isinstance(st_value, str):\n                stacktrace = st_value.split('\\n')\n            else:\n                stacktrace = []\n                try:\n                    for frame in st_value:\n                        line = self._value_or_default(frame, 'lineNumber', '')\n                        file = self._value_or_default(frame, 'fileName', '<anonymous>')\n                        if line:\n                            file = \"%s:%s\" % (file, line)\n                        meth = self._value_or_default(frame, 'methodName', '<anonymous>')\n                        if 'className' in frame:\n                            meth = \"%s.%s\" % (frame['className'], meth)\n                        msg = \"    at %s (%s)\"\n                        msg = msg % (meth, file)\n                        stacktrace.append(msg)\n                except TypeError:\n                    pass\n        if exception_class == UnexpectedAlertPresentException:\n            alert_text = None\n            if 'data' in value:\n                alert_text = value['data'].get('text')\n            elif 'alert' in value:\n                alert_text = value['alert'].get('text')\n            raise exception_class(message, screen, stacktrace, alert_text)  # type: ignore[call-arg]  # mypy is not smart enough here\n>       raise exception_class(message, screen, stacktrace)\nE       selenium.common.exceptions.WebDriverException: Message: unknown error: Chrome failed to start: exited abnormally.\nE         (unknown error: DevToolsActivePort file doesn't exist)\nE         (The process started from chrome location /usr/bin/google-chrome is no longer running, so ChromeDriver is assuming that Chrome has crashed.)\nE       Stacktrace:\nE       #0 0x5580bc2ebad3 <unknown>\nE       #1 0x5580bc04b568 <unknown>\nE       #2 0x5580bc06eb37 <unknown>\nE       #3 0x5580bc06a23a <unknown>\nE       #4 0x5580bc0a52ba <unknown>\nE       #5 0x5580bc09f4e3 <unknown>\nE       #6 0x5580bc074d1a <unknown>\nE       #7 0x5580bc075e75 <unknown>\nE       #8 0x5580bc319efd <unknown>\nE       #9 0x5580bc33319b <unknown>\nE       #10 0x5580bc31bc65 <unknown>\nE       #11 0x5580bc333ec8 <unknown>\nE       #12 0x5580bc30f360 <unknown>\nE       #13 0x5580bc34fa68 <unknown>\nE       #14 0x5580bc34fbe8 <unknown>\nE       #15 0x5580bc3697fd <unknown>\nE       #16 0x7f855c67d609 <unknown>\n\n../../../.local/lib/python3.8/site-packages/selenium/webdriver/remote/errorhandler.py:247: WebDriverException",
  "flaky" : false,
  "newFailed" : false,
  "beforeStages" : [ {
    "name" : "app",
    "time" : {
      "start" : 1650908904732,
      "stop" : 1650908906197,
      "duration" : 1465
    },
    "status" : "broken",
    "statusMessage" : "selenium.common.exceptions.WebDriverException: Message: unknown error: Chrome failed to start: exited abnormally.\n  (unknown error: DevToolsActivePort file doesn't exist)\n  (The process started from chrome location /usr/bin/google-chrome is no longer running, so ChromeDriver is assuming that Chrome has crashed.)\nStacktrace:\n#0 0x5580bc2ebad3 <unknown>\n#1 0x5580bc04b568 <unknown>\n#2 0x5580bc06eb37 <unknown>\n#3 0x5580bc06a23a <unknown>\n#4 0x5580bc0a52ba <unknown>\n#5 0x5580bc09f4e3 <unknown>\n#6 0x5580bc074d1a <unknown>\n#7 0x5580bc075e75 <unknown>\n#8 0x5580bc319efd <unknown>\n#9 0x5580bc33319b <unknown>\n#10 0x5580bc31bc65 <unknown>\n#11 0x5580bc333ec8 <unknown>\n#12 0x5580bc30f360 <unknown>\n#13 0x5580bc34fa68 <unknown>\n#14 0x5580bc34fbe8 <unknown>\n#15 0x5580bc3697fd <unknown>\n#16 0x7f855c67d609 <unknown>\n\n",
    "statusTrace" : "  File \"/home/runner/.local/lib/python3.8/site-packages/pluggy/_callers.py\", line 39, in _multicall\n    res = hook_impl.function(*args)\n  File \"/home/runner/.local/lib/python3.8/site-packages/_pytest/fixtures.py\", line 1122, in pytest_fixture_setup\n    result = call_fixture_func(fixturefunc, request, kwargs)\n  File \"/home/runner/.local/lib/python3.8/site-packages/_pytest/fixtures.py\", line 917, in call_fixture_func\n    fixture_result = next(generator)\n  File \"/home/runner/work/Test_with_a_team/Test_with_a_team/conftest.py\", line 42, in app\n    driver = webdriver.Chrome(ChromeDriverManager().install(),\n  File \"/home/runner/.local/lib/python3.8/site-packages/selenium/webdriver/chrome/webdriver.py\", line 70, in __init__\n    super(WebDriver, self).__init__(DesiredCapabilities.CHROME['browserName'], \"goog\",\n  File \"/home/runner/.local/lib/python3.8/site-packages/selenium/webdriver/chromium/webdriver.py\", line 93, in __init__\n    RemoteWebDriver.__init__(\n  File \"/home/runner/.local/lib/python3.8/site-packages/selenium/webdriver/remote/webdriver.py\", line 269, in __init__\n    self.start_session(capabilities, browser_profile)\n  File \"/home/runner/.local/lib/python3.8/site-packages/selenium/webdriver/remote/webdriver.py\", line 360, in start_session\n    response = self.execute(Command.NEW_SESSION, parameters)\n  File \"/home/runner/.local/lib/python3.8/site-packages/selenium/webdriver/remote/webdriver.py\", line 425, in execute\n    self.error_handler.check_response(response)\n  File \"/home/runner/.local/lib/python3.8/site-packages/selenium/webdriver/remote/errorhandler.py\", line 247, in check_response\n    raise exception_class(message, screen, stacktrace)\n",
    "steps" : [ ],
    "attachments" : [ ],
    "parameters" : [ ],
    "stepsCount" : 0,
    "attachmentsCount" : 0,
    "shouldDisplayMessage" : true,
    "hasContent" : true
  }, {
    "name" : "_session_faker",
    "time" : {
      "start" : 1650908904720,
      "stop" : 1650908904732,
      "duration" : 12
    },
    "status" : "passed",
    "steps" : [ ],
    "attachments" : [ ],
    "parameters" : [ ],
    "stepsCount" : 0,
    "attachmentsCount" : 0,
    "shouldDisplayMessage" : false,
    "hasContent" : false
  } ],
  "afterStages" : [ ],
  "labels" : [ {
    "name" : "feature",
    "value" : "Test card"
  }, {
    "name" : "story",
    "value" : "Test balance"
  }, {
    "name" : "parentSuite",
    "value" : "test"
  }, {
    "name" : "suite",
    "value" : "test_balance_page"
  }, {
    "name" : "subSuite",
    "value" : "TestBalancePage"
  }, {
    "name" : "host",
    "value" : "fv-az290-985"
  }, {
    "name" : "thread",
    "value" : "2223-MainThread"
  }, {
    "name" : "framework",
    "value" : "pytest"
  }, {
    "name" : "language",
    "value" : "cpython3"
  }, {
    "name" : "package",
    "value" : "test.test_balance_page"
  }, {
    "name" : "resultFormat",
    "value" : "allure2"
  } ],
  "parameters" : [ ],
  "links" : [ ],
  "hidden" : false,
  "retry" : false,
  "extra" : {
    "severity" : "normal",
    "retries" : [ ],
    "categories" : [ {
      "name" : "Test defects",
      "matchedStatuses" : [ ],
      "flaky" : false
    } ],
    "history" : {
      "statistic" : {
        "failed" : 0,
        "broken" : 10,
        "skipped" : 0,
        "passed" : 0,
        "unknown" : 0,
        "total" : 10
      },
      "items" : [ {
        "uid" : "5a9a90104873da8e",
        "reportUrl" : "https://ArkadiyVoronov.github.io/Test_with_a_team/15//#testresult/5a9a90104873da8e",
        "status" : "broken",
        "statusDetails" : "selenium.common.exceptions.WebDriverException: Message: unknown error: Chrome failed to start: exited abnormally.\n  (unknown error: DevToolsActivePort file doesn't exist)\n  (The process started from chrome location /usr/bin/google-chrome is no longer running, so ChromeDriver is assuming that Chrome has crashed.)\nStacktrace:\n#0 0x5640ef373ad3 <unknown>\n#1 0x5640ef0d3568 <unknown>\n#2 0x5640ef0f6b37 <unknown>\n#3 0x5640ef0f223a <unknown>\n#4 0x5640ef12d2ba <unknown>\n#5 0x5640ef1274e3 <unknown>\n#6 0x5640ef0fcd1a <unknown>\n#7 0x5640ef0fde75 <unknown>\n#8 0x5640ef3a1efd <unknown>\n#9 0x5640ef3bb19b <unknown>\n#10 0x5640ef3a3c65 <unknown>\n#11 0x5640ef3bbec8 <unknown>\n#12 0x5640ef397360 <unknown>\n#13 0x5640ef3d7a68 <unknown>\n#14 0x5640ef3d7be8 <unknown>\n#15 0x5640ef3f17fd <unknown>\n#16 0x7f528e9d6609 <unknown>",
        "time" : {
          "start" : 1650905706285,
          "stop" : 1650905706285,
          "duration" : 0
        }
      }, {
        "uid" : "f18ddbbe6ec84f74",
        "reportUrl" : "https://ArkadiyVoronov.github.io/Test_with_a_team/14//#testresult/f18ddbbe6ec84f74",
        "status" : "broken",
        "statusDetails" : "selenium.common.exceptions.WebDriverException: Message: unknown error: Chrome failed to start: exited abnormally.\n  (unknown error: DevToolsActivePort file doesn't exist)\n  (The process started from chrome location /usr/bin/google-chrome is no longer running, so ChromeDriver is assuming that Chrome has crashed.)\nStacktrace:\n#0 0x56035bb7dad3 <unknown>\n#1 0x56035b8dd568 <unknown>\n#2 0x56035b900b37 <unknown>\n#3 0x56035b8fc23a <unknown>\n#4 0x56035b9372ba <unknown>\n#5 0x56035b9314e3 <unknown>\n#6 0x56035b906d1a <unknown>\n#7 0x56035b907e75 <unknown>\n#8 0x56035bbabefd <unknown>\n#9 0x56035bbc519b <unknown>\n#10 0x56035bbadc65 <unknown>\n#11 0x56035bbc5ec8 <unknown>\n#12 0x56035bba1360 <unknown>\n#13 0x56035bbe1a68 <unknown>\n#14 0x56035bbe1be8 <unknown>\n#15 0x56035bbfb7fd <unknown>\n#16 0x7fc618d3e609 <unknown>",
        "time" : {
          "start" : 1650905596388,
          "stop" : 1650905596388,
          "duration" : 0
        }
      }, {
        "uid" : "820821916917f4b0",
        "reportUrl" : "https://ArkadiyVoronov.github.io/Test_with_a_team/13//#testresult/820821916917f4b0",
        "status" : "broken",
        "statusDetails" : "selenium.common.exceptions.WebDriverException: Message: unknown error: Chrome failed to start: exited abnormally.\n  (unknown error: DevToolsActivePort file doesn't exist)\n  (The process started from chrome location /usr/bin/google-chrome is no longer running, so ChromeDriver is assuming that Chrome has crashed.)\nStacktrace:\n#0 0x556e07ca7ad3 <unknown>\n#1 0x556e07a07568 <unknown>\n#2 0x556e07a2ab37 <unknown>\n#3 0x556e07a2623a <unknown>\n#4 0x556e07a612ba <unknown>\n#5 0x556e07a5b4e3 <unknown>\n#6 0x556e07a30d1a <unknown>\n#7 0x556e07a31e75 <unknown>\n#8 0x556e07cd5efd <unknown>\n#9 0x556e07cef19b <unknown>\n#10 0x556e07cd7c65 <unknown>\n#11 0x556e07cefec8 <unknown>\n#12 0x556e07ccb360 <unknown>\n#13 0x556e07d0ba68 <unknown>\n#14 0x556e07d0bbe8 <unknown>\n#15 0x556e07d257fd <unknown>\n#16 0x7f556ae53609 <unknown>",
        "time" : {
          "start" : 1650903977329,
          "stop" : 1650903977329,
          "duration" : 0
        }
      }, {
        "uid" : "3fe9e8b1ec79196f",
        "reportUrl" : "https://ArkadiyVoronov.github.io/Test_with_a_team/12//#testresult/3fe9e8b1ec79196f",
        "status" : "broken",
        "statusDetails" : "selenium.common.exceptions.WebDriverException: Message: unknown error: Chrome failed to start: exited abnormally.\n  (unknown error: DevToolsActivePort file doesn't exist)\n  (The process started from chrome location /usr/bin/google-chrome is no longer running, so ChromeDriver is assuming that Chrome has crashed.)\nStacktrace:\n#0 0x558c9e09ead3 <unknown>\n#1 0x558c9ddfe568 <unknown>\n#2 0x558c9de21b37 <unknown>\n#3 0x558c9de1d23a <unknown>\n#4 0x558c9de582ba <unknown>\n#5 0x558c9de524e3 <unknown>\n#6 0x558c9de27d1a <unknown>\n#7 0x558c9de28e75 <unknown>\n#8 0x558c9e0ccefd <unknown>\n#9 0x558c9e0e619b <unknown>\n#10 0x558c9e0cec65 <unknown>\n#11 0x558c9e0e6ec8 <unknown>\n#12 0x558c9e0c2360 <unknown>\n#13 0x558c9e102a68 <unknown>\n#14 0x558c9e102be8 <unknown>\n#15 0x558c9e11c7fd <unknown>\n#16 0x7f411233b609 <unknown>",
        "time" : {
          "start" : 1650903804286,
          "stop" : 1650903804286,
          "duration" : 0
        }
      }, {
        "uid" : "587d88630017abbb",
        "reportUrl" : "https://ArkadiyVoronov.github.io/Test_with_a_team/9//#testresult/587d88630017abbb",
        "status" : "broken",
        "statusDetails" : "selenium.common.exceptions.WebDriverException: Message: unknown error: Chrome failed to start: exited abnormally.\n  (unknown error: DevToolsActivePort file doesn't exist)\n  (The process started from chrome location /usr/bin/google-chrome is no longer running, so ChromeDriver is assuming that Chrome has crashed.)\nStacktrace:\n#0 0x5603dfc42ad3 <unknown>\n#1 0x5603df9a2568 <unknown>\n#2 0x5603df9c5b37 <unknown>\n#3 0x5603df9c123a <unknown>\n#4 0x5603df9fc2ba <unknown>\n#5 0x5603df9f64e3 <unknown>\n#6 0x5603df9cbd1a <unknown>\n#7 0x5603df9cce75 <unknown>\n#8 0x5603dfc70efd <unknown>\n#9 0x5603dfc8a19b <unknown>\n#10 0x5603dfc72c65 <unknown>\n#11 0x5603dfc8aec8 <unknown>\n#12 0x5603dfc66360 <unknown>\n#13 0x5603dfca6a68 <unknown>\n#14 0x5603dfca6be8 <unknown>\n#15 0x5603dfcc07fd <unknown>\n#16 0x7f47d9f4c609 <unknown>",
        "time" : {
          "start" : 1650554003422,
          "stop" : 1650554003422,
          "duration" : 0
        }
      }, {
        "uid" : "baabde78f8434fb2",
        "reportUrl" : "https://ArkadiyVoronov.github.io/Test_with_a_team/8//#testresult/baabde78f8434fb2",
        "status" : "broken",
        "statusDetails" : "selenium.common.exceptions.WebDriverException: Message: unknown error: Chrome failed to start: exited abnormally.\n  (unknown error: DevToolsActivePort file doesn't exist)\n  (The process started from chrome location /usr/bin/google-chrome is no longer running, so ChromeDriver is assuming that Chrome has crashed.)\nStacktrace:\n#0 0x5574e7bdbad3 <unknown>\n#1 0x5574e793b568 <unknown>\n#2 0x5574e795eb37 <unknown>\n#3 0x5574e795a23a <unknown>\n#4 0x5574e79952ba <unknown>\n#5 0x5574e798f4e3 <unknown>\n#6 0x5574e7964d1a <unknown>\n#7 0x5574e7965e75 <unknown>\n#8 0x5574e7c09efd <unknown>\n#9 0x5574e7c2319b <unknown>\n#10 0x5574e7c0bc65 <unknown>\n#11 0x5574e7c23ec8 <unknown>\n#12 0x5574e7bff360 <unknown>\n#13 0x5574e7c3fa68 <unknown>\n#14 0x5574e7c3fbe8 <unknown>\n#15 0x5574e7c597fd <unknown>\n#16 0x7fd46da7b609 <unknown>",
        "time" : {
          "start" : 1650553926646,
          "stop" : 1650553926646,
          "duration" : 0
        }
      }, {
        "uid" : "833663f2d93d424",
        "reportUrl" : "https://ArkadiyVoronov.github.io/Test_with_a_team/7//#testresult/833663f2d93d424",
        "status" : "broken",
        "statusDetails" : "selenium.common.exceptions.WebDriverException: Message: unknown error: Chrome failed to start: exited abnormally.\n  (unknown error: DevToolsActivePort file doesn't exist)\n  (The process started from chrome location /usr/bin/google-chrome is no longer running, so ChromeDriver is assuming that Chrome has crashed.)\nStacktrace:\n#0 0x55a62c574ad3 <unknown>\n#1 0x55a62c2d4568 <unknown>\n#2 0x55a62c2f7b37 <unknown>\n#3 0x55a62c2f323a <unknown>\n#4 0x55a62c32e2ba <unknown>\n#5 0x55a62c3284e3 <unknown>\n#6 0x55a62c2fdd1a <unknown>\n#7 0x55a62c2fee75 <unknown>\n#8 0x55a62c5a2efd <unknown>\n#9 0x55a62c5bc19b <unknown>\n#10 0x55a62c5a4c65 <unknown>\n#11 0x55a62c5bcec8 <unknown>\n#12 0x55a62c598360 <unknown>\n#13 0x55a62c5d8a68 <unknown>\n#14 0x55a62c5d8be8 <unknown>\n#15 0x55a62c5f27fd <unknown>\n#16 0x7fb384647609 <unknown>",
        "time" : {
          "start" : 1650553742754,
          "stop" : 1650553742754,
          "duration" : 0
        }
      }, {
        "uid" : "424fba84a938faf9",
        "reportUrl" : "https://ArkadiyVoronov.github.io/Test_with_a_team/6//#testresult/424fba84a938faf9",
        "status" : "broken",
        "statusDetails" : "selenium.common.exceptions.WebDriverException: Message: unknown error: Chrome failed to start: exited abnormally.\n  (unknown error: DevToolsActivePort file doesn't exist)\n  (The process started from chrome location /usr/bin/google-chrome is no longer running, so ChromeDriver is assuming that Chrome has crashed.)\nStacktrace:\n#0 0x556a32183ad3 <unknown>\n#1 0x556a31ee3568 <unknown>\n#2 0x556a31f06b37 <unknown>\n#3 0x556a31f0223a <unknown>\n#4 0x556a31f3d2ba <unknown>\n#5 0x556a31f374e3 <unknown>\n#6 0x556a31f0cd1a <unknown>\n#7 0x556a31f0de75 <unknown>\n#8 0x556a321b1efd <unknown>\n#9 0x556a321cb19b <unknown>\n#10 0x556a321b3c65 <unknown>\n#11 0x556a321cbec8 <unknown>\n#12 0x556a321a7360 <unknown>\n#13 0x556a321e7a68 <unknown>\n#14 0x556a321e7be8 <unknown>\n#15 0x556a322017fd <unknown>\n#16 0x7f47c29e8609 <unknown>",
        "time" : {
          "start" : 1650553587711,
          "stop" : 1650553587711,
          "duration" : 0
        }
      }, {
        "uid" : "4a419de1b3e488b9",
        "reportUrl" : "https://ArkadiyVoronov.github.io/Test_with_a_team/4//#testresult/4a419de1b3e488b9",
        "status" : "broken",
        "statusDetails" : "selenium.common.exceptions.WebDriverException: Message: unknown error: Chrome failed to start: exited abnormally.\n  (unknown error: DevToolsActivePort file doesn't exist)\n  (The process started from chrome location /usr/bin/google-chrome is no longer running, so ChromeDriver is assuming that Chrome has crashed.)\nStacktrace:\n#0 0x56089df99ad3 <unknown>\n#1 0x56089dcf9568 <unknown>\n#2 0x56089dd1cb37 <unknown>\n#3 0x56089dd1823a <unknown>\n#4 0x56089dd532ba <unknown>\n#5 0x56089dd4d4e3 <unknown>\n#6 0x56089dd22d1a <unknown>\n#7 0x56089dd23e75 <unknown>\n#8 0x56089dfc7efd <unknown>\n#9 0x56089dfe119b <unknown>\n#10 0x56089dfc9c65 <unknown>\n#11 0x56089dfe1ec8 <unknown>\n#12 0x56089dfbd360 <unknown>\n#13 0x56089dffda68 <unknown>\n#14 0x56089dffdbe8 <unknown>\n#15 0x56089e0177fd <unknown>\n#16 0x7f386b192609 <unknown>",
        "time" : {
          "start" : 1650552886027,
          "stop" : 1650552886027,
          "duration" : 0
        }
      } ]
    },
    "tags" : [ ]
  },
  "source" : "740fb183a3b05224.json",
  "parameterValues" : [ ]
}