{
  "uid" : "adce9a7d977c7795",
  "name" : "test_success_shopping",
  "fullName" : "test.test_main_page.TestMainPage#test_success_shopping",
  "historyId" : "7089706b72c53a65ac161ee0629b6b0c",
  "time" : {
    "start" : 1650908906677,
    "stop" : 1650908906677,
    "duration" : 0
  },
  "description" : "Успешная покупка",
  "descriptionHtml" : "<p>Успешная покупка</p>\n",
  "status" : "broken",
  "statusMessage" : "selenium.common.exceptions.WebDriverException: Message: unknown error: Chrome failed to start: exited abnormally.\n  (unknown error: DevToolsActivePort file doesn't exist)\n  (The process started from chrome location /usr/bin/google-chrome is no longer running, so ChromeDriver is assuming that Chrome has crashed.)\nStacktrace:\n#0 0x5580bc2ebad3 <unknown>\n#1 0x5580bc04b568 <unknown>\n#2 0x5580bc06eb37 <unknown>\n#3 0x5580bc06a23a <unknown>\n#4 0x5580bc0a52ba <unknown>\n#5 0x5580bc09f4e3 <unknown>\n#6 0x5580bc074d1a <unknown>\n#7 0x5580bc075e75 <unknown>\n#8 0x5580bc319efd <unknown>\n#9 0x5580bc33319b <unknown>\n#10 0x5580bc31bc65 <unknown>\n#11 0x5580bc333ec8 <unknown>\n#12 0x5580bc30f360 <unknown>\n#13 0x5580bc34fa68 <unknown>\n#14 0x5580bc34fbe8 <unknown>\n#15 0x5580bc3697fd <unknown>\n#16 0x7f855c67d609 <unknown>",
  "statusTrace" : "request = <SubRequest 'app' for <Function test_balance_transfer>>\n\n    @pytest.fixture(scope=\"session\")\n    def app(request):\n        base_url = \"https://berpress.github.io/react-shop/\"\n        url = request.config.getoption(\"--url\")\n        logger.info(f\"Start app on {url}\")\n        headless = request.config.getoption(\"--headless\")\n        report_dir = request.config.getoption(\"--alluredir\")\n        fixture = Application(base_url, report_dir, headless)\n        chrome_options = Options()\n        chrome_options.add_argument(\"window-size=1800,1080\")\n        if headless:\n            chrome_options.headless = True\n        else:\n            chrome_options.headless = False\n>       driver = webdriver.Chrome(ChromeDriverManager().install(),\n                                  options=chrome_options)\n\nconftest.py:42: \n_ _ _ _ _ _ _ _ _ _ _ _ _ _ _ _ _ _ _ _ _ _ _ _ _ _ _ _ _ _ _ _ _ _ _ _ _ _ _ _ \n../../../.local/lib/python3.8/site-packages/selenium/webdriver/chrome/webdriver.py:70: in __init__\n    super(WebDriver, self).__init__(DesiredCapabilities.CHROME['browserName'], \"goog\",\n../../../.local/lib/python3.8/site-packages/selenium/webdriver/chromium/webdriver.py:93: in __init__\n    RemoteWebDriver.__init__(\n../../../.local/lib/python3.8/site-packages/selenium/webdriver/remote/webdriver.py:269: in __init__\n    self.start_session(capabilities, browser_profile)\n../../../.local/lib/python3.8/site-packages/selenium/webdriver/remote/webdriver.py:360: in start_session\n    response = self.execute(Command.NEW_SESSION, parameters)\n../../../.local/lib/python3.8/site-packages/selenium/webdriver/remote/webdriver.py:425: in execute\n    self.error_handler.check_response(response)\n_ _ _ _ _ _ _ _ _ _ _ _ _ _ _ _ _ _ _ _ _ _ _ _ _ _ _ _ _ _ _ _ _ _ _ _ _ _ _ _ \n\nself = <selenium.webdriver.remote.errorhandler.ErrorHandler object at 0x7fc64a8f2160>\nresponse = {'status': 500, 'value': '{\"value\":{\"error\":\"unknown error\",\"message\":\"unknown error: Chrome failed to start: exited a...\\\\n#14 0x5580bc34fbe8 \\\\u003Cunknown>\\\\n#15 0x5580bc3697fd \\\\u003Cunknown>\\\\n#16 0x7f855c67d609 \\\\u003Cunknown>\\\\n\"}}'}\n\n    def check_response(self, response: Dict[str, Any]) -> None:\n        \"\"\"\n        Checks that a JSON response from the WebDriver does not have an error.\n    \n        :Args:\n         - response - The JSON response from the WebDriver server as a dictionary\n           object.\n    \n        :Raises: If the response contains an error message.\n        \"\"\"\n        status = response.get('status', None)\n        if not status or status == ErrorCode.SUCCESS:\n            return\n        value = None\n        message = response.get(\"message\", \"\")\n        screen: str = response.get(\"screen\", \"\")\n        stacktrace = None\n        if isinstance(status, int):\n            value_json = response.get('value', None)\n            if value_json and isinstance(value_json, str):\n                import json\n                try:\n                    value = json.loads(value_json)\n                    if len(value.keys()) == 1:\n                        value = value['value']\n                    status = value.get('error', None)\n                    if not status:\n                        status = value.get(\"status\", ErrorCode.UNKNOWN_ERROR)\n                        message = value.get(\"value\") or value.get(\"message\")\n                        if not isinstance(message, str):\n                            value = message\n                            message = message.get('message')\n                    else:\n                        message = value.get('message', None)\n                except ValueError:\n                    pass\n    \n        exception_class: Type[WebDriverException]\n        if status in ErrorCode.NO_SUCH_ELEMENT:\n            exception_class = NoSuchElementException\n        elif status in ErrorCode.NO_SUCH_FRAME:\n            exception_class = NoSuchFrameException\n        elif status in ErrorCode.NO_SUCH_SHADOW_ROOT:\n            exception_class = NoSuchShadowRootException\n        elif status in ErrorCode.NO_SUCH_WINDOW:\n            exception_class = NoSuchWindowException\n        elif status in ErrorCode.STALE_ELEMENT_REFERENCE:\n            exception_class = StaleElementReferenceException\n        elif status in ErrorCode.ELEMENT_NOT_VISIBLE:\n            exception_class = ElementNotVisibleException\n        elif status in ErrorCode.INVALID_ELEMENT_STATE:\n            exception_class = InvalidElementStateException\n        elif status in ErrorCode.INVALID_SELECTOR \\\n                or status in ErrorCode.INVALID_XPATH_SELECTOR \\\n                or status in ErrorCode.INVALID_XPATH_SELECTOR_RETURN_TYPER:\n            exception_class = InvalidSelectorException\n        elif status in ErrorCode.ELEMENT_IS_NOT_SELECTABLE:\n            exception_class = ElementNotSelectableException\n        elif status in ErrorCode.ELEMENT_NOT_INTERACTABLE:\n            exception_class = ElementNotInteractableException\n        elif status in ErrorCode.INVALID_COOKIE_DOMAIN:\n            exception_class = InvalidCookieDomainException\n        elif status in ErrorCode.UNABLE_TO_SET_COOKIE:\n            exception_class = UnableToSetCookieException\n        elif status in ErrorCode.TIMEOUT:\n            exception_class = TimeoutException\n        elif status in ErrorCode.SCRIPT_TIMEOUT:\n            exception_class = TimeoutException\n        elif status in ErrorCode.UNKNOWN_ERROR:\n            exception_class = WebDriverException\n        elif status in ErrorCode.UNEXPECTED_ALERT_OPEN:\n            exception_class = UnexpectedAlertPresentException\n        elif status in ErrorCode.NO_ALERT_OPEN:\n            exception_class = NoAlertPresentException\n        elif status in ErrorCode.IME_NOT_AVAILABLE:\n            exception_class = ImeNotAvailableException\n        elif status in ErrorCode.IME_ENGINE_ACTIVATION_FAILED:\n            exception_class = ImeActivationFailedException\n        elif status in ErrorCode.MOVE_TARGET_OUT_OF_BOUNDS:\n            exception_class = MoveTargetOutOfBoundsException\n        elif status in ErrorCode.JAVASCRIPT_ERROR:\n            exception_class = JavascriptException\n        elif status in ErrorCode.SESSION_NOT_CREATED:\n            exception_class = SessionNotCreatedException\n        elif status in ErrorCode.INVALID_ARGUMENT:\n            exception_class = InvalidArgumentException\n        elif status in ErrorCode.NO_SUCH_COOKIE:\n            exception_class = NoSuchCookieException\n        elif status in ErrorCode.UNABLE_TO_CAPTURE_SCREEN:\n            exception_class = ScreenshotException\n        elif status in ErrorCode.ELEMENT_CLICK_INTERCEPTED:\n            exception_class = ElementClickInterceptedException\n        elif status in ErrorCode.INSECURE_CERTIFICATE:\n            exception_class = InsecureCertificateException\n        elif status in ErrorCode.INVALID_COORDINATES:\n            exception_class = InvalidCoordinatesException\n        elif status in ErrorCode.INVALID_SESSION_ID:\n            exception_class = InvalidSessionIdException\n        elif status in ErrorCode.UNKNOWN_METHOD:\n            exception_class = UnknownMethodException\n        else:\n            exception_class = WebDriverException\n        if not value:\n            value = response['value']\n        if isinstance(value, str):\n            raise exception_class(value)\n        if message == \"\" and 'message' in value:\n            message = value['message']\n    \n        screen = None  # type: ignore[assignment]\n        if 'screen' in value:\n            screen = value['screen']\n    \n        stacktrace = None\n        st_value = value.get('stackTrace') or value.get('stacktrace')\n        if st_value:\n            if isinstance(st_value, str):\n                stacktrace = st_value.split('\\n')\n            else:\n                stacktrace = []\n                try:\n                    for frame in st_value:\n                        line = self._value_or_default(frame, 'lineNumber', '')\n                        file = self._value_or_default(frame, 'fileName', '<anonymous>')\n                        if line:\n                            file = \"%s:%s\" % (file, line)\n                        meth = self._value_or_default(frame, 'methodName', '<anonymous>')\n                        if 'className' in frame:\n                            meth = \"%s.%s\" % (frame['className'], meth)\n                        msg = \"    at %s (%s)\"\n                        msg = msg % (meth, file)\n                        stacktrace.append(msg)\n                except TypeError:\n                    pass\n        if exception_class == UnexpectedAlertPresentException:\n            alert_text = None\n            if 'data' in value:\n                alert_text = value['data'].get('text')\n            elif 'alert' in value:\n                alert_text = value['alert'].get('text')\n            raise exception_class(message, screen, stacktrace, alert_text)  # type: ignore[call-arg]  # mypy is not smart enough here\n>       raise exception_class(message, screen, stacktrace)\nE       selenium.common.exceptions.WebDriverException: Message: unknown error: Chrome failed to start: exited abnormally.\nE         (unknown error: DevToolsActivePort file doesn't exist)\nE         (The process started from chrome location /usr/bin/google-chrome is no longer running, so ChromeDriver is assuming that Chrome has crashed.)\nE       Stacktrace:\nE       #0 0x5580bc2ebad3 <unknown>\nE       #1 0x5580bc04b568 <unknown>\nE       #2 0x5580bc06eb37 <unknown>\nE       #3 0x5580bc06a23a <unknown>\nE       #4 0x5580bc0a52ba <unknown>\nE       #5 0x5580bc09f4e3 <unknown>\nE       #6 0x5580bc074d1a <unknown>\nE       #7 0x5580bc075e75 <unknown>\nE       #8 0x5580bc319efd <unknown>\nE       #9 0x5580bc33319b <unknown>\nE       #10 0x5580bc31bc65 <unknown>\nE       #11 0x5580bc333ec8 <unknown>\nE       #12 0x5580bc30f360 <unknown>\nE       #13 0x5580bc34fa68 <unknown>\nE       #14 0x5580bc34fbe8 <unknown>\nE       #15 0x5580bc3697fd <unknown>\nE       #16 0x7f855c67d609 <unknown>\n\n../../../.local/lib/python3.8/site-packages/selenium/webdriver/remote/errorhandler.py:247: WebDriverException",
  "flaky" : false,
  "newFailed" : false,
  "beforeStages" : [ {
    "name" : "app",
    "time" : {
      "start" : 1650908904732,
      "stop" : 1650908906197,
      "duration" : 1465
    },
    "status" : "broken",
    "statusMessage" : "selenium.common.exceptions.WebDriverException: Message: unknown error: Chrome failed to start: exited abnormally.\n  (unknown error: DevToolsActivePort file doesn't exist)\n  (The process started from chrome location /usr/bin/google-chrome is no longer running, so ChromeDriver is assuming that Chrome has crashed.)\nStacktrace:\n#0 0x5580bc2ebad3 <unknown>\n#1 0x5580bc04b568 <unknown>\n#2 0x5580bc06eb37 <unknown>\n#3 0x5580bc06a23a <unknown>\n#4 0x5580bc0a52ba <unknown>\n#5 0x5580bc09f4e3 <unknown>\n#6 0x5580bc074d1a <unknown>\n#7 0x5580bc075e75 <unknown>\n#8 0x5580bc319efd <unknown>\n#9 0x5580bc33319b <unknown>\n#10 0x5580bc31bc65 <unknown>\n#11 0x5580bc333ec8 <unknown>\n#12 0x5580bc30f360 <unknown>\n#13 0x5580bc34fa68 <unknown>\n#14 0x5580bc34fbe8 <unknown>\n#15 0x5580bc3697fd <unknown>\n#16 0x7f855c67d609 <unknown>\n\n",
    "statusTrace" : "  File \"/home/runner/.local/lib/python3.8/site-packages/pluggy/_callers.py\", line 39, in _multicall\n    res = hook_impl.function(*args)\n  File \"/home/runner/.local/lib/python3.8/site-packages/_pytest/fixtures.py\", line 1122, in pytest_fixture_setup\n    result = call_fixture_func(fixturefunc, request, kwargs)\n  File \"/home/runner/.local/lib/python3.8/site-packages/_pytest/fixtures.py\", line 917, in call_fixture_func\n    fixture_result = next(generator)\n  File \"/home/runner/work/Test_with_a_team/Test_with_a_team/conftest.py\", line 42, in app\n    driver = webdriver.Chrome(ChromeDriverManager().install(),\n  File \"/home/runner/.local/lib/python3.8/site-packages/selenium/webdriver/chrome/webdriver.py\", line 70, in __init__\n    super(WebDriver, self).__init__(DesiredCapabilities.CHROME['browserName'], \"goog\",\n  File \"/home/runner/.local/lib/python3.8/site-packages/selenium/webdriver/chromium/webdriver.py\", line 93, in __init__\n    RemoteWebDriver.__init__(\n  File \"/home/runner/.local/lib/python3.8/site-packages/selenium/webdriver/remote/webdriver.py\", line 269, in __init__\n    self.start_session(capabilities, browser_profile)\n  File \"/home/runner/.local/lib/python3.8/site-packages/selenium/webdriver/remote/webdriver.py\", line 360, in start_session\n    response = self.execute(Command.NEW_SESSION, parameters)\n  File \"/home/runner/.local/lib/python3.8/site-packages/selenium/webdriver/remote/webdriver.py\", line 425, in execute\n    self.error_handler.check_response(response)\n  File \"/home/runner/.local/lib/python3.8/site-packages/selenium/webdriver/remote/errorhandler.py\", line 247, in check_response\n    raise exception_class(message, screen, stacktrace)\n",
    "steps" : [ ],
    "attachments" : [ ],
    "parameters" : [ ],
    "stepsCount" : 0,
    "attachmentsCount" : 0,
    "shouldDisplayMessage" : true,
    "hasContent" : true
  }, {
    "name" : "_session_faker",
    "time" : {
      "start" : 1650908904720,
      "stop" : 1650908904732,
      "duration" : 12
    },
    "status" : "passed",
    "steps" : [ ],
    "attachments" : [ ],
    "parameters" : [ ],
    "stepsCount" : 0,
    "attachmentsCount" : 0,
    "shouldDisplayMessage" : false,
    "hasContent" : false
  } ],
  "afterStages" : [ ],
  "labels" : [ {
    "name" : "feature",
    "value" : "Test main page"
  }, {
    "name" : "parentSuite",
    "value" : "test"
  }, {
    "name" : "suite",
    "value" : "test_main_page"
  }, {
    "name" : "subSuite",
    "value" : "TestMainPage"
  }, {
    "name" : "host",
    "value" : "fv-az290-985"
  }, {
    "name" : "thread",
    "value" : "2223-MainThread"
  }, {
    "name" : "framework",
    "value" : "pytest"
  }, {
    "name" : "language",
    "value" : "cpython3"
  }, {
    "name" : "package",
    "value" : "test.test_main_page"
  }, {
    "name" : "resultFormat",
    "value" : "allure2"
  } ],
  "parameters" : [ ],
  "links" : [ ],
  "hidden" : false,
  "retry" : false,
  "extra" : {
    "severity" : "normal",
    "retries" : [ ],
    "categories" : [ {
      "name" : "Test defects",
      "matchedStatuses" : [ ],
      "flaky" : false
    } ],
    "history" : {
      "statistic" : {
        "failed" : 0,
        "broken" : 10,
        "skipped" : 0,
        "passed" : 0,
        "unknown" : 0,
        "total" : 10
      },
      "items" : [ {
        "uid" : "b6df419d8c6f4389",
        "reportUrl" : "https://ArkadiyVoronov.github.io/Test_with_a_team/15//#testresult/b6df419d8c6f4389",
        "status" : "broken",
        "statusDetails" : "selenium.common.exceptions.WebDriverException: Message: unknown error: Chrome failed to start: exited abnormally.\n  (unknown error: DevToolsActivePort file doesn't exist)\n  (The process started from chrome location /usr/bin/google-chrome is no longer running, so ChromeDriver is assuming that Chrome has crashed.)\nStacktrace:\n#0 0x5640ef373ad3 <unknown>\n#1 0x5640ef0d3568 <unknown>\n#2 0x5640ef0f6b37 <unknown>\n#3 0x5640ef0f223a <unknown>\n#4 0x5640ef12d2ba <unknown>\n#5 0x5640ef1274e3 <unknown>\n#6 0x5640ef0fcd1a <unknown>\n#7 0x5640ef0fde75 <unknown>\n#8 0x5640ef3a1efd <unknown>\n#9 0x5640ef3bb19b <unknown>\n#10 0x5640ef3a3c65 <unknown>\n#11 0x5640ef3bbec8 <unknown>\n#12 0x5640ef397360 <unknown>\n#13 0x5640ef3d7a68 <unknown>\n#14 0x5640ef3d7be8 <unknown>\n#15 0x5640ef3f17fd <unknown>\n#16 0x7f528e9d6609 <unknown>",
        "time" : {
          "start" : 1650905706664,
          "stop" : 1650905706664,
          "duration" : 0
        }
      }, {
        "uid" : "a2112b5a36892fa0",
        "reportUrl" : "https://ArkadiyVoronov.github.io/Test_with_a_team/14//#testresult/a2112b5a36892fa0",
        "status" : "broken",
        "statusDetails" : "selenium.common.exceptions.WebDriverException: Message: unknown error: Chrome failed to start: exited abnormally.\n  (unknown error: DevToolsActivePort file doesn't exist)\n  (The process started from chrome location /usr/bin/google-chrome is no longer running, so ChromeDriver is assuming that Chrome has crashed.)\nStacktrace:\n#0 0x56035bb7dad3 <unknown>\n#1 0x56035b8dd568 <unknown>\n#2 0x56035b900b37 <unknown>\n#3 0x56035b8fc23a <unknown>\n#4 0x56035b9372ba <unknown>\n#5 0x56035b9314e3 <unknown>\n#6 0x56035b906d1a <unknown>\n#7 0x56035b907e75 <unknown>\n#8 0x56035bbabefd <unknown>\n#9 0x56035bbc519b <unknown>\n#10 0x56035bbadc65 <unknown>\n#11 0x56035bbc5ec8 <unknown>\n#12 0x56035bba1360 <unknown>\n#13 0x56035bbe1a68 <unknown>\n#14 0x56035bbe1be8 <unknown>\n#15 0x56035bbfb7fd <unknown>\n#16 0x7fc618d3e609 <unknown>",
        "time" : {
          "start" : 1650905596736,
          "stop" : 1650905596736,
          "duration" : 0
        }
      }, {
        "uid" : "7876f3b499821a38",
        "reportUrl" : "https://ArkadiyVoronov.github.io/Test_with_a_team/13//#testresult/7876f3b499821a38",
        "status" : "broken",
        "statusDetails" : "selenium.common.exceptions.WebDriverException: Message: unknown error: Chrome failed to start: exited abnormally.\n  (unknown error: DevToolsActivePort file doesn't exist)\n  (The process started from chrome location /usr/bin/google-chrome is no longer running, so ChromeDriver is assuming that Chrome has crashed.)\nStacktrace:\n#0 0x561805f19ad3 <unknown>\n#1 0x561805c79568 <unknown>\n#2 0x561805c9cb37 <unknown>\n#3 0x561805c9823a <unknown>\n#4 0x561805cd32ba <unknown>\n#5 0x561805ccd4e3 <unknown>\n#6 0x561805ca2d1a <unknown>\n#7 0x561805ca3e75 <unknown>\n#8 0x561805f47efd <unknown>\n#9 0x561805f6119b <unknown>\n#10 0x561805f49c65 <unknown>\n#11 0x561805f61ec8 <unknown>\n#12 0x561805f3d360 <unknown>\n#13 0x561805f7da68 <unknown>\n#14 0x561805f7dbe8 <unknown>\n#15 0x561805f977fd <unknown>\n#16 0x7f2af4965609 <unknown>",
        "time" : {
          "start" : 1650903984994,
          "stop" : 1650903984994,
          "duration" : 0
        }
      }, {
        "uid" : "a92cf7c11534b080",
        "reportUrl" : "https://ArkadiyVoronov.github.io/Test_with_a_team/12//#testresult/a92cf7c11534b080",
        "status" : "broken",
        "statusDetails" : "selenium.common.exceptions.WebDriverException: Message: unknown error: Chrome failed to start: exited abnormally.\n  (unknown error: DevToolsActivePort file doesn't exist)\n  (The process started from chrome location /usr/bin/google-chrome is no longer running, so ChromeDriver is assuming that Chrome has crashed.)\nStacktrace:\n#0 0x56253e066ad3 <unknown>\n#1 0x56253ddc6568 <unknown>\n#2 0x56253dde9b37 <unknown>\n#3 0x56253dde523a <unknown>\n#4 0x56253de202ba <unknown>\n#5 0x56253de1a4e3 <unknown>\n#6 0x56253ddefd1a <unknown>\n#7 0x56253ddf0e75 <unknown>\n#8 0x56253e094efd <unknown>\n#9 0x56253e0ae19b <unknown>\n#10 0x56253e096c65 <unknown>\n#11 0x56253e0aeec8 <unknown>\n#12 0x56253e08a360 <unknown>\n#13 0x56253e0caa68 <unknown>\n#14 0x56253e0cabe8 <unknown>\n#15 0x56253e0e47fd <unknown>\n#16 0x7ffb14d9b609 <unknown>",
        "time" : {
          "start" : 1650903811962,
          "stop" : 1650903811962,
          "duration" : 0
        }
      }, {
        "uid" : "fdc82349d93d87a3",
        "reportUrl" : "https://ArkadiyVoronov.github.io/Test_with_a_team/9//#testresult/fdc82349d93d87a3",
        "status" : "broken",
        "statusDetails" : "selenium.common.exceptions.WebDriverException: Message: unknown error: Chrome failed to start: exited abnormally.\n  (unknown error: DevToolsActivePort file doesn't exist)\n  (The process started from chrome location /usr/bin/google-chrome is no longer running, so ChromeDriver is assuming that Chrome has crashed.)\nStacktrace:\n#0 0x555b89621ad3 <unknown>\n#1 0x555b89381568 <unknown>\n#2 0x555b893a4b37 <unknown>\n#3 0x555b893a023a <unknown>\n#4 0x555b893db2ba <unknown>\n#5 0x555b893d54e3 <unknown>\n#6 0x555b893aad1a <unknown>\n#7 0x555b893abe75 <unknown>\n#8 0x555b8964fefd <unknown>\n#9 0x555b8966919b <unknown>\n#10 0x555b89651c65 <unknown>\n#11 0x555b89669ec8 <unknown>\n#12 0x555b89645360 <unknown>\n#13 0x555b89685a68 <unknown>\n#14 0x555b89685be8 <unknown>\n#15 0x555b8969f7fd <unknown>\n#16 0x7f4bdfd5b609 <unknown>",
        "time" : {
          "start" : 1650554011109,
          "stop" : 1650554011109,
          "duration" : 0
        }
      }, {
        "uid" : "d1840442f79675f3",
        "reportUrl" : "https://ArkadiyVoronov.github.io/Test_with_a_team/8//#testresult/d1840442f79675f3",
        "status" : "broken",
        "statusDetails" : "selenium.common.exceptions.WebDriverException: Message: unknown error: Chrome failed to start: exited abnormally.\n  (unknown error: DevToolsActivePort file doesn't exist)\n  (The process started from chrome location /usr/bin/google-chrome is no longer running, so ChromeDriver is assuming that Chrome has crashed.)\nStacktrace:\n#0 0x55cca1b91ad3 <unknown>\n#1 0x55cca18f1568 <unknown>\n#2 0x55cca1914b37 <unknown>\n#3 0x55cca191023a <unknown>\n#4 0x55cca194b2ba <unknown>\n#5 0x55cca19454e3 <unknown>\n#6 0x55cca191ad1a <unknown>\n#7 0x55cca191be75 <unknown>\n#8 0x55cca1bbfefd <unknown>\n#9 0x55cca1bd919b <unknown>\n#10 0x55cca1bc1c65 <unknown>\n#11 0x55cca1bd9ec8 <unknown>\n#12 0x55cca1bb5360 <unknown>\n#13 0x55cca1bf5a68 <unknown>\n#14 0x55cca1bf5be8 <unknown>\n#15 0x55cca1c0f7fd <unknown>\n#16 0x7efd8e21b609 <unknown>",
        "time" : {
          "start" : 1650553934048,
          "stop" : 1650553934048,
          "duration" : 0
        }
      }, {
        "uid" : "e6320c348d415328",
        "reportUrl" : "https://ArkadiyVoronov.github.io/Test_with_a_team/7//#testresult/e6320c348d415328",
        "status" : "broken",
        "statusDetails" : "selenium.common.exceptions.WebDriverException: Message: unknown error: Chrome failed to start: exited abnormally.\n  (unknown error: DevToolsActivePort file doesn't exist)\n  (The process started from chrome location /usr/bin/google-chrome is no longer running, so ChromeDriver is assuming that Chrome has crashed.)\nStacktrace:\n#0 0x563f99601ad3 <unknown>\n#1 0x563f99361568 <unknown>\n#2 0x563f99384b37 <unknown>\n#3 0x563f9938023a <unknown>\n#4 0x563f993bb2ba <unknown>\n#5 0x563f993b54e3 <unknown>\n#6 0x563f9938ad1a <unknown>\n#7 0x563f9938be75 <unknown>\n#8 0x563f9962fefd <unknown>\n#9 0x563f9964919b <unknown>\n#10 0x563f99631c65 <unknown>\n#11 0x563f99649ec8 <unknown>\n#12 0x563f99625360 <unknown>\n#13 0x563f99665a68 <unknown>\n#14 0x563f99665be8 <unknown>\n#15 0x563f9967f7fd <unknown>\n#16 0x7f33cc9fc609 <unknown>",
        "time" : {
          "start" : 1650553750038,
          "stop" : 1650553750038,
          "duration" : 0
        }
      }, {
        "uid" : "3d8d848498b22003",
        "reportUrl" : "https://ArkadiyVoronov.github.io/Test_with_a_team/6//#testresult/3d8d848498b22003",
        "status" : "broken",
        "statusDetails" : "selenium.common.exceptions.WebDriverException: Message: unknown error: Chrome failed to start: exited abnormally.\n  (unknown error: DevToolsActivePort file doesn't exist)\n  (The process started from chrome location /usr/bin/google-chrome is no longer running, so ChromeDriver is assuming that Chrome has crashed.)\nStacktrace:\n#0 0x55a9931c7ad3 <unknown>\n#1 0x55a992f27568 <unknown>\n#2 0x55a992f4ab37 <unknown>\n#3 0x55a992f4623a <unknown>\n#4 0x55a992f812ba <unknown>\n#5 0x55a992f7b4e3 <unknown>\n#6 0x55a992f50d1a <unknown>\n#7 0x55a992f51e75 <unknown>\n#8 0x55a9931f5efd <unknown>\n#9 0x55a99320f19b <unknown>\n#10 0x55a9931f7c65 <unknown>\n#11 0x55a99320fec8 <unknown>\n#12 0x55a9931eb360 <unknown>\n#13 0x55a99322ba68 <unknown>\n#14 0x55a99322bbe8 <unknown>\n#15 0x55a9932457fd <unknown>\n#16 0x7faf2a590609 <unknown>",
        "time" : {
          "start" : 1650553595629,
          "stop" : 1650553595629,
          "duration" : 0
        }
      }, {
        "uid" : "724d8a7f7c289e72",
        "reportUrl" : "https://ArkadiyVoronov.github.io/Test_with_a_team/4//#testresult/724d8a7f7c289e72",
        "status" : "broken",
        "statusDetails" : "selenium.common.exceptions.WebDriverException: Message: unknown error: Chrome failed to start: exited abnormally.\n  (unknown error: DevToolsActivePort file doesn't exist)\n  (The process started from chrome location /usr/bin/google-chrome is no longer running, so ChromeDriver is assuming that Chrome has crashed.)\nStacktrace:\n#0 0x56254ab1fad3 <unknown>\n#1 0x56254a87f568 <unknown>\n#2 0x56254a8a2b37 <unknown>\n#3 0x56254a89e23a <unknown>\n#4 0x56254a8d92ba <unknown>\n#5 0x56254a8d34e3 <unknown>\n#6 0x56254a8a8d1a <unknown>\n#7 0x56254a8a9e75 <unknown>\n#8 0x56254ab4defd <unknown>\n#9 0x56254ab6719b <unknown>\n#10 0x56254ab4fc65 <unknown>\n#11 0x56254ab67ec8 <unknown>\n#12 0x56254ab43360 <unknown>\n#13 0x56254ab83a68 <unknown>\n#14 0x56254ab83be8 <unknown>\n#15 0x56254ab9d7fd <unknown>\n#16 0x7fc8158a0609 <unknown>",
        "time" : {
          "start" : 1650552893947,
          "stop" : 1650552893947,
          "duration" : 0
        }
      } ]
    },
    "tags" : [ ]
  },
  "source" : "adce9a7d977c7795.json",
  "parameterValues" : [ ]
}