{
  "uid" : "e65f6ab84ea9748",
  "name" : "test_add_product_to_basket",
  "fullName" : "test.test_main_page.TestMainPage#test_add_product_to_basket",
  "historyId" : "77434fd78e570e2be9afa7767e058d06",
  "time" : {
    "start" : 1650908906612,
    "stop" : 1650908906612,
    "duration" : 0
  },
  "description" : "\n        Открываем главную страницу и проверяем, что карточки продуктов доступны для добавления в корзину.\n        ",
  "descriptionHtml" : "<pre><code>    Открываем главную страницу и проверяем, что карточки продуктов доступны для добавления в корзину.\n</code></pre>\n",
  "status" : "broken",
  "statusMessage" : "selenium.common.exceptions.WebDriverException: Message: unknown error: Chrome failed to start: exited abnormally.\n  (unknown error: DevToolsActivePort file doesn't exist)\n  (The process started from chrome location /usr/bin/google-chrome is no longer running, so ChromeDriver is assuming that Chrome has crashed.)\nStacktrace:\n#0 0x5580bc2ebad3 <unknown>\n#1 0x5580bc04b568 <unknown>\n#2 0x5580bc06eb37 <unknown>\n#3 0x5580bc06a23a <unknown>\n#4 0x5580bc0a52ba <unknown>\n#5 0x5580bc09f4e3 <unknown>\n#6 0x5580bc074d1a <unknown>\n#7 0x5580bc075e75 <unknown>\n#8 0x5580bc319efd <unknown>\n#9 0x5580bc33319b <unknown>\n#10 0x5580bc31bc65 <unknown>\n#11 0x5580bc333ec8 <unknown>\n#12 0x5580bc30f360 <unknown>\n#13 0x5580bc34fa68 <unknown>\n#14 0x5580bc34fbe8 <unknown>\n#15 0x5580bc3697fd <unknown>\n#16 0x7f855c67d609 <unknown>",
  "statusTrace" : "request = <SubRequest 'app' for <Function test_balance_transfer>>\n\n    @pytest.fixture(scope=\"session\")\n    def app(request):\n        base_url = \"https://berpress.github.io/react-shop/\"\n        url = request.config.getoption(\"--url\")\n        logger.info(f\"Start app on {url}\")\n        headless = request.config.getoption(\"--headless\")\n        report_dir = request.config.getoption(\"--alluredir\")\n        fixture = Application(base_url, report_dir, headless)\n        chrome_options = Options()\n        chrome_options.add_argument(\"window-size=1800,1080\")\n        if headless:\n            chrome_options.headless = True\n        else:\n            chrome_options.headless = False\n>       driver = webdriver.Chrome(ChromeDriverManager().install(),\n                                  options=chrome_options)\n\nconftest.py:42: \n_ _ _ _ _ _ _ _ _ _ _ _ _ _ _ _ _ _ _ _ _ _ _ _ _ _ _ _ _ _ _ _ _ _ _ _ _ _ _ _ \n../../../.local/lib/python3.8/site-packages/selenium/webdriver/chrome/webdriver.py:70: in __init__\n    super(WebDriver, self).__init__(DesiredCapabilities.CHROME['browserName'], \"goog\",\n../../../.local/lib/python3.8/site-packages/selenium/webdriver/chromium/webdriver.py:93: in __init__\n    RemoteWebDriver.__init__(\n../../../.local/lib/python3.8/site-packages/selenium/webdriver/remote/webdriver.py:269: in __init__\n    self.start_session(capabilities, browser_profile)\n../../../.local/lib/python3.8/site-packages/selenium/webdriver/remote/webdriver.py:360: in start_session\n    response = self.execute(Command.NEW_SESSION, parameters)\n../../../.local/lib/python3.8/site-packages/selenium/webdriver/remote/webdriver.py:425: in execute\n    self.error_handler.check_response(response)\n_ _ _ _ _ _ _ _ _ _ _ _ _ _ _ _ _ _ _ _ _ _ _ _ _ _ _ _ _ _ _ _ _ _ _ _ _ _ _ _ \n\nself = <selenium.webdriver.remote.errorhandler.ErrorHandler object at 0x7fc64a8f2160>\nresponse = {'status': 500, 'value': '{\"value\":{\"error\":\"unknown error\",\"message\":\"unknown error: Chrome failed to start: exited a...\\\\n#14 0x5580bc34fbe8 \\\\u003Cunknown>\\\\n#15 0x5580bc3697fd \\\\u003Cunknown>\\\\n#16 0x7f855c67d609 \\\\u003Cunknown>\\\\n\"}}'}\n\n    def check_response(self, response: Dict[str, Any]) -> None:\n        \"\"\"\n        Checks that a JSON response from the WebDriver does not have an error.\n    \n        :Args:\n         - response - The JSON response from the WebDriver server as a dictionary\n           object.\n    \n        :Raises: If the response contains an error message.\n        \"\"\"\n        status = response.get('status', None)\n        if not status or status == ErrorCode.SUCCESS:\n            return\n        value = None\n        message = response.get(\"message\", \"\")\n        screen: str = response.get(\"screen\", \"\")\n        stacktrace = None\n        if isinstance(status, int):\n            value_json = response.get('value', None)\n            if value_json and isinstance(value_json, str):\n                import json\n                try:\n                    value = json.loads(value_json)\n                    if len(value.keys()) == 1:\n                        value = value['value']\n                    status = value.get('error', None)\n                    if not status:\n                        status = value.get(\"status\", ErrorCode.UNKNOWN_ERROR)\n                        message = value.get(\"value\") or value.get(\"message\")\n                        if not isinstance(message, str):\n                            value = message\n                            message = message.get('message')\n                    else:\n                        message = value.get('message', None)\n                except ValueError:\n                    pass\n    \n        exception_class: Type[WebDriverException]\n        if status in ErrorCode.NO_SUCH_ELEMENT:\n            exception_class = NoSuchElementException\n        elif status in ErrorCode.NO_SUCH_FRAME:\n            exception_class = NoSuchFrameException\n        elif status in ErrorCode.NO_SUCH_SHADOW_ROOT:\n            exception_class = NoSuchShadowRootException\n        elif status in ErrorCode.NO_SUCH_WINDOW:\n            exception_class = NoSuchWindowException\n        elif status in ErrorCode.STALE_ELEMENT_REFERENCE:\n            exception_class = StaleElementReferenceException\n        elif status in ErrorCode.ELEMENT_NOT_VISIBLE:\n            exception_class = ElementNotVisibleException\n        elif status in ErrorCode.INVALID_ELEMENT_STATE:\n            exception_class = InvalidElementStateException\n        elif status in ErrorCode.INVALID_SELECTOR \\\n                or status in ErrorCode.INVALID_XPATH_SELECTOR \\\n                or status in ErrorCode.INVALID_XPATH_SELECTOR_RETURN_TYPER:\n            exception_class = InvalidSelectorException\n        elif status in ErrorCode.ELEMENT_IS_NOT_SELECTABLE:\n            exception_class = ElementNotSelectableException\n        elif status in ErrorCode.ELEMENT_NOT_INTERACTABLE:\n            exception_class = ElementNotInteractableException\n        elif status in ErrorCode.INVALID_COOKIE_DOMAIN:\n            exception_class = InvalidCookieDomainException\n        elif status in ErrorCode.UNABLE_TO_SET_COOKIE:\n            exception_class = UnableToSetCookieException\n        elif status in ErrorCode.TIMEOUT:\n            exception_class = TimeoutException\n        elif status in ErrorCode.SCRIPT_TIMEOUT:\n            exception_class = TimeoutException\n        elif status in ErrorCode.UNKNOWN_ERROR:\n            exception_class = WebDriverException\n        elif status in ErrorCode.UNEXPECTED_ALERT_OPEN:\n            exception_class = UnexpectedAlertPresentException\n        elif status in ErrorCode.NO_ALERT_OPEN:\n            exception_class = NoAlertPresentException\n        elif status in ErrorCode.IME_NOT_AVAILABLE:\n            exception_class = ImeNotAvailableException\n        elif status in ErrorCode.IME_ENGINE_ACTIVATION_FAILED:\n            exception_class = ImeActivationFailedException\n        elif status in ErrorCode.MOVE_TARGET_OUT_OF_BOUNDS:\n            exception_class = MoveTargetOutOfBoundsException\n        elif status in ErrorCode.JAVASCRIPT_ERROR:\n            exception_class = JavascriptException\n        elif status in ErrorCode.SESSION_NOT_CREATED:\n            exception_class = SessionNotCreatedException\n        elif status in ErrorCode.INVALID_ARGUMENT:\n            exception_class = InvalidArgumentException\n        elif status in ErrorCode.NO_SUCH_COOKIE:\n            exception_class = NoSuchCookieException\n        elif status in ErrorCode.UNABLE_TO_CAPTURE_SCREEN:\n            exception_class = ScreenshotException\n        elif status in ErrorCode.ELEMENT_CLICK_INTERCEPTED:\n            exception_class = ElementClickInterceptedException\n        elif status in ErrorCode.INSECURE_CERTIFICATE:\n            exception_class = InsecureCertificateException\n        elif status in ErrorCode.INVALID_COORDINATES:\n            exception_class = InvalidCoordinatesException\n        elif status in ErrorCode.INVALID_SESSION_ID:\n            exception_class = InvalidSessionIdException\n        elif status in ErrorCode.UNKNOWN_METHOD:\n            exception_class = UnknownMethodException\n        else:\n            exception_class = WebDriverException\n        if not value:\n            value = response['value']\n        if isinstance(value, str):\n            raise exception_class(value)\n        if message == \"\" and 'message' in value:\n            message = value['message']\n    \n        screen = None  # type: ignore[assignment]\n        if 'screen' in value:\n            screen = value['screen']\n    \n        stacktrace = None\n        st_value = value.get('stackTrace') or value.get('stacktrace')\n        if st_value:\n            if isinstance(st_value, str):\n                stacktrace = st_value.split('\\n')\n            else:\n                stacktrace = []\n                try:\n                    for frame in st_value:\n                        line = self._value_or_default(frame, 'lineNumber', '')\n                        file = self._value_or_default(frame, 'fileName', '<anonymous>')\n                        if line:\n                            file = \"%s:%s\" % (file, line)\n                        meth = self._value_or_default(frame, 'methodName', '<anonymous>')\n                        if 'className' in frame:\n                            meth = \"%s.%s\" % (frame['className'], meth)\n                        msg = \"    at %s (%s)\"\n                        msg = msg % (meth, file)\n                        stacktrace.append(msg)\n                except TypeError:\n                    pass\n        if exception_class == UnexpectedAlertPresentException:\n            alert_text = None\n            if 'data' in value:\n                alert_text = value['data'].get('text')\n            elif 'alert' in value:\n                alert_text = value['alert'].get('text')\n            raise exception_class(message, screen, stacktrace, alert_text)  # type: ignore[call-arg]  # mypy is not smart enough here\n>       raise exception_class(message, screen, stacktrace)\nE       selenium.common.exceptions.WebDriverException: Message: unknown error: Chrome failed to start: exited abnormally.\nE         (unknown error: DevToolsActivePort file doesn't exist)\nE         (The process started from chrome location /usr/bin/google-chrome is no longer running, so ChromeDriver is assuming that Chrome has crashed.)\nE       Stacktrace:\nE       #0 0x5580bc2ebad3 <unknown>\nE       #1 0x5580bc04b568 <unknown>\nE       #2 0x5580bc06eb37 <unknown>\nE       #3 0x5580bc06a23a <unknown>\nE       #4 0x5580bc0a52ba <unknown>\nE       #5 0x5580bc09f4e3 <unknown>\nE       #6 0x5580bc074d1a <unknown>\nE       #7 0x5580bc075e75 <unknown>\nE       #8 0x5580bc319efd <unknown>\nE       #9 0x5580bc33319b <unknown>\nE       #10 0x5580bc31bc65 <unknown>\nE       #11 0x5580bc333ec8 <unknown>\nE       #12 0x5580bc30f360 <unknown>\nE       #13 0x5580bc34fa68 <unknown>\nE       #14 0x5580bc34fbe8 <unknown>\nE       #15 0x5580bc3697fd <unknown>\nE       #16 0x7f855c67d609 <unknown>\n\n../../../.local/lib/python3.8/site-packages/selenium/webdriver/remote/errorhandler.py:247: WebDriverException",
  "flaky" : false,
  "newFailed" : false,
  "beforeStages" : [ {
    "name" : "app",
    "time" : {
      "start" : 1650908904732,
      "stop" : 1650908906197,
      "duration" : 1465
    },
    "status" : "broken",
    "statusMessage" : "selenium.common.exceptions.WebDriverException: Message: unknown error: Chrome failed to start: exited abnormally.\n  (unknown error: DevToolsActivePort file doesn't exist)\n  (The process started from chrome location /usr/bin/google-chrome is no longer running, so ChromeDriver is assuming that Chrome has crashed.)\nStacktrace:\n#0 0x5580bc2ebad3 <unknown>\n#1 0x5580bc04b568 <unknown>\n#2 0x5580bc06eb37 <unknown>\n#3 0x5580bc06a23a <unknown>\n#4 0x5580bc0a52ba <unknown>\n#5 0x5580bc09f4e3 <unknown>\n#6 0x5580bc074d1a <unknown>\n#7 0x5580bc075e75 <unknown>\n#8 0x5580bc319efd <unknown>\n#9 0x5580bc33319b <unknown>\n#10 0x5580bc31bc65 <unknown>\n#11 0x5580bc333ec8 <unknown>\n#12 0x5580bc30f360 <unknown>\n#13 0x5580bc34fa68 <unknown>\n#14 0x5580bc34fbe8 <unknown>\n#15 0x5580bc3697fd <unknown>\n#16 0x7f855c67d609 <unknown>\n\n",
    "statusTrace" : "  File \"/home/runner/.local/lib/python3.8/site-packages/pluggy/_callers.py\", line 39, in _multicall\n    res = hook_impl.function(*args)\n  File \"/home/runner/.local/lib/python3.8/site-packages/_pytest/fixtures.py\", line 1122, in pytest_fixture_setup\n    result = call_fixture_func(fixturefunc, request, kwargs)\n  File \"/home/runner/.local/lib/python3.8/site-packages/_pytest/fixtures.py\", line 917, in call_fixture_func\n    fixture_result = next(generator)\n  File \"/home/runner/work/Test_with_a_team/Test_with_a_team/conftest.py\", line 42, in app\n    driver = webdriver.Chrome(ChromeDriverManager().install(),\n  File \"/home/runner/.local/lib/python3.8/site-packages/selenium/webdriver/chrome/webdriver.py\", line 70, in __init__\n    super(WebDriver, self).__init__(DesiredCapabilities.CHROME['browserName'], \"goog\",\n  File \"/home/runner/.local/lib/python3.8/site-packages/selenium/webdriver/chromium/webdriver.py\", line 93, in __init__\n    RemoteWebDriver.__init__(\n  File \"/home/runner/.local/lib/python3.8/site-packages/selenium/webdriver/remote/webdriver.py\", line 269, in __init__\n    self.start_session(capabilities, browser_profile)\n  File \"/home/runner/.local/lib/python3.8/site-packages/selenium/webdriver/remote/webdriver.py\", line 360, in start_session\n    response = self.execute(Command.NEW_SESSION, parameters)\n  File \"/home/runner/.local/lib/python3.8/site-packages/selenium/webdriver/remote/webdriver.py\", line 425, in execute\n    self.error_handler.check_response(response)\n  File \"/home/runner/.local/lib/python3.8/site-packages/selenium/webdriver/remote/errorhandler.py\", line 247, in check_response\n    raise exception_class(message, screen, stacktrace)\n",
    "steps" : [ ],
    "attachments" : [ ],
    "parameters" : [ ],
    "stepsCount" : 0,
    "attachmentsCount" : 0,
    "shouldDisplayMessage" : true,
    "hasContent" : true
  }, {
    "name" : "_session_faker",
    "time" : {
      "start" : 1650908904720,
      "stop" : 1650908904732,
      "duration" : 12
    },
    "status" : "passed",
    "steps" : [ ],
    "attachments" : [ ],
    "parameters" : [ ],
    "stepsCount" : 0,
    "attachmentsCount" : 0,
    "shouldDisplayMessage" : false,
    "hasContent" : false
  } ],
  "afterStages" : [ ],
  "labels" : [ {
    "name" : "story",
    "value" : "Add to basket"
  }, {
    "name" : "feature",
    "value" : "Test main page"
  }, {
    "name" : "parentSuite",
    "value" : "test"
  }, {
    "name" : "suite",
    "value" : "test_main_page"
  }, {
    "name" : "subSuite",
    "value" : "TestMainPage"
  }, {
    "name" : "host",
    "value" : "fv-az290-985"
  }, {
    "name" : "thread",
    "value" : "2223-MainThread"
  }, {
    "name" : "framework",
    "value" : "pytest"
  }, {
    "name" : "language",
    "value" : "cpython3"
  }, {
    "name" : "package",
    "value" : "test.test_main_page"
  }, {
    "name" : "resultFormat",
    "value" : "allure2"
  } ],
  "parameters" : [ ],
  "links" : [ ],
  "hidden" : false,
  "retry" : false,
  "extra" : {
    "severity" : "normal",
    "retries" : [ ],
    "categories" : [ {
      "name" : "Test defects",
      "matchedStatuses" : [ ],
      "flaky" : false
    } ],
    "history" : {
      "statistic" : {
        "failed" : 0,
        "broken" : 10,
        "skipped" : 0,
        "passed" : 0,
        "unknown" : 0,
        "total" : 10
      },
      "items" : [ {
        "uid" : "8416cbb4f19a86f9",
        "reportUrl" : "https://ArkadiyVoronov.github.io/Test_with_a_team/15//#testresult/8416cbb4f19a86f9",
        "status" : "broken",
        "statusDetails" : "selenium.common.exceptions.WebDriverException: Message: unknown error: Chrome failed to start: exited abnormally.\n  (unknown error: DevToolsActivePort file doesn't exist)\n  (The process started from chrome location /usr/bin/google-chrome is no longer running, so ChromeDriver is assuming that Chrome has crashed.)\nStacktrace:\n#0 0x5640ef373ad3 <unknown>\n#1 0x5640ef0d3568 <unknown>\n#2 0x5640ef0f6b37 <unknown>\n#3 0x5640ef0f223a <unknown>\n#4 0x5640ef12d2ba <unknown>\n#5 0x5640ef1274e3 <unknown>\n#6 0x5640ef0fcd1a <unknown>\n#7 0x5640ef0fde75 <unknown>\n#8 0x5640ef3a1efd <unknown>\n#9 0x5640ef3bb19b <unknown>\n#10 0x5640ef3a3c65 <unknown>\n#11 0x5640ef3bbec8 <unknown>\n#12 0x5640ef397360 <unknown>\n#13 0x5640ef3d7a68 <unknown>\n#14 0x5640ef3d7be8 <unknown>\n#15 0x5640ef3f17fd <unknown>\n#16 0x7f528e9d6609 <unknown>",
        "time" : {
          "start" : 1650905706581,
          "stop" : 1650905706581,
          "duration" : 0
        }
      }, {
        "uid" : "590796eb0fb81ae4",
        "reportUrl" : "https://ArkadiyVoronov.github.io/Test_with_a_team/14//#testresult/590796eb0fb81ae4",
        "status" : "broken",
        "statusDetails" : "selenium.common.exceptions.WebDriverException: Message: unknown error: Chrome failed to start: exited abnormally.\n  (unknown error: DevToolsActivePort file doesn't exist)\n  (The process started from chrome location /usr/bin/google-chrome is no longer running, so ChromeDriver is assuming that Chrome has crashed.)\nStacktrace:\n#0 0x56035bb7dad3 <unknown>\n#1 0x56035b8dd568 <unknown>\n#2 0x56035b900b37 <unknown>\n#3 0x56035b8fc23a <unknown>\n#4 0x56035b9372ba <unknown>\n#5 0x56035b9314e3 <unknown>\n#6 0x56035b906d1a <unknown>\n#7 0x56035b907e75 <unknown>\n#8 0x56035bbabefd <unknown>\n#9 0x56035bbc519b <unknown>\n#10 0x56035bbadc65 <unknown>\n#11 0x56035bbc5ec8 <unknown>\n#12 0x56035bba1360 <unknown>\n#13 0x56035bbe1a68 <unknown>\n#14 0x56035bbe1be8 <unknown>\n#15 0x56035bbfb7fd <unknown>\n#16 0x7fc618d3e609 <unknown>",
        "time" : {
          "start" : 1650905596661,
          "stop" : 1650905596661,
          "duration" : 0
        }
      }, {
        "uid" : "ecae1c633be044a7",
        "reportUrl" : "https://ArkadiyVoronov.github.io/Test_with_a_team/13//#testresult/ecae1c633be044a7",
        "status" : "broken",
        "statusDetails" : "selenium.common.exceptions.WebDriverException: Message: unknown error: Chrome failed to start: exited abnormally.\n  (unknown error: DevToolsActivePort file doesn't exist)\n  (The process started from chrome location /usr/bin/google-chrome is no longer running, so ChromeDriver is assuming that Chrome has crashed.)\nStacktrace:\n#0 0x561e19e9aad3 <unknown>\n#1 0x561e19bfa568 <unknown>\n#2 0x561e19c1db37 <unknown>\n#3 0x561e19c1923a <unknown>\n#4 0x561e19c542ba <unknown>\n#5 0x561e19c4e4e3 <unknown>\n#6 0x561e19c23d1a <unknown>\n#7 0x561e19c24e75 <unknown>\n#8 0x561e19ec8efd <unknown>\n#9 0x561e19ee219b <unknown>\n#10 0x561e19ecac65 <unknown>\n#11 0x561e19ee2ec8 <unknown>\n#12 0x561e19ebe360 <unknown>\n#13 0x561e19efea68 <unknown>\n#14 0x561e19efebe8 <unknown>\n#15 0x561e19f187fd <unknown>\n#16 0x7f416755c609 <unknown>",
        "time" : {
          "start" : 1650903983023,
          "stop" : 1650903983023,
          "duration" : 0
        }
      }, {
        "uid" : "d755c48953b69a19",
        "reportUrl" : "https://ArkadiyVoronov.github.io/Test_with_a_team/12//#testresult/d755c48953b69a19",
        "status" : "broken",
        "statusDetails" : "selenium.common.exceptions.WebDriverException: Message: unknown error: Chrome failed to start: exited abnormally.\n  (unknown error: DevToolsActivePort file doesn't exist)\n  (The process started from chrome location /usr/bin/google-chrome is no longer running, so ChromeDriver is assuming that Chrome has crashed.)\nStacktrace:\n#0 0x55f8b03eaad3 <unknown>\n#1 0x55f8b014a568 <unknown>\n#2 0x55f8b016db37 <unknown>\n#3 0x55f8b016923a <unknown>\n#4 0x55f8b01a42ba <unknown>\n#5 0x55f8b019e4e3 <unknown>\n#6 0x55f8b0173d1a <unknown>\n#7 0x55f8b0174e75 <unknown>\n#8 0x55f8b0418efd <unknown>\n#9 0x55f8b043219b <unknown>\n#10 0x55f8b041ac65 <unknown>\n#11 0x55f8b0432ec8 <unknown>\n#12 0x55f8b040e360 <unknown>\n#13 0x55f8b044ea68 <unknown>\n#14 0x55f8b044ebe8 <unknown>\n#15 0x55f8b04687fd <unknown>\n#16 0x7f8f37fed609 <unknown>",
        "time" : {
          "start" : 1650903809978,
          "stop" : 1650903809978,
          "duration" : 0
        }
      }, {
        "uid" : "575f341790247a7d",
        "reportUrl" : "https://ArkadiyVoronov.github.io/Test_with_a_team/9//#testresult/575f341790247a7d",
        "status" : "broken",
        "statusDetails" : "selenium.common.exceptions.WebDriverException: Message: unknown error: Chrome failed to start: exited abnormally.\n  (unknown error: DevToolsActivePort file doesn't exist)\n  (The process started from chrome location /usr/bin/google-chrome is no longer running, so ChromeDriver is assuming that Chrome has crashed.)\nStacktrace:\n#0 0x55c814ac4ad3 <unknown>\n#1 0x55c814824568 <unknown>\n#2 0x55c814847b37 <unknown>\n#3 0x55c81484323a <unknown>\n#4 0x55c81487e2ba <unknown>\n#5 0x55c8148784e3 <unknown>\n#6 0x55c81484dd1a <unknown>\n#7 0x55c81484ee75 <unknown>\n#8 0x55c814af2efd <unknown>\n#9 0x55c814b0c19b <unknown>\n#10 0x55c814af4c65 <unknown>\n#11 0x55c814b0cec8 <unknown>\n#12 0x55c814ae8360 <unknown>\n#13 0x55c814b28a68 <unknown>\n#14 0x55c814b28be8 <unknown>\n#15 0x55c814b427fd <unknown>\n#16 0x7fe809a7a609 <unknown>",
        "time" : {
          "start" : 1650554009162,
          "stop" : 1650554009162,
          "duration" : 0
        }
      }, {
        "uid" : "3a23184b05edd953",
        "reportUrl" : "https://ArkadiyVoronov.github.io/Test_with_a_team/8//#testresult/3a23184b05edd953",
        "status" : "broken",
        "statusDetails" : "selenium.common.exceptions.WebDriverException: Message: unknown error: Chrome failed to start: exited abnormally.\n  (unknown error: DevToolsActivePort file doesn't exist)\n  (The process started from chrome location /usr/bin/google-chrome is no longer running, so ChromeDriver is assuming that Chrome has crashed.)\nStacktrace:\n#0 0x55b971bbead3 <unknown>\n#1 0x55b97191e568 <unknown>\n#2 0x55b971941b37 <unknown>\n#3 0x55b97193d23a <unknown>\n#4 0x55b9719782ba <unknown>\n#5 0x55b9719724e3 <unknown>\n#6 0x55b971947d1a <unknown>\n#7 0x55b971948e75 <unknown>\n#8 0x55b971becefd <unknown>\n#9 0x55b971c0619b <unknown>\n#10 0x55b971beec65 <unknown>\n#11 0x55b971c06ec8 <unknown>\n#12 0x55b971be2360 <unknown>\n#13 0x55b971c22a68 <unknown>\n#14 0x55b971c22be8 <unknown>\n#15 0x55b971c3c7fd <unknown>\n#16 0x7fbd8f485609 <unknown>",
        "time" : {
          "start" : 1650553932227,
          "stop" : 1650553932227,
          "duration" : 0
        }
      }, {
        "uid" : "c8125a20ec20ffe5",
        "reportUrl" : "https://ArkadiyVoronov.github.io/Test_with_a_team/7//#testresult/c8125a20ec20ffe5",
        "status" : "broken",
        "statusDetails" : "selenium.common.exceptions.WebDriverException: Message: unknown error: Chrome failed to start: exited abnormally.\n  (unknown error: DevToolsActivePort file doesn't exist)\n  (The process started from chrome location /usr/bin/google-chrome is no longer running, so ChromeDriver is assuming that Chrome has crashed.)\nStacktrace:\n#0 0x55ccf3373ad3 <unknown>\n#1 0x55ccf30d3568 <unknown>\n#2 0x55ccf30f6b37 <unknown>\n#3 0x55ccf30f223a <unknown>\n#4 0x55ccf312d2ba <unknown>\n#5 0x55ccf31274e3 <unknown>\n#6 0x55ccf30fcd1a <unknown>\n#7 0x55ccf30fde75 <unknown>\n#8 0x55ccf33a1efd <unknown>\n#9 0x55ccf33bb19b <unknown>\n#10 0x55ccf33a3c65 <unknown>\n#11 0x55ccf33bbec8 <unknown>\n#12 0x55ccf3397360 <unknown>\n#13 0x55ccf33d7a68 <unknown>\n#14 0x55ccf33d7be8 <unknown>\n#15 0x55ccf33f17fd <unknown>\n#16 0x7f03526a1609 <unknown>",
        "time" : {
          "start" : 1650553748240,
          "stop" : 1650553748240,
          "duration" : 0
        }
      }, {
        "uid" : "70cfdf8223655ee1",
        "reportUrl" : "https://ArkadiyVoronov.github.io/Test_with_a_team/6//#testresult/70cfdf8223655ee1",
        "status" : "broken",
        "statusDetails" : "selenium.common.exceptions.WebDriverException: Message: unknown error: Chrome failed to start: exited abnormally.\n  (unknown error: DevToolsActivePort file doesn't exist)\n  (The process started from chrome location /usr/bin/google-chrome is no longer running, so ChromeDriver is assuming that Chrome has crashed.)\nStacktrace:\n#0 0x558e8bb4dad3 <unknown>\n#1 0x558e8b8ad568 <unknown>\n#2 0x558e8b8d0b37 <unknown>\n#3 0x558e8b8cc23a <unknown>\n#4 0x558e8b9072ba <unknown>\n#5 0x558e8b9014e3 <unknown>\n#6 0x558e8b8d6d1a <unknown>\n#7 0x558e8b8d7e75 <unknown>\n#8 0x558e8bb7befd <unknown>\n#9 0x558e8bb9519b <unknown>\n#10 0x558e8bb7dc65 <unknown>\n#11 0x558e8bb95ec8 <unknown>\n#12 0x558e8bb71360 <unknown>\n#13 0x558e8bbb1a68 <unknown>\n#14 0x558e8bbb1be8 <unknown>\n#15 0x558e8bbcb7fd <unknown>\n#16 0x7f8882744609 <unknown>",
        "time" : {
          "start" : 1650553593637,
          "stop" : 1650553593637,
          "duration" : 0
        }
      }, {
        "uid" : "8b2ba7bf3b178a0e",
        "reportUrl" : "https://ArkadiyVoronov.github.io/Test_with_a_team/4//#testresult/8b2ba7bf3b178a0e",
        "status" : "broken",
        "statusDetails" : "selenium.common.exceptions.WebDriverException: Message: unknown error: Chrome failed to start: exited abnormally.\n  (unknown error: DevToolsActivePort file doesn't exist)\n  (The process started from chrome location /usr/bin/google-chrome is no longer running, so ChromeDriver is assuming that Chrome has crashed.)\nStacktrace:\n#0 0x562789dd3ad3 <unknown>\n#1 0x562789b33568 <unknown>\n#2 0x562789b56b37 <unknown>\n#3 0x562789b5223a <unknown>\n#4 0x562789b8d2ba <unknown>\n#5 0x562789b874e3 <unknown>\n#6 0x562789b5cd1a <unknown>\n#7 0x562789b5de75 <unknown>\n#8 0x562789e01efd <unknown>\n#9 0x562789e1b19b <unknown>\n#10 0x562789e03c65 <unknown>\n#11 0x562789e1bec8 <unknown>\n#12 0x562789df7360 <unknown>\n#13 0x562789e37a68 <unknown>\n#14 0x562789e37be8 <unknown>\n#15 0x562789e517fd <unknown>\n#16 0x7fb511fb6609 <unknown>",
        "time" : {
          "start" : 1650552891961,
          "stop" : 1650552891961,
          "duration" : 0
        }
      } ]
    },
    "tags" : [ ]
  },
  "source" : "e65f6ab84ea9748.json",
  "parameterValues" : [ ]
}