{
  "uid" : "f09e05a7d8da30ae",
  "name" : "test_empty_checkbox",
  "fullName" : "test.test_balance_page.TestBalancePage#test_empty_checkbox",
  "historyId" : "e9e903630e0aedbf5c98fae8cb3e9b82",
  "time" : {
    "start" : 1650908906404,
    "stop" : 1650908906404,
    "duration" : 0
  },
  "description" : "\n        Пополнение баланса без принятия правил(чекбокс).\n        ",
  "descriptionHtml" : "<pre><code>    Пополнение баланса без принятия правил(чекбокс).\n</code></pre>\n",
  "status" : "broken",
  "statusMessage" : "selenium.common.exceptions.WebDriverException: Message: unknown error: Chrome failed to start: exited abnormally.\n  (unknown error: DevToolsActivePort file doesn't exist)\n  (The process started from chrome location /usr/bin/google-chrome is no longer running, so ChromeDriver is assuming that Chrome has crashed.)\nStacktrace:\n#0 0x5580bc2ebad3 <unknown>\n#1 0x5580bc04b568 <unknown>\n#2 0x5580bc06eb37 <unknown>\n#3 0x5580bc06a23a <unknown>\n#4 0x5580bc0a52ba <unknown>\n#5 0x5580bc09f4e3 <unknown>\n#6 0x5580bc074d1a <unknown>\n#7 0x5580bc075e75 <unknown>\n#8 0x5580bc319efd <unknown>\n#9 0x5580bc33319b <unknown>\n#10 0x5580bc31bc65 <unknown>\n#11 0x5580bc333ec8 <unknown>\n#12 0x5580bc30f360 <unknown>\n#13 0x5580bc34fa68 <unknown>\n#14 0x5580bc34fbe8 <unknown>\n#15 0x5580bc3697fd <unknown>\n#16 0x7f855c67d609 <unknown>",
  "statusTrace" : "request = <SubRequest 'app' for <Function test_balance_transfer>>\n\n    @pytest.fixture(scope=\"session\")\n    def app(request):\n        base_url = \"https://berpress.github.io/react-shop/\"\n        url = request.config.getoption(\"--url\")\n        logger.info(f\"Start app on {url}\")\n        headless = request.config.getoption(\"--headless\")\n        report_dir = request.config.getoption(\"--alluredir\")\n        fixture = Application(base_url, report_dir, headless)\n        chrome_options = Options()\n        chrome_options.add_argument(\"window-size=1800,1080\")\n        if headless:\n            chrome_options.headless = True\n        else:\n            chrome_options.headless = False\n>       driver = webdriver.Chrome(ChromeDriverManager().install(),\n                                  options=chrome_options)\n\nconftest.py:42: \n_ _ _ _ _ _ _ _ _ _ _ _ _ _ _ _ _ _ _ _ _ _ _ _ _ _ _ _ _ _ _ _ _ _ _ _ _ _ _ _ \n../../../.local/lib/python3.8/site-packages/selenium/webdriver/chrome/webdriver.py:70: in __init__\n    super(WebDriver, self).__init__(DesiredCapabilities.CHROME['browserName'], \"goog\",\n../../../.local/lib/python3.8/site-packages/selenium/webdriver/chromium/webdriver.py:93: in __init__\n    RemoteWebDriver.__init__(\n../../../.local/lib/python3.8/site-packages/selenium/webdriver/remote/webdriver.py:269: in __init__\n    self.start_session(capabilities, browser_profile)\n../../../.local/lib/python3.8/site-packages/selenium/webdriver/remote/webdriver.py:360: in start_session\n    response = self.execute(Command.NEW_SESSION, parameters)\n../../../.local/lib/python3.8/site-packages/selenium/webdriver/remote/webdriver.py:425: in execute\n    self.error_handler.check_response(response)\n_ _ _ _ _ _ _ _ _ _ _ _ _ _ _ _ _ _ _ _ _ _ _ _ _ _ _ _ _ _ _ _ _ _ _ _ _ _ _ _ \n\nself = <selenium.webdriver.remote.errorhandler.ErrorHandler object at 0x7fc64a8f2160>\nresponse = {'status': 500, 'value': '{\"value\":{\"error\":\"unknown error\",\"message\":\"unknown error: Chrome failed to start: exited a...\\\\n#14 0x5580bc34fbe8 \\\\u003Cunknown>\\\\n#15 0x5580bc3697fd \\\\u003Cunknown>\\\\n#16 0x7f855c67d609 \\\\u003Cunknown>\\\\n\"}}'}\n\n    def check_response(self, response: Dict[str, Any]) -> None:\n        \"\"\"\n        Checks that a JSON response from the WebDriver does not have an error.\n    \n        :Args:\n         - response - The JSON response from the WebDriver server as a dictionary\n           object.\n    \n        :Raises: If the response contains an error message.\n        \"\"\"\n        status = response.get('status', None)\n        if not status or status == ErrorCode.SUCCESS:\n            return\n        value = None\n        message = response.get(\"message\", \"\")\n        screen: str = response.get(\"screen\", \"\")\n        stacktrace = None\n        if isinstance(status, int):\n            value_json = response.get('value', None)\n            if value_json and isinstance(value_json, str):\n                import json\n                try:\n                    value = json.loads(value_json)\n                    if len(value.keys()) == 1:\n                        value = value['value']\n                    status = value.get('error', None)\n                    if not status:\n                        status = value.get(\"status\", ErrorCode.UNKNOWN_ERROR)\n                        message = value.get(\"value\") or value.get(\"message\")\n                        if not isinstance(message, str):\n                            value = message\n                            message = message.get('message')\n                    else:\n                        message = value.get('message', None)\n                except ValueError:\n                    pass\n    \n        exception_class: Type[WebDriverException]\n        if status in ErrorCode.NO_SUCH_ELEMENT:\n            exception_class = NoSuchElementException\n        elif status in ErrorCode.NO_SUCH_FRAME:\n            exception_class = NoSuchFrameException\n        elif status in ErrorCode.NO_SUCH_SHADOW_ROOT:\n            exception_class = NoSuchShadowRootException\n        elif status in ErrorCode.NO_SUCH_WINDOW:\n            exception_class = NoSuchWindowException\n        elif status in ErrorCode.STALE_ELEMENT_REFERENCE:\n            exception_class = StaleElementReferenceException\n        elif status in ErrorCode.ELEMENT_NOT_VISIBLE:\n            exception_class = ElementNotVisibleException\n        elif status in ErrorCode.INVALID_ELEMENT_STATE:\n            exception_class = InvalidElementStateException\n        elif status in ErrorCode.INVALID_SELECTOR \\\n                or status in ErrorCode.INVALID_XPATH_SELECTOR \\\n                or status in ErrorCode.INVALID_XPATH_SELECTOR_RETURN_TYPER:\n            exception_class = InvalidSelectorException\n        elif status in ErrorCode.ELEMENT_IS_NOT_SELECTABLE:\n            exception_class = ElementNotSelectableException\n        elif status in ErrorCode.ELEMENT_NOT_INTERACTABLE:\n            exception_class = ElementNotInteractableException\n        elif status in ErrorCode.INVALID_COOKIE_DOMAIN:\n            exception_class = InvalidCookieDomainException\n        elif status in ErrorCode.UNABLE_TO_SET_COOKIE:\n            exception_class = UnableToSetCookieException\n        elif status in ErrorCode.TIMEOUT:\n            exception_class = TimeoutException\n        elif status in ErrorCode.SCRIPT_TIMEOUT:\n            exception_class = TimeoutException\n        elif status in ErrorCode.UNKNOWN_ERROR:\n            exception_class = WebDriverException\n        elif status in ErrorCode.UNEXPECTED_ALERT_OPEN:\n            exception_class = UnexpectedAlertPresentException\n        elif status in ErrorCode.NO_ALERT_OPEN:\n            exception_class = NoAlertPresentException\n        elif status in ErrorCode.IME_NOT_AVAILABLE:\n            exception_class = ImeNotAvailableException\n        elif status in ErrorCode.IME_ENGINE_ACTIVATION_FAILED:\n            exception_class = ImeActivationFailedException\n        elif status in ErrorCode.MOVE_TARGET_OUT_OF_BOUNDS:\n            exception_class = MoveTargetOutOfBoundsException\n        elif status in ErrorCode.JAVASCRIPT_ERROR:\n            exception_class = JavascriptException\n        elif status in ErrorCode.SESSION_NOT_CREATED:\n            exception_class = SessionNotCreatedException\n        elif status in ErrorCode.INVALID_ARGUMENT:\n            exception_class = InvalidArgumentException\n        elif status in ErrorCode.NO_SUCH_COOKIE:\n            exception_class = NoSuchCookieException\n        elif status in ErrorCode.UNABLE_TO_CAPTURE_SCREEN:\n            exception_class = ScreenshotException\n        elif status in ErrorCode.ELEMENT_CLICK_INTERCEPTED:\n            exception_class = ElementClickInterceptedException\n        elif status in ErrorCode.INSECURE_CERTIFICATE:\n            exception_class = InsecureCertificateException\n        elif status in ErrorCode.INVALID_COORDINATES:\n            exception_class = InvalidCoordinatesException\n        elif status in ErrorCode.INVALID_SESSION_ID:\n            exception_class = InvalidSessionIdException\n        elif status in ErrorCode.UNKNOWN_METHOD:\n            exception_class = UnknownMethodException\n        else:\n            exception_class = WebDriverException\n        if not value:\n            value = response['value']\n        if isinstance(value, str):\n            raise exception_class(value)\n        if message == \"\" and 'message' in value:\n            message = value['message']\n    \n        screen = None  # type: ignore[assignment]\n        if 'screen' in value:\n            screen = value['screen']\n    \n        stacktrace = None\n        st_value = value.get('stackTrace') or value.get('stacktrace')\n        if st_value:\n            if isinstance(st_value, str):\n                stacktrace = st_value.split('\\n')\n            else:\n                stacktrace = []\n                try:\n                    for frame in st_value:\n                        line = self._value_or_default(frame, 'lineNumber', '')\n                        file = self._value_or_default(frame, 'fileName', '<anonymous>')\n                        if line:\n                            file = \"%s:%s\" % (file, line)\n                        meth = self._value_or_default(frame, 'methodName', '<anonymous>')\n                        if 'className' in frame:\n                            meth = \"%s.%s\" % (frame['className'], meth)\n                        msg = \"    at %s (%s)\"\n                        msg = msg % (meth, file)\n                        stacktrace.append(msg)\n                except TypeError:\n                    pass\n        if exception_class == UnexpectedAlertPresentException:\n            alert_text = None\n            if 'data' in value:\n                alert_text = value['data'].get('text')\n            elif 'alert' in value:\n                alert_text = value['alert'].get('text')\n            raise exception_class(message, screen, stacktrace, alert_text)  # type: ignore[call-arg]  # mypy is not smart enough here\n>       raise exception_class(message, screen, stacktrace)\nE       selenium.common.exceptions.WebDriverException: Message: unknown error: Chrome failed to start: exited abnormally.\nE         (unknown error: DevToolsActivePort file doesn't exist)\nE         (The process started from chrome location /usr/bin/google-chrome is no longer running, so ChromeDriver is assuming that Chrome has crashed.)\nE       Stacktrace:\nE       #0 0x5580bc2ebad3 <unknown>\nE       #1 0x5580bc04b568 <unknown>\nE       #2 0x5580bc06eb37 <unknown>\nE       #3 0x5580bc06a23a <unknown>\nE       #4 0x5580bc0a52ba <unknown>\nE       #5 0x5580bc09f4e3 <unknown>\nE       #6 0x5580bc074d1a <unknown>\nE       #7 0x5580bc075e75 <unknown>\nE       #8 0x5580bc319efd <unknown>\nE       #9 0x5580bc33319b <unknown>\nE       #10 0x5580bc31bc65 <unknown>\nE       #11 0x5580bc333ec8 <unknown>\nE       #12 0x5580bc30f360 <unknown>\nE       #13 0x5580bc34fa68 <unknown>\nE       #14 0x5580bc34fbe8 <unknown>\nE       #15 0x5580bc3697fd <unknown>\nE       #16 0x7f855c67d609 <unknown>\n\n../../../.local/lib/python3.8/site-packages/selenium/webdriver/remote/errorhandler.py:247: WebDriverException",
  "flaky" : false,
  "newFailed" : false,
  "beforeStages" : [ {
    "name" : "app",
    "time" : {
      "start" : 1650908904732,
      "stop" : 1650908906197,
      "duration" : 1465
    },
    "status" : "broken",
    "statusMessage" : "selenium.common.exceptions.WebDriverException: Message: unknown error: Chrome failed to start: exited abnormally.\n  (unknown error: DevToolsActivePort file doesn't exist)\n  (The process started from chrome location /usr/bin/google-chrome is no longer running, so ChromeDriver is assuming that Chrome has crashed.)\nStacktrace:\n#0 0x5580bc2ebad3 <unknown>\n#1 0x5580bc04b568 <unknown>\n#2 0x5580bc06eb37 <unknown>\n#3 0x5580bc06a23a <unknown>\n#4 0x5580bc0a52ba <unknown>\n#5 0x5580bc09f4e3 <unknown>\n#6 0x5580bc074d1a <unknown>\n#7 0x5580bc075e75 <unknown>\n#8 0x5580bc319efd <unknown>\n#9 0x5580bc33319b <unknown>\n#10 0x5580bc31bc65 <unknown>\n#11 0x5580bc333ec8 <unknown>\n#12 0x5580bc30f360 <unknown>\n#13 0x5580bc34fa68 <unknown>\n#14 0x5580bc34fbe8 <unknown>\n#15 0x5580bc3697fd <unknown>\n#16 0x7f855c67d609 <unknown>\n\n",
    "statusTrace" : "  File \"/home/runner/.local/lib/python3.8/site-packages/pluggy/_callers.py\", line 39, in _multicall\n    res = hook_impl.function(*args)\n  File \"/home/runner/.local/lib/python3.8/site-packages/_pytest/fixtures.py\", line 1122, in pytest_fixture_setup\n    result = call_fixture_func(fixturefunc, request, kwargs)\n  File \"/home/runner/.local/lib/python3.8/site-packages/_pytest/fixtures.py\", line 917, in call_fixture_func\n    fixture_result = next(generator)\n  File \"/home/runner/work/Test_with_a_team/Test_with_a_team/conftest.py\", line 42, in app\n    driver = webdriver.Chrome(ChromeDriverManager().install(),\n  File \"/home/runner/.local/lib/python3.8/site-packages/selenium/webdriver/chrome/webdriver.py\", line 70, in __init__\n    super(WebDriver, self).__init__(DesiredCapabilities.CHROME['browserName'], \"goog\",\n  File \"/home/runner/.local/lib/python3.8/site-packages/selenium/webdriver/chromium/webdriver.py\", line 93, in __init__\n    RemoteWebDriver.__init__(\n  File \"/home/runner/.local/lib/python3.8/site-packages/selenium/webdriver/remote/webdriver.py\", line 269, in __init__\n    self.start_session(capabilities, browser_profile)\n  File \"/home/runner/.local/lib/python3.8/site-packages/selenium/webdriver/remote/webdriver.py\", line 360, in start_session\n    response = self.execute(Command.NEW_SESSION, parameters)\n  File \"/home/runner/.local/lib/python3.8/site-packages/selenium/webdriver/remote/webdriver.py\", line 425, in execute\n    self.error_handler.check_response(response)\n  File \"/home/runner/.local/lib/python3.8/site-packages/selenium/webdriver/remote/errorhandler.py\", line 247, in check_response\n    raise exception_class(message, screen, stacktrace)\n",
    "steps" : [ ],
    "attachments" : [ ],
    "parameters" : [ ],
    "stepsCount" : 0,
    "attachmentsCount" : 0,
    "shouldDisplayMessage" : true,
    "hasContent" : true
  }, {
    "name" : "_session_faker",
    "time" : {
      "start" : 1650908904720,
      "stop" : 1650908904732,
      "duration" : 12
    },
    "status" : "passed",
    "steps" : [ ],
    "attachments" : [ ],
    "parameters" : [ ],
    "stepsCount" : 0,
    "attachmentsCount" : 0,
    "shouldDisplayMessage" : false,
    "hasContent" : false
  } ],
  "afterStages" : [ ],
  "labels" : [ {
    "name" : "feature",
    "value" : "Test card"
  }, {
    "name" : "story",
    "value" : "Test balance"
  }, {
    "name" : "parentSuite",
    "value" : "test"
  }, {
    "name" : "suite",
    "value" : "test_balance_page"
  }, {
    "name" : "subSuite",
    "value" : "TestBalancePage"
  }, {
    "name" : "host",
    "value" : "fv-az290-985"
  }, {
    "name" : "thread",
    "value" : "2223-MainThread"
  }, {
    "name" : "framework",
    "value" : "pytest"
  }, {
    "name" : "language",
    "value" : "cpython3"
  }, {
    "name" : "package",
    "value" : "test.test_balance_page"
  }, {
    "name" : "resultFormat",
    "value" : "allure2"
  } ],
  "parameters" : [ ],
  "links" : [ ],
  "hidden" : false,
  "retry" : false,
  "extra" : {
    "severity" : "normal",
    "retries" : [ ],
    "categories" : [ {
      "name" : "Test defects",
      "matchedStatuses" : [ ],
      "flaky" : false
    } ],
    "history" : {
      "statistic" : {
        "failed" : 0,
        "broken" : 10,
        "skipped" : 0,
        "passed" : 0,
        "unknown" : 0,
        "total" : 10
      },
      "items" : [ {
        "uid" : "6719f4e969544870",
        "reportUrl" : "https://ArkadiyVoronov.github.io/Test_with_a_team/15//#testresult/6719f4e969544870",
        "status" : "broken",
        "statusDetails" : "selenium.common.exceptions.WebDriverException: Message: unknown error: Chrome failed to start: exited abnormally.\n  (unknown error: DevToolsActivePort file doesn't exist)\n  (The process started from chrome location /usr/bin/google-chrome is no longer running, so ChromeDriver is assuming that Chrome has crashed.)\nStacktrace:\n#0 0x5640ef373ad3 <unknown>\n#1 0x5640ef0d3568 <unknown>\n#2 0x5640ef0f6b37 <unknown>\n#3 0x5640ef0f223a <unknown>\n#4 0x5640ef12d2ba <unknown>\n#5 0x5640ef1274e3 <unknown>\n#6 0x5640ef0fcd1a <unknown>\n#7 0x5640ef0fde75 <unknown>\n#8 0x5640ef3a1efd <unknown>\n#9 0x5640ef3bb19b <unknown>\n#10 0x5640ef3a3c65 <unknown>\n#11 0x5640ef3bbec8 <unknown>\n#12 0x5640ef397360 <unknown>\n#13 0x5640ef3d7a68 <unknown>\n#14 0x5640ef3d7be8 <unknown>\n#15 0x5640ef3f17fd <unknown>\n#16 0x7f528e9d6609 <unknown>",
        "time" : {
          "start" : 1650905706324,
          "stop" : 1650905706324,
          "duration" : 0
        }
      }, {
        "uid" : "d3251962c93ced25",
        "reportUrl" : "https://ArkadiyVoronov.github.io/Test_with_a_team/14//#testresult/d3251962c93ced25",
        "status" : "broken",
        "statusDetails" : "selenium.common.exceptions.WebDriverException: Message: unknown error: Chrome failed to start: exited abnormally.\n  (unknown error: DevToolsActivePort file doesn't exist)\n  (The process started from chrome location /usr/bin/google-chrome is no longer running, so ChromeDriver is assuming that Chrome has crashed.)\nStacktrace:\n#0 0x56035bb7dad3 <unknown>\n#1 0x56035b8dd568 <unknown>\n#2 0x56035b900b37 <unknown>\n#3 0x56035b8fc23a <unknown>\n#4 0x56035b9372ba <unknown>\n#5 0x56035b9314e3 <unknown>\n#6 0x56035b906d1a <unknown>\n#7 0x56035b907e75 <unknown>\n#8 0x56035bbabefd <unknown>\n#9 0x56035bbc519b <unknown>\n#10 0x56035bbadc65 <unknown>\n#11 0x56035bbc5ec8 <unknown>\n#12 0x56035bba1360 <unknown>\n#13 0x56035bbe1a68 <unknown>\n#14 0x56035bbe1be8 <unknown>\n#15 0x56035bbfb7fd <unknown>\n#16 0x7fc618d3e609 <unknown>",
        "time" : {
          "start" : 1650905596424,
          "stop" : 1650905596424,
          "duration" : 0
        }
      }, {
        "uid" : "db07462b3ec832e3",
        "reportUrl" : "https://ArkadiyVoronov.github.io/Test_with_a_team/13//#testresult/db07462b3ec832e3",
        "status" : "broken",
        "statusDetails" : "selenium.common.exceptions.WebDriverException: Message: unknown error: Chrome failed to start: exited abnormally.\n  (unknown error: DevToolsActivePort file doesn't exist)\n  (The process started from chrome location /usr/bin/google-chrome is no longer running, so ChromeDriver is assuming that Chrome has crashed.)\nStacktrace:\n#0 0x564ea51e9ad3 <unknown>\n#1 0x564ea4f49568 <unknown>\n#2 0x564ea4f6cb37 <unknown>\n#3 0x564ea4f6823a <unknown>\n#4 0x564ea4fa32ba <unknown>\n#5 0x564ea4f9d4e3 <unknown>\n#6 0x564ea4f72d1a <unknown>\n#7 0x564ea4f73e75 <unknown>\n#8 0x564ea5217efd <unknown>\n#9 0x564ea523119b <unknown>\n#10 0x564ea5219c65 <unknown>\n#11 0x564ea5231ec8 <unknown>\n#12 0x564ea520d360 <unknown>\n#13 0x564ea524da68 <unknown>\n#14 0x564ea524dbe8 <unknown>\n#15 0x564ea52677fd <unknown>\n#16 0x7fba5892c609 <unknown>",
        "time" : {
          "start" : 1650903978071,
          "stop" : 1650903978071,
          "duration" : 0
        }
      }, {
        "uid" : "dbff94e747b2332c",
        "reportUrl" : "https://ArkadiyVoronov.github.io/Test_with_a_team/12//#testresult/dbff94e747b2332c",
        "status" : "broken",
        "statusDetails" : "selenium.common.exceptions.WebDriverException: Message: unknown error: Chrome failed to start: exited abnormally.\n  (unknown error: DevToolsActivePort file doesn't exist)\n  (The process started from chrome location /usr/bin/google-chrome is no longer running, so ChromeDriver is assuming that Chrome has crashed.)\nStacktrace:\n#0 0x56543a864ad3 <unknown>\n#1 0x56543a5c4568 <unknown>\n#2 0x56543a5e7b37 <unknown>\n#3 0x56543a5e323a <unknown>\n#4 0x56543a61e2ba <unknown>\n#5 0x56543a6184e3 <unknown>\n#6 0x56543a5edd1a <unknown>\n#7 0x56543a5eee75 <unknown>\n#8 0x56543a892efd <unknown>\n#9 0x56543a8ac19b <unknown>\n#10 0x56543a894c65 <unknown>\n#11 0x56543a8acec8 <unknown>\n#12 0x56543a888360 <unknown>\n#13 0x56543a8c8a68 <unknown>\n#14 0x56543a8c8be8 <unknown>\n#15 0x56543a8e27fd <unknown>\n#16 0x7f950d298609 <unknown>",
        "time" : {
          "start" : 1650903805031,
          "stop" : 1650903805031,
          "duration" : 0
        }
      }, {
        "uid" : "6492b606b2325b84",
        "reportUrl" : "https://ArkadiyVoronov.github.io/Test_with_a_team/9//#testresult/6492b606b2325b84",
        "status" : "broken",
        "statusDetails" : "selenium.common.exceptions.WebDriverException: Message: unknown error: Chrome failed to start: exited abnormally.\n  (unknown error: DevToolsActivePort file doesn't exist)\n  (The process started from chrome location /usr/bin/google-chrome is no longer running, so ChromeDriver is assuming that Chrome has crashed.)\nStacktrace:\n#0 0x55a8f7d24ad3 <unknown>\n#1 0x55a8f7a84568 <unknown>\n#2 0x55a8f7aa7b37 <unknown>\n#3 0x55a8f7aa323a <unknown>\n#4 0x55a8f7ade2ba <unknown>\n#5 0x55a8f7ad84e3 <unknown>\n#6 0x55a8f7aadd1a <unknown>\n#7 0x55a8f7aaee75 <unknown>\n#8 0x55a8f7d52efd <unknown>\n#9 0x55a8f7d6c19b <unknown>\n#10 0x55a8f7d54c65 <unknown>\n#11 0x55a8f7d6cec8 <unknown>\n#12 0x55a8f7d48360 <unknown>\n#13 0x55a8f7d88a68 <unknown>\n#14 0x55a8f7d88be8 <unknown>\n#15 0x55a8f7da27fd <unknown>\n#16 0x7f54a97ba609 <unknown>",
        "time" : {
          "start" : 1650554004169,
          "stop" : 1650554004169,
          "duration" : 0
        }
      }, {
        "uid" : "786145ee7be029aa",
        "reportUrl" : "https://ArkadiyVoronov.github.io/Test_with_a_team/8//#testresult/786145ee7be029aa",
        "status" : "broken",
        "statusDetails" : "selenium.common.exceptions.WebDriverException: Message: unknown error: Chrome failed to start: exited abnormally.\n  (unknown error: DevToolsActivePort file doesn't exist)\n  (The process started from chrome location /usr/bin/google-chrome is no longer running, so ChromeDriver is assuming that Chrome has crashed.)\nStacktrace:\n#0 0x5563f3e6fad3 <unknown>\n#1 0x5563f3bcf568 <unknown>\n#2 0x5563f3bf2b37 <unknown>\n#3 0x5563f3bee23a <unknown>\n#4 0x5563f3c292ba <unknown>\n#5 0x5563f3c234e3 <unknown>\n#6 0x5563f3bf8d1a <unknown>\n#7 0x5563f3bf9e75 <unknown>\n#8 0x5563f3e9defd <unknown>\n#9 0x5563f3eb719b <unknown>\n#10 0x5563f3e9fc65 <unknown>\n#11 0x5563f3eb7ec8 <unknown>\n#12 0x5563f3e93360 <unknown>\n#13 0x5563f3ed3a68 <unknown>\n#14 0x5563f3ed3be8 <unknown>\n#15 0x5563f3eed7fd <unknown>\n#16 0x7f39fc8c2609 <unknown>",
        "time" : {
          "start" : 1650553927401,
          "stop" : 1650553927401,
          "duration" : 0
        }
      }, {
        "uid" : "b98de3abfaa81fe",
        "reportUrl" : "https://ArkadiyVoronov.github.io/Test_with_a_team/7//#testresult/b98de3abfaa81fe",
        "status" : "broken",
        "statusDetails" : "selenium.common.exceptions.WebDriverException: Message: unknown error: Chrome failed to start: exited abnormally.\n  (unknown error: DevToolsActivePort file doesn't exist)\n  (The process started from chrome location /usr/bin/google-chrome is no longer running, so ChromeDriver is assuming that Chrome has crashed.)\nStacktrace:\n#0 0x56515a74bad3 <unknown>\n#1 0x56515a4ab568 <unknown>\n#2 0x56515a4ceb37 <unknown>\n#3 0x56515a4ca23a <unknown>\n#4 0x56515a5052ba <unknown>\n#5 0x56515a4ff4e3 <unknown>\n#6 0x56515a4d4d1a <unknown>\n#7 0x56515a4d5e75 <unknown>\n#8 0x56515a779efd <unknown>\n#9 0x56515a79319b <unknown>\n#10 0x56515a77bc65 <unknown>\n#11 0x56515a793ec8 <unknown>\n#12 0x56515a76f360 <unknown>\n#13 0x56515a7afa68 <unknown>\n#14 0x56515a7afbe8 <unknown>\n#15 0x56515a7c97fd <unknown>\n#16 0x7f5c1f6d2609 <unknown>",
        "time" : {
          "start" : 1650553743489,
          "stop" : 1650553743489,
          "duration" : 0
        }
      }, {
        "uid" : "c316743b125d9ea2",
        "reportUrl" : "https://ArkadiyVoronov.github.io/Test_with_a_team/6//#testresult/c316743b125d9ea2",
        "status" : "broken",
        "statusDetails" : "selenium.common.exceptions.WebDriverException: Message: unknown error: Chrome failed to start: exited abnormally.\n  (unknown error: DevToolsActivePort file doesn't exist)\n  (The process started from chrome location /usr/bin/google-chrome is no longer running, so ChromeDriver is assuming that Chrome has crashed.)\nStacktrace:\n#0 0x562bc0329ad3 <unknown>\n#1 0x562bc0089568 <unknown>\n#2 0x562bc00acb37 <unknown>\n#3 0x562bc00a823a <unknown>\n#4 0x562bc00e32ba <unknown>\n#5 0x562bc00dd4e3 <unknown>\n#6 0x562bc00b2d1a <unknown>\n#7 0x562bc00b3e75 <unknown>\n#8 0x562bc0357efd <unknown>\n#9 0x562bc037119b <unknown>\n#10 0x562bc0359c65 <unknown>\n#11 0x562bc0371ec8 <unknown>\n#12 0x562bc034d360 <unknown>\n#13 0x562bc038da68 <unknown>\n#14 0x562bc038dbe8 <unknown>\n#15 0x562bc03a77fd <unknown>\n#16 0x7f122209d609 <unknown>",
        "time" : {
          "start" : 1650553588488,
          "stop" : 1650553588488,
          "duration" : 0
        }
      }, {
        "uid" : "8510157d20bd444",
        "reportUrl" : "https://ArkadiyVoronov.github.io/Test_with_a_team/4//#testresult/8510157d20bd444",
        "status" : "broken",
        "statusDetails" : "selenium.common.exceptions.WebDriverException: Message: unknown error: Chrome failed to start: exited abnormally.\n  (unknown error: DevToolsActivePort file doesn't exist)\n  (The process started from chrome location /usr/bin/google-chrome is no longer running, so ChromeDriver is assuming that Chrome has crashed.)\nStacktrace:\n#0 0x5600dad1aad3 <unknown>\n#1 0x5600daa7a568 <unknown>\n#2 0x5600daa9db37 <unknown>\n#3 0x5600daa9923a <unknown>\n#4 0x5600daad42ba <unknown>\n#5 0x5600daace4e3 <unknown>\n#6 0x5600daaa3d1a <unknown>\n#7 0x5600daaa4e75 <unknown>\n#8 0x5600dad48efd <unknown>\n#9 0x5600dad6219b <unknown>\n#10 0x5600dad4ac65 <unknown>\n#11 0x5600dad62ec8 <unknown>\n#12 0x5600dad3e360 <unknown>\n#13 0x5600dad7ea68 <unknown>\n#14 0x5600dad7ebe8 <unknown>\n#15 0x5600dad987fd <unknown>\n#16 0x7f942b6be609 <unknown>",
        "time" : {
          "start" : 1650552886796,
          "stop" : 1650552886796,
          "duration" : 0
        }
      } ]
    },
    "tags" : [ ]
  },
  "source" : "f09e05a7d8da30ae.json",
  "parameterValues" : [ ]
}