{
  "7089706b72c53a65ac161ee0629b6b0c" : {
    "statistic" : {
      "failed" : 0,
      "broken" : 4,
      "skipped" : 0,
      "passed" : 0,
      "unknown" : 0,
      "total" : 4
    },
    "items" : [ {
      "uid" : "d1840442f79675f3",
      "reportUrl" : "https://ArkadiyVoronov.github.io/Test_with_a_team/8//#testresult/d1840442f79675f3",
      "status" : "broken",
      "statusDetails" : "selenium.common.exceptions.WebDriverException: Message: unknown error: Chrome failed to start: exited abnormally.\n  (unknown error: DevToolsActivePort file doesn't exist)\n  (The process started from chrome location /usr/bin/google-chrome is no longer running, so ChromeDriver is assuming that Chrome has crashed.)\nStacktrace:\n#0 0x55cca1b91ad3 <unknown>\n#1 0x55cca18f1568 <unknown>\n#2 0x55cca1914b37 <unknown>\n#3 0x55cca191023a <unknown>\n#4 0x55cca194b2ba <unknown>\n#5 0x55cca19454e3 <unknown>\n#6 0x55cca191ad1a <unknown>\n#7 0x55cca191be75 <unknown>\n#8 0x55cca1bbfefd <unknown>\n#9 0x55cca1bd919b <unknown>\n#10 0x55cca1bc1c65 <unknown>\n#11 0x55cca1bd9ec8 <unknown>\n#12 0x55cca1bb5360 <unknown>\n#13 0x55cca1bf5a68 <unknown>\n#14 0x55cca1bf5be8 <unknown>\n#15 0x55cca1c0f7fd <unknown>\n#16 0x7efd8e21b609 <unknown>",
      "time" : {
        "start" : 1650553934048,
        "stop" : 1650553934048,
        "duration" : 0
      }
    }, {
      "uid" : "e6320c348d415328",
      "reportUrl" : "https://ArkadiyVoronov.github.io/Test_with_a_team/7//#testresult/e6320c348d415328",
      "status" : "broken",
      "statusDetails" : "selenium.common.exceptions.WebDriverException: Message: unknown error: Chrome failed to start: exited abnormally.\n  (unknown error: DevToolsActivePort file doesn't exist)\n  (The process started from chrome location /usr/bin/google-chrome is no longer running, so ChromeDriver is assuming that Chrome has crashed.)\nStacktrace:\n#0 0x563f99601ad3 <unknown>\n#1 0x563f99361568 <unknown>\n#2 0x563f99384b37 <unknown>\n#3 0x563f9938023a <unknown>\n#4 0x563f993bb2ba <unknown>\n#5 0x563f993b54e3 <unknown>\n#6 0x563f9938ad1a <unknown>\n#7 0x563f9938be75 <unknown>\n#8 0x563f9962fefd <unknown>\n#9 0x563f9964919b <unknown>\n#10 0x563f99631c65 <unknown>\n#11 0x563f99649ec8 <unknown>\n#12 0x563f99625360 <unknown>\n#13 0x563f99665a68 <unknown>\n#14 0x563f99665be8 <unknown>\n#15 0x563f9967f7fd <unknown>\n#16 0x7f33cc9fc609 <unknown>",
      "time" : {
        "start" : 1650553750038,
        "stop" : 1650553750038,
        "duration" : 0
      }
    }, {
      "uid" : "3d8d848498b22003",
      "reportUrl" : "https://ArkadiyVoronov.github.io/Test_with_a_team/6//#testresult/3d8d848498b22003",
      "status" : "broken",
      "statusDetails" : "selenium.common.exceptions.WebDriverException: Message: unknown error: Chrome failed to start: exited abnormally.\n  (unknown error: DevToolsActivePort file doesn't exist)\n  (The process started from chrome location /usr/bin/google-chrome is no longer running, so ChromeDriver is assuming that Chrome has crashed.)\nStacktrace:\n#0 0x55a9931c7ad3 <unknown>\n#1 0x55a992f27568 <unknown>\n#2 0x55a992f4ab37 <unknown>\n#3 0x55a992f4623a <unknown>\n#4 0x55a992f812ba <unknown>\n#5 0x55a992f7b4e3 <unknown>\n#6 0x55a992f50d1a <unknown>\n#7 0x55a992f51e75 <unknown>\n#8 0x55a9931f5efd <unknown>\n#9 0x55a99320f19b <unknown>\n#10 0x55a9931f7c65 <unknown>\n#11 0x55a99320fec8 <unknown>\n#12 0x55a9931eb360 <unknown>\n#13 0x55a99322ba68 <unknown>\n#14 0x55a99322bbe8 <unknown>\n#15 0x55a9932457fd <unknown>\n#16 0x7faf2a590609 <unknown>",
      "time" : {
        "start" : 1650553595629,
        "stop" : 1650553595629,
        "duration" : 0
      }
    }, {
      "uid" : "724d8a7f7c289e72",
      "reportUrl" : "https://ArkadiyVoronov.github.io/Test_with_a_team/4//#testresult/724d8a7f7c289e72",
      "status" : "broken",
      "statusDetails" : "selenium.common.exceptions.WebDriverException: Message: unknown error: Chrome failed to start: exited abnormally.\n  (unknown error: DevToolsActivePort file doesn't exist)\n  (The process started from chrome location /usr/bin/google-chrome is no longer running, so ChromeDriver is assuming that Chrome has crashed.)\nStacktrace:\n#0 0x56254ab1fad3 <unknown>\n#1 0x56254a87f568 <unknown>\n#2 0x56254a8a2b37 <unknown>\n#3 0x56254a89e23a <unknown>\n#4 0x56254a8d92ba <unknown>\n#5 0x56254a8d34e3 <unknown>\n#6 0x56254a8a8d1a <unknown>\n#7 0x56254a8a9e75 <unknown>\n#8 0x56254ab4defd <unknown>\n#9 0x56254ab6719b <unknown>\n#10 0x56254ab4fc65 <unknown>\n#11 0x56254ab67ec8 <unknown>\n#12 0x56254ab43360 <unknown>\n#13 0x56254ab83a68 <unknown>\n#14 0x56254ab83be8 <unknown>\n#15 0x56254ab9d7fd <unknown>\n#16 0x7fc8158a0609 <unknown>",
      "time" : {
        "start" : 1650552893947,
        "stop" : 1650552893947,
        "duration" : 0
      }
    } ]
  },
  "09b650026b167d1bbd53af708590c677" : {
    "statistic" : {
      "failed" : 0,
      "broken" : 4,
      "skipped" : 0,
      "passed" : 0,
      "unknown" : 0,
      "total" : 4
    },
    "items" : [ {
      "uid" : "1577b0717d91d1d7",
      "reportUrl" : "https://ArkadiyVoronov.github.io/Test_with_a_team/8//#testresult/1577b0717d91d1d7",
      "status" : "broken",
      "statusDetails" : "selenium.common.exceptions.WebDriverException: Message: unknown error: Chrome failed to start: exited abnormally.\n  (unknown error: DevToolsActivePort file doesn't exist)\n  (The process started from chrome location /usr/bin/google-chrome is no longer running, so ChromeDriver is assuming that Chrome has crashed.)\nStacktrace:\n#0 0x56105f3e2ad3 <unknown>\n#1 0x56105f142568 <unknown>\n#2 0x56105f165b37 <unknown>\n#3 0x56105f16123a <unknown>\n#4 0x56105f19c2ba <unknown>\n#5 0x56105f1964e3 <unknown>\n#6 0x56105f16bd1a <unknown>\n#7 0x56105f16ce75 <unknown>\n#8 0x56105f410efd <unknown>\n#9 0x56105f42a19b <unknown>\n#10 0x56105f412c65 <unknown>\n#11 0x56105f42aec8 <unknown>\n#12 0x56105f406360 <unknown>\n#13 0x56105f446a68 <unknown>\n#14 0x56105f446be8 <unknown>\n#15 0x56105f4607fd <unknown>\n#16 0x7f3e3cdaf609 <unknown>",
      "time" : {
        "start" : 1650553925880,
        "stop" : 1650553925880,
        "duration" : 0
      }
    }, {
      "uid" : "4948679e3e2c3f1",
      "reportUrl" : "https://ArkadiyVoronov.github.io/Test_with_a_team/7//#testresult/4948679e3e2c3f1",
      "status" : "broken",
      "statusDetails" : "selenium.common.exceptions.WebDriverException: Message: unknown error: Chrome failed to start: exited abnormally.\n  (unknown error: DevToolsActivePort file doesn't exist)\n  (The process started from chrome location /usr/bin/google-chrome is no longer running, so ChromeDriver is assuming that Chrome has crashed.)\nStacktrace:\n#0 0x55bfd660ead3 <unknown>\n#1 0x55bfd636e568 <unknown>\n#2 0x55bfd6391b37 <unknown>\n#3 0x55bfd638d23a <unknown>\n#4 0x55bfd63c82ba <unknown>\n#5 0x55bfd63c24e3 <unknown>\n#6 0x55bfd6397d1a <unknown>\n#7 0x55bfd6398e75 <unknown>\n#8 0x55bfd663cefd <unknown>\n#9 0x55bfd665619b <unknown>\n#10 0x55bfd663ec65 <unknown>\n#11 0x55bfd6656ec8 <unknown>\n#12 0x55bfd6632360 <unknown>\n#13 0x55bfd6672a68 <unknown>\n#14 0x55bfd6672be8 <unknown>\n#15 0x55bfd668c7fd <unknown>\n#16 0x7f1e9c6c6609 <unknown>",
      "time" : {
        "start" : 1650553742019,
        "stop" : 1650553742019,
        "duration" : 0
      }
    }, {
      "uid" : "a374752bda2acfec",
      "reportUrl" : "https://ArkadiyVoronov.github.io/Test_with_a_team/6//#testresult/a374752bda2acfec",
      "status" : "broken",
      "statusDetails" : "selenium.common.exceptions.WebDriverException: Message: unknown error: Chrome failed to start: exited abnormally.\n  (unknown error: DevToolsActivePort file doesn't exist)\n  (The process started from chrome location /usr/bin/google-chrome is no longer running, so ChromeDriver is assuming that Chrome has crashed.)\nStacktrace:\n#0 0x55be56dc4ad3 <unknown>\n#1 0x55be56b24568 <unknown>\n#2 0x55be56b47b37 <unknown>\n#3 0x55be56b4323a <unknown>\n#4 0x55be56b7e2ba <unknown>\n#5 0x55be56b784e3 <unknown>\n#6 0x55be56b4dd1a <unknown>\n#7 0x55be56b4ee75 <unknown>\n#8 0x55be56df2efd <unknown>\n#9 0x55be56e0c19b <unknown>\n#10 0x55be56df4c65 <unknown>\n#11 0x55be56e0cec8 <unknown>\n#12 0x55be56de8360 <unknown>\n#13 0x55be56e28a68 <unknown>\n#14 0x55be56e28be8 <unknown>\n#15 0x55be56e427fd <unknown>\n#16 0x7f9021e89609 <unknown>",
      "time" : {
        "start" : 1650553586877,
        "stop" : 1650553586877,
        "duration" : 0
      }
    }, {
      "uid" : "6f7a361609e00d87",
      "reportUrl" : "https://ArkadiyVoronov.github.io/Test_with_a_team/4//#testresult/6f7a361609e00d87",
      "status" : "broken",
      "statusDetails" : "selenium.common.exceptions.WebDriverException: Message: unknown error: Chrome failed to start: exited abnormally.\n  (unknown error: DevToolsActivePort file doesn't exist)\n  (The process started from chrome location /usr/bin/google-chrome is no longer running, so ChromeDriver is assuming that Chrome has crashed.)\nStacktrace:\n#0 0x55f32ffbbad3 <unknown>\n#1 0x55f32fd1b568 <unknown>\n#2 0x55f32fd3eb37 <unknown>\n#3 0x55f32fd3a23a <unknown>\n#4 0x55f32fd752ba <unknown>\n#5 0x55f32fd6f4e3 <unknown>\n#6 0x55f32fd44d1a <unknown>\n#7 0x55f32fd45e75 <unknown>\n#8 0x55f32ffe9efd <unknown>\n#9 0x55f33000319b <unknown>\n#10 0x55f32ffebc65 <unknown>\n#11 0x55f330003ec8 <unknown>\n#12 0x55f32ffdf360 <unknown>\n#13 0x55f33001fa68 <unknown>\n#14 0x55f33001fbe8 <unknown>\n#15 0x55f3300397fd <unknown>\n#16 0x7f02f26df609 <unknown>",
      "time" : {
        "start" : 1650552885259,
        "stop" : 1650552885259,
        "duration" : 0
      }
    } ]
  },
  "3b11f6ebdbf93b807f38902b52cb92e1" : {
    "statistic" : {
      "failed" : 0,
      "broken" : 4,
      "skipped" : 0,
      "passed" : 0,
      "unknown" : 0,
      "total" : 4
    },
    "items" : [ {
      "uid" : "6c53877b1e4f83f5",
      "reportUrl" : "https://ArkadiyVoronov.github.io/Test_with_a_team/8//#testresult/6c53877b1e4f83f5",
      "status" : "broken",
      "statusDetails" : "selenium.common.exceptions.WebDriverException: Message: unknown error: Chrome failed to start: exited abnormally.\n  (unknown error: DevToolsActivePort file doesn't exist)\n  (The process started from chrome location /usr/bin/google-chrome is no longer running, so ChromeDriver is assuming that Chrome has crashed.)\nStacktrace:\n#0 0x5650427e6ad3 <unknown>\n#1 0x565042546568 <unknown>\n#2 0x565042569b37 <unknown>\n#3 0x56504256523a <unknown>\n#4 0x5650425a02ba <unknown>\n#5 0x56504259a4e3 <unknown>\n#6 0x56504256fd1a <unknown>\n#7 0x565042570e75 <unknown>\n#8 0x565042814efd <unknown>\n#9 0x56504282e19b <unknown>\n#10 0x565042816c65 <unknown>\n#11 0x56504282eec8 <unknown>\n#12 0x56504280a360 <unknown>\n#13 0x56504284aa68 <unknown>\n#14 0x56504284abe8 <unknown>\n#15 0x5650428647fd <unknown>\n#16 0x7f4283b05609 <unknown>",
      "time" : {
        "start" : 1650553931482,
        "stop" : 1650553931482,
        "duration" : 0
      }
    }, {
      "uid" : "248fa71d56af40ba",
      "reportUrl" : "https://ArkadiyVoronov.github.io/Test_with_a_team/7//#testresult/248fa71d56af40ba",
      "status" : "broken",
      "statusDetails" : "selenium.common.exceptions.WebDriverException: Message: unknown error: Chrome failed to start: exited abnormally.\n  (unknown error: DevToolsActivePort file doesn't exist)\n  (The process started from chrome location /usr/bin/google-chrome is no longer running, so ChromeDriver is assuming that Chrome has crashed.)\nStacktrace:\n#0 0x55fa9af84ad3 <unknown>\n#1 0x55fa9ace4568 <unknown>\n#2 0x55fa9ad07b37 <unknown>\n#3 0x55fa9ad0323a <unknown>\n#4 0x55fa9ad3e2ba <unknown>\n#5 0x55fa9ad384e3 <unknown>\n#6 0x55fa9ad0dd1a <unknown>\n#7 0x55fa9ad0ee75 <unknown>\n#8 0x55fa9afb2efd <unknown>\n#9 0x55fa9afcc19b <unknown>\n#10 0x55fa9afb4c65 <unknown>\n#11 0x55fa9afccec8 <unknown>\n#12 0x55fa9afa8360 <unknown>\n#13 0x55fa9afe8a68 <unknown>\n#14 0x55fa9afe8be8 <unknown>\n#15 0x55fa9b0027fd <unknown>\n#16 0x7f9e89867609 <unknown>",
      "time" : {
        "start" : 1650553747505,
        "stop" : 1650553747505,
        "duration" : 0
      }
    }, {
      "uid" : "5501cea13ebac785",
      "reportUrl" : "https://ArkadiyVoronov.github.io/Test_with_a_team/6//#testresult/5501cea13ebac785",
      "status" : "broken",
      "statusDetails" : "selenium.common.exceptions.WebDriverException: Message: unknown error: Chrome failed to start: exited abnormally.\n  (unknown error: DevToolsActivePort file doesn't exist)\n  (The process started from chrome location /usr/bin/google-chrome is no longer running, so ChromeDriver is assuming that Chrome has crashed.)\nStacktrace:\n#0 0x563676d38ad3 <unknown>\n#1 0x563676a98568 <unknown>\n#2 0x563676abbb37 <unknown>\n#3 0x563676ab723a <unknown>\n#4 0x563676af22ba <unknown>\n#5 0x563676aec4e3 <unknown>\n#6 0x563676ac1d1a <unknown>\n#7 0x563676ac2e75 <unknown>\n#8 0x563676d66efd <unknown>\n#9 0x563676d8019b <unknown>\n#10 0x563676d68c65 <unknown>\n#11 0x563676d80ec8 <unknown>\n#12 0x563676d5c360 <unknown>\n#13 0x563676d9ca68 <unknown>\n#14 0x563676d9cbe8 <unknown>\n#15 0x563676db67fd <unknown>\n#16 0x7f4f5aad1609 <unknown>",
      "time" : {
        "start" : 1650553592861,
        "stop" : 1650553592861,
        "duration" : 0
      }
    }, {
      "uid" : "6901b0b8f918c38",
      "reportUrl" : "https://ArkadiyVoronov.github.io/Test_with_a_team/4//#testresult/6901b0b8f918c38",
      "status" : "broken",
      "statusDetails" : "selenium.common.exceptions.WebDriverException: Message: unknown error: Chrome failed to start: exited abnormally.\n  (unknown error: DevToolsActivePort file doesn't exist)\n  (The process started from chrome location /usr/bin/google-chrome is no longer running, so ChromeDriver is assuming that Chrome has crashed.)\nStacktrace:\n#0 0x558871ca4ad3 <unknown>\n#1 0x558871a04568 <unknown>\n#2 0x558871a27b37 <unknown>\n#3 0x558871a2323a <unknown>\n#4 0x558871a5e2ba <unknown>\n#5 0x558871a584e3 <unknown>\n#6 0x558871a2dd1a <unknown>\n#7 0x558871a2ee75 <unknown>\n#8 0x558871cd2efd <unknown>\n#9 0x558871cec19b <unknown>\n#10 0x558871cd4c65 <unknown>\n#11 0x558871cecec8 <unknown>\n#12 0x558871cc8360 <unknown>\n#13 0x558871d08a68 <unknown>\n#14 0x558871d08be8 <unknown>\n#15 0x558871d227fd <unknown>\n#16 0x7f6f6347b609 <unknown>",
      "time" : {
        "start" : 1650552891197,
        "stop" : 1650552891197,
        "duration" : 0
      }
    } ]
  },
  "77434fd78e570e2be9afa7767e058d06" : {
    "statistic" : {
      "failed" : 0,
      "broken" : 4,
      "skipped" : 0,
      "passed" : 0,
      "unknown" : 0,
      "total" : 4
    },
    "items" : [ {
      "uid" : "3a23184b05edd953",
      "reportUrl" : "https://ArkadiyVoronov.github.io/Test_with_a_team/8//#testresult/3a23184b05edd953",
      "status" : "broken",
      "statusDetails" : "selenium.common.exceptions.WebDriverException: Message: unknown error: Chrome failed to start: exited abnormally.\n  (unknown error: DevToolsActivePort file doesn't exist)\n  (The process started from chrome location /usr/bin/google-chrome is no longer running, so ChromeDriver is assuming that Chrome has crashed.)\nStacktrace:\n#0 0x55b971bbead3 <unknown>\n#1 0x55b97191e568 <unknown>\n#2 0x55b971941b37 <unknown>\n#3 0x55b97193d23a <unknown>\n#4 0x55b9719782ba <unknown>\n#5 0x55b9719724e3 <unknown>\n#6 0x55b971947d1a <unknown>\n#7 0x55b971948e75 <unknown>\n#8 0x55b971becefd <unknown>\n#9 0x55b971c0619b <unknown>\n#10 0x55b971beec65 <unknown>\n#11 0x55b971c06ec8 <unknown>\n#12 0x55b971be2360 <unknown>\n#13 0x55b971c22a68 <unknown>\n#14 0x55b971c22be8 <unknown>\n#15 0x55b971c3c7fd <unknown>\n#16 0x7fbd8f485609 <unknown>",
      "time" : {
        "start" : 1650553932227,
        "stop" : 1650553932227,
        "duration" : 0
      }
    }, {
      "uid" : "c8125a20ec20ffe5",
      "reportUrl" : "https://ArkadiyVoronov.github.io/Test_with_a_team/7//#testresult/c8125a20ec20ffe5",
      "status" : "broken",
      "statusDetails" : "selenium.common.exceptions.WebDriverException: Message: unknown error: Chrome failed to start: exited abnormally.\n  (unknown error: DevToolsActivePort file doesn't exist)\n  (The process started from chrome location /usr/bin/google-chrome is no longer running, so ChromeDriver is assuming that Chrome has crashed.)\nStacktrace:\n#0 0x55ccf3373ad3 <unknown>\n#1 0x55ccf30d3568 <unknown>\n#2 0x55ccf30f6b37 <unknown>\n#3 0x55ccf30f223a <unknown>\n#4 0x55ccf312d2ba <unknown>\n#5 0x55ccf31274e3 <unknown>\n#6 0x55ccf30fcd1a <unknown>\n#7 0x55ccf30fde75 <unknown>\n#8 0x55ccf33a1efd <unknown>\n#9 0x55ccf33bb19b <unknown>\n#10 0x55ccf33a3c65 <unknown>\n#11 0x55ccf33bbec8 <unknown>\n#12 0x55ccf3397360 <unknown>\n#13 0x55ccf33d7a68 <unknown>\n#14 0x55ccf33d7be8 <unknown>\n#15 0x55ccf33f17fd <unknown>\n#16 0x7f03526a1609 <unknown>",
      "time" : {
        "start" : 1650553748240,
        "stop" : 1650553748240,
        "duration" : 0
      }
    }, {
      "uid" : "70cfdf8223655ee1",
      "reportUrl" : "https://ArkadiyVoronov.github.io/Test_with_a_team/6//#testresult/70cfdf8223655ee1",
      "status" : "broken",
      "statusDetails" : "selenium.common.exceptions.WebDriverException: Message: unknown error: Chrome failed to start: exited abnormally.\n  (unknown error: DevToolsActivePort file doesn't exist)\n  (The process started from chrome location /usr/bin/google-chrome is no longer running, so ChromeDriver is assuming that Chrome has crashed.)\nStacktrace:\n#0 0x558e8bb4dad3 <unknown>\n#1 0x558e8b8ad568 <unknown>\n#2 0x558e8b8d0b37 <unknown>\n#3 0x558e8b8cc23a <unknown>\n#4 0x558e8b9072ba <unknown>\n#5 0x558e8b9014e3 <unknown>\n#6 0x558e8b8d6d1a <unknown>\n#7 0x558e8b8d7e75 <unknown>\n#8 0x558e8bb7befd <unknown>\n#9 0x558e8bb9519b <unknown>\n#10 0x558e8bb7dc65 <unknown>\n#11 0x558e8bb95ec8 <unknown>\n#12 0x558e8bb71360 <unknown>\n#13 0x558e8bbb1a68 <unknown>\n#14 0x558e8bbb1be8 <unknown>\n#15 0x558e8bbcb7fd <unknown>\n#16 0x7f8882744609 <unknown>",
      "time" : {
        "start" : 1650553593637,
        "stop" : 1650553593637,
        "duration" : 0
      }
    }, {
      "uid" : "8b2ba7bf3b178a0e",
      "reportUrl" : "https://ArkadiyVoronov.github.io/Test_with_a_team/4//#testresult/8b2ba7bf3b178a0e",
      "status" : "broken",
      "statusDetails" : "selenium.common.exceptions.WebDriverException: Message: unknown error: Chrome failed to start: exited abnormally.\n  (unknown error: DevToolsActivePort file doesn't exist)\n  (The process started from chrome location /usr/bin/google-chrome is no longer running, so ChromeDriver is assuming that Chrome has crashed.)\nStacktrace:\n#0 0x562789dd3ad3 <unknown>\n#1 0x562789b33568 <unknown>\n#2 0x562789b56b37 <unknown>\n#3 0x562789b5223a <unknown>\n#4 0x562789b8d2ba <unknown>\n#5 0x562789b874e3 <unknown>\n#6 0x562789b5cd1a <unknown>\n#7 0x562789b5de75 <unknown>\n#8 0x562789e01efd <unknown>\n#9 0x562789e1b19b <unknown>\n#10 0x562789e03c65 <unknown>\n#11 0x562789e1bec8 <unknown>\n#12 0x562789df7360 <unknown>\n#13 0x562789e37a68 <unknown>\n#14 0x562789e37be8 <unknown>\n#15 0x562789e517fd <unknown>\n#16 0x7fb511fb6609 <unknown>",
      "time" : {
        "start" : 1650552891961,
        "stop" : 1650552891961,
        "duration" : 0
      }
    } ]
  },
  "e9e903630e0aedbf5c98fae8cb3e9b82" : {
    "statistic" : {
      "failed" : 0,
      "broken" : 4,
      "skipped" : 0,
      "passed" : 0,
      "unknown" : 0,
      "total" : 4
    },
    "items" : [ {
      "uid" : "786145ee7be029aa",
      "reportUrl" : "https://ArkadiyVoronov.github.io/Test_with_a_team/8//#testresult/786145ee7be029aa",
      "status" : "broken",
      "statusDetails" : "selenium.common.exceptions.WebDriverException: Message: unknown error: Chrome failed to start: exited abnormally.\n  (unknown error: DevToolsActivePort file doesn't exist)\n  (The process started from chrome location /usr/bin/google-chrome is no longer running, so ChromeDriver is assuming that Chrome has crashed.)\nStacktrace:\n#0 0x5563f3e6fad3 <unknown>\n#1 0x5563f3bcf568 <unknown>\n#2 0x5563f3bf2b37 <unknown>\n#3 0x5563f3bee23a <unknown>\n#4 0x5563f3c292ba <unknown>\n#5 0x5563f3c234e3 <unknown>\n#6 0x5563f3bf8d1a <unknown>\n#7 0x5563f3bf9e75 <unknown>\n#8 0x5563f3e9defd <unknown>\n#9 0x5563f3eb719b <unknown>\n#10 0x5563f3e9fc65 <unknown>\n#11 0x5563f3eb7ec8 <unknown>\n#12 0x5563f3e93360 <unknown>\n#13 0x5563f3ed3a68 <unknown>\n#14 0x5563f3ed3be8 <unknown>\n#15 0x5563f3eed7fd <unknown>\n#16 0x7f39fc8c2609 <unknown>",
      "time" : {
        "start" : 1650553927401,
        "stop" : 1650553927401,
        "duration" : 0
      }
    }, {
      "uid" : "b98de3abfaa81fe",
      "reportUrl" : "https://ArkadiyVoronov.github.io/Test_with_a_team/7//#testresult/b98de3abfaa81fe",
      "status" : "broken",
      "statusDetails" : "selenium.common.exceptions.WebDriverException: Message: unknown error: Chrome failed to start: exited abnormally.\n  (unknown error: DevToolsActivePort file doesn't exist)\n  (The process started from chrome location /usr/bin/google-chrome is no longer running, so ChromeDriver is assuming that Chrome has crashed.)\nStacktrace:\n#0 0x56515a74bad3 <unknown>\n#1 0x56515a4ab568 <unknown>\n#2 0x56515a4ceb37 <unknown>\n#3 0x56515a4ca23a <unknown>\n#4 0x56515a5052ba <unknown>\n#5 0x56515a4ff4e3 <unknown>\n#6 0x56515a4d4d1a <unknown>\n#7 0x56515a4d5e75 <unknown>\n#8 0x56515a779efd <unknown>\n#9 0x56515a79319b <unknown>\n#10 0x56515a77bc65 <unknown>\n#11 0x56515a793ec8 <unknown>\n#12 0x56515a76f360 <unknown>\n#13 0x56515a7afa68 <unknown>\n#14 0x56515a7afbe8 <unknown>\n#15 0x56515a7c97fd <unknown>\n#16 0x7f5c1f6d2609 <unknown>",
      "time" : {
        "start" : 1650553743489,
        "stop" : 1650553743489,
        "duration" : 0
      }
    }, {
      "uid" : "c316743b125d9ea2",
      "reportUrl" : "https://ArkadiyVoronov.github.io/Test_with_a_team/6//#testresult/c316743b125d9ea2",
      "status" : "broken",
      "statusDetails" : "selenium.common.exceptions.WebDriverException: Message: unknown error: Chrome failed to start: exited abnormally.\n  (unknown error: DevToolsActivePort file doesn't exist)\n  (The process started from chrome location /usr/bin/google-chrome is no longer running, so ChromeDriver is assuming that Chrome has crashed.)\nStacktrace:\n#0 0x562bc0329ad3 <unknown>\n#1 0x562bc0089568 <unknown>\n#2 0x562bc00acb37 <unknown>\n#3 0x562bc00a823a <unknown>\n#4 0x562bc00e32ba <unknown>\n#5 0x562bc00dd4e3 <unknown>\n#6 0x562bc00b2d1a <unknown>\n#7 0x562bc00b3e75 <unknown>\n#8 0x562bc0357efd <unknown>\n#9 0x562bc037119b <unknown>\n#10 0x562bc0359c65 <unknown>\n#11 0x562bc0371ec8 <unknown>\n#12 0x562bc034d360 <unknown>\n#13 0x562bc038da68 <unknown>\n#14 0x562bc038dbe8 <unknown>\n#15 0x562bc03a77fd <unknown>\n#16 0x7f122209d609 <unknown>",
      "time" : {
        "start" : 1650553588488,
        "stop" : 1650553588488,
        "duration" : 0
      }
    }, {
      "uid" : "8510157d20bd444",
      "reportUrl" : "https://ArkadiyVoronov.github.io/Test_with_a_team/4//#testresult/8510157d20bd444",
      "status" : "broken",
      "statusDetails" : "selenium.common.exceptions.WebDriverException: Message: unknown error: Chrome failed to start: exited abnormally.\n  (unknown error: DevToolsActivePort file doesn't exist)\n  (The process started from chrome location /usr/bin/google-chrome is no longer running, so ChromeDriver is assuming that Chrome has crashed.)\nStacktrace:\n#0 0x5600dad1aad3 <unknown>\n#1 0x5600daa7a568 <unknown>\n#2 0x5600daa9db37 <unknown>\n#3 0x5600daa9923a <unknown>\n#4 0x5600daad42ba <unknown>\n#5 0x5600daace4e3 <unknown>\n#6 0x5600daaa3d1a <unknown>\n#7 0x5600daaa4e75 <unknown>\n#8 0x5600dad48efd <unknown>\n#9 0x5600dad6219b <unknown>\n#10 0x5600dad4ac65 <unknown>\n#11 0x5600dad62ec8 <unknown>\n#12 0x5600dad3e360 <unknown>\n#13 0x5600dad7ea68 <unknown>\n#14 0x5600dad7ebe8 <unknown>\n#15 0x5600dad987fd <unknown>\n#16 0x7f942b6be609 <unknown>",
      "time" : {
        "start" : 1650552886796,
        "stop" : 1650552886796,
        "duration" : 0
      }
    } ]
  },
  "0bc6c733d10ac808adf48d44b8a0ffea" : {
    "statistic" : {
      "failed" : 0,
      "broken" : 4,
      "skipped" : 0,
      "passed" : 0,
      "unknown" : 0,
      "total" : 4
    },
    "items" : [ {
      "uid" : "19374bd1c384f114",
      "reportUrl" : "https://ArkadiyVoronov.github.io/Test_with_a_team/8//#testresult/19374bd1c384f114",
      "status" : "broken",
      "statusDetails" : "selenium.common.exceptions.WebDriverException: Message: unknown error: Chrome failed to start: exited abnormally.\n  (unknown error: DevToolsActivePort file doesn't exist)\n  (The process started from chrome location /usr/bin/google-chrome is no longer running, so ChromeDriver is assuming that Chrome has crashed.)\nStacktrace:\n#0 0x55ab6a814ad3 <unknown>\n#1 0x55ab6a574568 <unknown>\n#2 0x55ab6a597b37 <unknown>\n#3 0x55ab6a59323a <unknown>\n#4 0x55ab6a5ce2ba <unknown>\n#5 0x55ab6a5c84e3 <unknown>\n#6 0x55ab6a59dd1a <unknown>\n#7 0x55ab6a59ee75 <unknown>\n#8 0x55ab6a842efd <unknown>\n#9 0x55ab6a85c19b <unknown>\n#10 0x55ab6a844c65 <unknown>\n#11 0x55ab6a85cec8 <unknown>\n#12 0x55ab6a838360 <unknown>\n#13 0x55ab6a878a68 <unknown>\n#14 0x55ab6a878be8 <unknown>\n#15 0x55ab6a8927fd <unknown>\n#16 0x7f069e1dc609 <unknown>",
      "time" : {
        "start" : 1650553934804,
        "stop" : 1650553934804,
        "duration" : 0
      }
    }, {
      "uid" : "6eabca75b33a9bae",
      "reportUrl" : "https://ArkadiyVoronov.github.io/Test_with_a_team/7//#testresult/6eabca75b33a9bae",
      "status" : "broken",
      "statusDetails" : "selenium.common.exceptions.WebDriverException: Message: unknown error: Chrome failed to start: exited abnormally.\n  (unknown error: DevToolsActivePort file doesn't exist)\n  (The process started from chrome location /usr/bin/google-chrome is no longer running, so ChromeDriver is assuming that Chrome has crashed.)\nStacktrace:\n#0 0x55f820ea2ad3 <unknown>\n#1 0x55f820c02568 <unknown>\n#2 0x55f820c25b37 <unknown>\n#3 0x55f820c2123a <unknown>\n#4 0x55f820c5c2ba <unknown>\n#5 0x55f820c564e3 <unknown>\n#6 0x55f820c2bd1a <unknown>\n#7 0x55f820c2ce75 <unknown>\n#8 0x55f820ed0efd <unknown>\n#9 0x55f820eea19b <unknown>\n#10 0x55f820ed2c65 <unknown>\n#11 0x55f820eeaec8 <unknown>\n#12 0x55f820ec6360 <unknown>\n#13 0x55f820f06a68 <unknown>\n#14 0x55f820f06be8 <unknown>\n#15 0x55f820f207fd <unknown>\n#16 0x7f9f3c904609 <unknown>",
      "time" : {
        "start" : 1650553750772,
        "stop" : 1650553750772,
        "duration" : 0
      }
    }, {
      "uid" : "9be8c62f7c5fe8f9",
      "reportUrl" : "https://ArkadiyVoronov.github.io/Test_with_a_team/6//#testresult/9be8c62f7c5fe8f9",
      "status" : "broken",
      "statusDetails" : "selenium.common.exceptions.WebDriverException: Message: unknown error: Chrome failed to start: exited abnormally.\n  (unknown error: DevToolsActivePort file doesn't exist)\n  (The process started from chrome location /usr/bin/google-chrome is no longer running, so ChromeDriver is assuming that Chrome has crashed.)\nStacktrace:\n#0 0x5612eed2fad3 <unknown>\n#1 0x5612eea8f568 <unknown>\n#2 0x5612eeab2b37 <unknown>\n#3 0x5612eeaae23a <unknown>\n#4 0x5612eeae92ba <unknown>\n#5 0x5612eeae34e3 <unknown>\n#6 0x5612eeab8d1a <unknown>\n#7 0x5612eeab9e75 <unknown>\n#8 0x5612eed5defd <unknown>\n#9 0x5612eed7719b <unknown>\n#10 0x5612eed5fc65 <unknown>\n#11 0x5612eed77ec8 <unknown>\n#12 0x5612eed53360 <unknown>\n#13 0x5612eed93a68 <unknown>\n#14 0x5612eed93be8 <unknown>\n#15 0x5612eedad7fd <unknown>\n#16 0x7f98a7620609 <unknown>",
      "time" : {
        "start" : 1650553596411,
        "stop" : 1650553596411,
        "duration" : 0
      }
    }, {
      "uid" : "4061618870bc4e5f",
      "reportUrl" : "https://ArkadiyVoronov.github.io/Test_with_a_team/4//#testresult/4061618870bc4e5f",
      "status" : "broken",
      "statusDetails" : "selenium.common.exceptions.WebDriverException: Message: unknown error: Chrome failed to start: exited abnormally.\n  (unknown error: DevToolsActivePort file doesn't exist)\n  (The process started from chrome location /usr/bin/google-chrome is no longer running, so ChromeDriver is assuming that Chrome has crashed.)\nStacktrace:\n#0 0x5595c66f8ad3 <unknown>\n#1 0x5595c6458568 <unknown>\n#2 0x5595c647bb37 <unknown>\n#3 0x5595c647723a <unknown>\n#4 0x5595c64b22ba <unknown>\n#5 0x5595c64ac4e3 <unknown>\n#6 0x5595c6481d1a <unknown>\n#7 0x5595c6482e75 <unknown>\n#8 0x5595c6726efd <unknown>\n#9 0x5595c674019b <unknown>\n#10 0x5595c6728c65 <unknown>\n#11 0x5595c6740ec8 <unknown>\n#12 0x5595c671c360 <unknown>\n#13 0x5595c675ca68 <unknown>\n#14 0x5595c675cbe8 <unknown>\n#15 0x5595c67767fd <unknown>\n#16 0x7f1163678609 <unknown>",
      "time" : {
        "start" : 1650552894727,
        "stop" : 1650552894727,
        "duration" : 0
      }
    } ]
  },
  "43500b43c94b462fdc63cdee80f8f8a8" : {
    "statistic" : {
      "failed" : 0,
      "broken" : 4,
      "skipped" : 0,
      "passed" : 0,
      "unknown" : 0,
      "total" : 4
    },
    "items" : [ {
      "uid" : "19cab0ba1d4c6de",
      "reportUrl" : "https://ArkadiyVoronov.github.io/Test_with_a_team/8//#testresult/19cab0ba1d4c6de",
      "status" : "broken",
      "statusDetails" : "selenium.common.exceptions.WebDriverException: Message: unknown error: Chrome failed to start: exited abnormally.\n  (unknown error: DevToolsActivePort file doesn't exist)\n  (The process started from chrome location /usr/bin/google-chrome is no longer running, so ChromeDriver is assuming that Chrome has crashed.)\nStacktrace:\n#0 0x559a4fc6dad3 <unknown>\n#1 0x559a4f9cd568 <unknown>\n#2 0x559a4f9f0b37 <unknown>\n#3 0x559a4f9ec23a <unknown>\n#4 0x559a4fa272ba <unknown>\n#5 0x559a4fa214e3 <unknown>\n#6 0x559a4f9f6d1a <unknown>\n#7 0x559a4f9f7e75 <unknown>\n#8 0x559a4fc9befd <unknown>\n#9 0x559a4fcb519b <unknown>\n#10 0x559a4fc9dc65 <unknown>\n#11 0x559a4fcb5ec8 <unknown>\n#12 0x559a4fc91360 <unknown>\n#13 0x559a4fcd1a68 <unknown>\n#14 0x559a4fcd1be8 <unknown>\n#15 0x559a4fceb7fd <unknown>\n#16 0x7f7cfb28f609 <unknown>",
      "time" : {
        "start" : 1650553922408,
        "stop" : 1650553922408,
        "duration" : 0
      }
    }, {
      "uid" : "258f106fb8d0d0c6",
      "reportUrl" : "https://ArkadiyVoronov.github.io/Test_with_a_team/7//#testresult/258f106fb8d0d0c6",
      "status" : "broken",
      "statusDetails" : "selenium.common.exceptions.WebDriverException: Message: unknown error: Chrome failed to start: exited abnormally.\n  (unknown error: DevToolsActivePort file doesn't exist)\n  (The process started from chrome location /usr/bin/google-chrome is no longer running, so ChromeDriver is assuming that Chrome has crashed.)\nStacktrace:\n#0 0x55d435af9ad3 <unknown>\n#1 0x55d435859568 <unknown>\n#2 0x55d43587cb37 <unknown>\n#3 0x55d43587823a <unknown>\n#4 0x55d4358b32ba <unknown>\n#5 0x55d4358ad4e3 <unknown>\n#6 0x55d435882d1a <unknown>\n#7 0x55d435883e75 <unknown>\n#8 0x55d435b27efd <unknown>\n#9 0x55d435b4119b <unknown>\n#10 0x55d435b29c65 <unknown>\n#11 0x55d435b41ec8 <unknown>\n#12 0x55d435b1d360 <unknown>\n#13 0x55d435b5da68 <unknown>\n#14 0x55d435b5dbe8 <unknown>\n#15 0x55d435b777fd <unknown>\n#16 0x7f2bd10c4609 <unknown>",
      "time" : {
        "start" : 1650553735044,
        "stop" : 1650553735044,
        "duration" : 0
      }
    }, {
      "uid" : "297186a28efb367c",
      "reportUrl" : "https://ArkadiyVoronov.github.io/Test_with_a_team/6//#testresult/297186a28efb367c",
      "status" : "broken",
      "statusDetails" : "selenium.common.exceptions.WebDriverException: Message: unknown error: Chrome failed to start: exited abnormally.\n  (unknown error: DevToolsActivePort file doesn't exist)\n  (The process started from chrome location /usr/bin/google-chrome is no longer running, so ChromeDriver is assuming that Chrome has crashed.)\nStacktrace:\n#0 0x564c2b805ad3 <unknown>\n#1 0x564c2b565568 <unknown>\n#2 0x564c2b588b37 <unknown>\n#3 0x564c2b58423a <unknown>\n#4 0x564c2b5bf2ba <unknown>\n#5 0x564c2b5b94e3 <unknown>\n#6 0x564c2b58ed1a <unknown>\n#7 0x564c2b58fe75 <unknown>\n#8 0x564c2b833efd <unknown>\n#9 0x564c2b84d19b <unknown>\n#10 0x564c2b835c65 <unknown>\n#11 0x564c2b84dec8 <unknown>\n#12 0x564c2b829360 <unknown>\n#13 0x564c2b869a68 <unknown>\n#14 0x564c2b869be8 <unknown>\n#15 0x564c2b8837fd <unknown>\n#16 0x7fdccad10609 <unknown>",
      "time" : {
        "start" : 1650553582813,
        "stop" : 1650553582813,
        "duration" : 0
      }
    }, {
      "uid" : "e95c82c16706b3ab",
      "reportUrl" : "https://ArkadiyVoronov.github.io/Test_with_a_team/4//#testresult/e95c82c16706b3ab",
      "status" : "broken",
      "statusDetails" : "selenium.common.exceptions.WebDriverException: Message: unknown error: Chrome failed to start: exited abnormally.\n  (unknown error: DevToolsActivePort file doesn't exist)\n  (The process started from chrome location /usr/bin/google-chrome is no longer running, so ChromeDriver is assuming that Chrome has crashed.)\nStacktrace:\n#0 0x558c4a1e3ad3 <unknown>\n#1 0x558c49f43568 <unknown>\n#2 0x558c49f66b37 <unknown>\n#3 0x558c49f6223a <unknown>\n#4 0x558c49f9d2ba <unknown>\n#5 0x558c49f974e3 <unknown>\n#6 0x558c49f6cd1a <unknown>\n#7 0x558c49f6de75 <unknown>\n#8 0x558c4a211efd <unknown>\n#9 0x558c4a22b19b <unknown>\n#10 0x558c4a213c65 <unknown>\n#11 0x558c4a22bec8 <unknown>\n#12 0x558c4a207360 <unknown>\n#13 0x558c4a247a68 <unknown>\n#14 0x558c4a247be8 <unknown>\n#15 0x558c4a2617fd <unknown>\n#16 0x7fa03db93609 <unknown>",
      "time" : {
        "start" : 1650552881559,
        "stop" : 1650552881559,
        "duration" : 0
      }
    } ]
  },
  "d6b5786680b38868ad821954821da58b" : {
    "statistic" : {
      "failed" : 0,
      "broken" : 0,
      "skipped" : 4,
      "passed" : 0,
      "unknown" : 0,
      "total" : 4
    },
    "items" : [ {
      "uid" : "8a1d478d973e22b6",
      "reportUrl" : "https://ArkadiyVoronov.github.io/Test_with_a_team/8//#testresult/8a1d478d973e22b6",
      "status" : "skipped",
      "statusDetails" : "Skipped: missing notification",
      "time" : {
        "start" : 1650553932976,
        "stop" : 1650553932976,
        "duration" : 0
      }
    }, {
      "uid" : "70968d80fde21448",
      "reportUrl" : "https://ArkadiyVoronov.github.io/Test_with_a_team/7//#testresult/70968d80fde21448",
      "status" : "skipped",
      "statusDetails" : "Skipped: missing notification",
      "time" : {
        "start" : 1650553748973,
        "stop" : 1650553748973,
        "duration" : 0
      }
    }, {
      "uid" : "19cb6f767c638d8e",
      "reportUrl" : "https://ArkadiyVoronov.github.io/Test_with_a_team/6//#testresult/19cb6f767c638d8e",
      "status" : "skipped",
      "statusDetails" : "Skipped: missing notification",
      "time" : {
        "start" : 1650553594405,
        "stop" : 1650553594405,
        "duration" : 0
      }
    }, {
      "uid" : "9125d7c654cc7c4f",
      "reportUrl" : "https://ArkadiyVoronov.github.io/Test_with_a_team/4//#testresult/9125d7c654cc7c4f",
      "status" : "skipped",
      "statusDetails" : "Skipped: missing notification",
      "time" : {
        "start" : 1650552892728,
        "stop" : 1650552892728,
        "duration" : 0
      }
    } ]
  },
  "01b438911ee3bb8991a6fe66fdbb827e" : {
    "statistic" : {
      "failed" : 0,
      "broken" : 4,
      "skipped" : 0,
      "passed" : 0,
      "unknown" : 0,
      "total" : 4
    },
    "items" : [ {
      "uid" : "f33b03ee0c3ebb77",
      "reportUrl" : "https://ArkadiyVoronov.github.io/Test_with_a_team/8//#testresult/f33b03ee0c3ebb77",
      "status" : "broken",
      "statusDetails" : "selenium.common.exceptions.WebDriverException: Message: unknown error: Chrome failed to start: exited abnormally.\n  (unknown error: DevToolsActivePort file doesn't exist)\n  (The process started from chrome location /usr/bin/google-chrome is no longer running, so ChromeDriver is assuming that Chrome has crashed.)\nStacktrace:\n#0 0x562f84b4ead3 <unknown>\n#1 0x562f848ae568 <unknown>\n#2 0x562f848d1b37 <unknown>\n#3 0x562f848cd23a <unknown>\n#4 0x562f849082ba <unknown>\n#5 0x562f849024e3 <unknown>\n#6 0x562f848d7d1a <unknown>\n#7 0x562f848d8e75 <unknown>\n#8 0x562f84b7cefd <unknown>\n#9 0x562f84b9619b <unknown>\n#10 0x562f84b7ec65 <unknown>\n#11 0x562f84b96ec8 <unknown>\n#12 0x562f84b72360 <unknown>\n#13 0x562f84bb2a68 <unknown>\n#14 0x562f84bb2be8 <unknown>\n#15 0x562f84bcc7fd <unknown>\n#16 0x7f99c7d07609 <unknown>",
      "time" : {
        "start" : 1650553936313,
        "stop" : 1650553936313,
        "duration" : 0
      }
    }, {
      "uid" : "2aa4831a49da1f53",
      "reportUrl" : "https://ArkadiyVoronov.github.io/Test_with_a_team/7//#testresult/2aa4831a49da1f53",
      "status" : "broken",
      "statusDetails" : "selenium.common.exceptions.WebDriverException: Message: unknown error: Chrome failed to start: exited abnormally.\n  (unknown error: DevToolsActivePort file doesn't exist)\n  (The process started from chrome location /usr/bin/google-chrome is no longer running, so ChromeDriver is assuming that Chrome has crashed.)\nStacktrace:\n#0 0x55c173a49ad3 <unknown>\n#1 0x55c1737a9568 <unknown>\n#2 0x55c1737ccb37 <unknown>\n#3 0x55c1737c823a <unknown>\n#4 0x55c1738032ba <unknown>\n#5 0x55c1737fd4e3 <unknown>\n#6 0x55c1737d2d1a <unknown>\n#7 0x55c1737d3e75 <unknown>\n#8 0x55c173a77efd <unknown>\n#9 0x55c173a9119b <unknown>\n#10 0x55c173a79c65 <unknown>\n#11 0x55c173a91ec8 <unknown>\n#12 0x55c173a6d360 <unknown>\n#13 0x55c173aada68 <unknown>\n#14 0x55c173aadbe8 <unknown>\n#15 0x55c173ac77fd <unknown>\n#16 0x7fc715504609 <unknown>",
      "time" : {
        "start" : 1650553752240,
        "stop" : 1650553752240,
        "duration" : 0
      }
    }, {
      "uid" : "c759eccedf4e347",
      "reportUrl" : "https://ArkadiyVoronov.github.io/Test_with_a_team/6//#testresult/c759eccedf4e347",
      "status" : "broken",
      "statusDetails" : "selenium.common.exceptions.WebDriverException: Message: unknown error: Chrome failed to start: exited abnormally.\n  (unknown error: DevToolsActivePort file doesn't exist)\n  (The process started from chrome location /usr/bin/google-chrome is no longer running, so ChromeDriver is assuming that Chrome has crashed.)\nStacktrace:\n#0 0x562de65c5ad3 <unknown>\n#1 0x562de6325568 <unknown>\n#2 0x562de6348b37 <unknown>\n#3 0x562de634423a <unknown>\n#4 0x562de637f2ba <unknown>\n#5 0x562de63794e3 <unknown>\n#6 0x562de634ed1a <unknown>\n#7 0x562de634fe75 <unknown>\n#8 0x562de65f3efd <unknown>\n#9 0x562de660d19b <unknown>\n#10 0x562de65f5c65 <unknown>\n#11 0x562de660dec8 <unknown>\n#12 0x562de65e9360 <unknown>\n#13 0x562de6629a68 <unknown>\n#14 0x562de6629be8 <unknown>\n#15 0x562de66437fd <unknown>\n#16 0x7fb794352609 <unknown>",
      "time" : {
        "start" : 1650553597946,
        "stop" : 1650553597946,
        "duration" : 0
      }
    }, {
      "uid" : "9501914379cebf4c",
      "reportUrl" : "https://ArkadiyVoronov.github.io/Test_with_a_team/4//#testresult/9501914379cebf4c",
      "status" : "broken",
      "statusDetails" : "selenium.common.exceptions.WebDriverException: Message: unknown error: Chrome failed to start: exited abnormally.\n  (unknown error: DevToolsActivePort file doesn't exist)\n  (The process started from chrome location /usr/bin/google-chrome is no longer running, so ChromeDriver is assuming that Chrome has crashed.)\nStacktrace:\n#0 0x55d54d677ad3 <unknown>\n#1 0x55d54d3d7568 <unknown>\n#2 0x55d54d3fab37 <unknown>\n#3 0x55d54d3f623a <unknown>\n#4 0x55d54d4312ba <unknown>\n#5 0x55d54d42b4e3 <unknown>\n#6 0x55d54d400d1a <unknown>\n#7 0x55d54d401e75 <unknown>\n#8 0x55d54d6a5efd <unknown>\n#9 0x55d54d6bf19b <unknown>\n#10 0x55d54d6a7c65 <unknown>\n#11 0x55d54d6bfec8 <unknown>\n#12 0x55d54d69b360 <unknown>\n#13 0x55d54d6dba68 <unknown>\n#14 0x55d54d6dbbe8 <unknown>\n#15 0x55d54d6f57fd <unknown>\n#16 0x7fda44a3f609 <unknown>",
      "time" : {
        "start" : 1650552896256,
        "stop" : 1650552896256,
        "duration" : 0
      }
    } ]
  },
  "20b9c8919b940e3f8ec3679bda1e6b41" : {
    "statistic" : {
      "failed" : 0,
      "broken" : 4,
      "skipped" : 0,
      "passed" : 0,
      "unknown" : 0,
      "total" : 4
    },
    "items" : [ {
      "uid" : "820ab34a63769e10",
      "reportUrl" : "https://ArkadiyVoronov.github.io/Test_with_a_team/8//#testresult/820ab34a63769e10",
      "status" : "broken",
      "statusDetails" : "selenium.common.exceptions.WebDriverException: Message: unknown error: Chrome failed to start: exited abnormally.\n  (unknown error: DevToolsActivePort file doesn't exist)\n  (The process started from chrome location /usr/bin/google-chrome is no longer running, so ChromeDriver is assuming that Chrome has crashed.)\nStacktrace:\n#0 0x558a8c09aad3 <unknown>\n#1 0x558a8bdfa568 <unknown>\n#2 0x558a8be1db37 <unknown>\n#3 0x558a8be1923a <unknown>\n#4 0x558a8be542ba <unknown>\n#5 0x558a8be4e4e3 <unknown>\n#6 0x558a8be23d1a <unknown>\n#7 0x558a8be24e75 <unknown>\n#8 0x558a8c0c8efd <unknown>\n#9 0x558a8c0e219b <unknown>\n#10 0x558a8c0cac65 <unknown>\n#11 0x558a8c0e2ec8 <unknown>\n#12 0x558a8c0be360 <unknown>\n#13 0x558a8c0fea68 <unknown>\n#14 0x558a8c0febe8 <unknown>\n#15 0x558a8c1187fd <unknown>\n#16 0x7f9cf16a6609 <unknown>",
      "time" : {
        "start" : 1650553928147,
        "stop" : 1650553928147,
        "duration" : 0
      }
    }, {
      "uid" : "da6353e47bd7a4a9",
      "reportUrl" : "https://ArkadiyVoronov.github.io/Test_with_a_team/7//#testresult/da6353e47bd7a4a9",
      "status" : "broken",
      "statusDetails" : "selenium.common.exceptions.WebDriverException: Message: unknown error: Chrome failed to start: exited abnormally.\n  (unknown error: DevToolsActivePort file doesn't exist)\n  (The process started from chrome location /usr/bin/google-chrome is no longer running, so ChromeDriver is assuming that Chrome has crashed.)\nStacktrace:\n#0 0x557681455ad3 <unknown>\n#1 0x5576811b5568 <unknown>\n#2 0x5576811d8b37 <unknown>\n#3 0x5576811d423a <unknown>\n#4 0x55768120f2ba <unknown>\n#5 0x5576812094e3 <unknown>\n#6 0x5576811ded1a <unknown>\n#7 0x5576811dfe75 <unknown>\n#8 0x557681483efd <unknown>\n#9 0x55768149d19b <unknown>\n#10 0x557681485c65 <unknown>\n#11 0x55768149dec8 <unknown>\n#12 0x557681479360 <unknown>\n#13 0x5576814b9a68 <unknown>\n#14 0x5576814b9be8 <unknown>\n#15 0x5576814d37fd <unknown>\n#16 0x7fa3c06c9609 <unknown>",
      "time" : {
        "start" : 1650553744222,
        "stop" : 1650553744222,
        "duration" : 0
      }
    }, {
      "uid" : "c4dd475101e407de",
      "reportUrl" : "https://ArkadiyVoronov.github.io/Test_with_a_team/6//#testresult/c4dd475101e407de",
      "status" : "broken",
      "statusDetails" : "selenium.common.exceptions.WebDriverException: Message: unknown error: Chrome failed to start: exited abnormally.\n  (unknown error: DevToolsActivePort file doesn't exist)\n  (The process started from chrome location /usr/bin/google-chrome is no longer running, so ChromeDriver is assuming that Chrome has crashed.)\nStacktrace:\n#0 0x55a986578ad3 <unknown>\n#1 0x55a9862d8568 <unknown>\n#2 0x55a9862fbb37 <unknown>\n#3 0x55a9862f723a <unknown>\n#4 0x55a9863322ba <unknown>\n#5 0x55a98632c4e3 <unknown>\n#6 0x55a986301d1a <unknown>\n#7 0x55a986302e75 <unknown>\n#8 0x55a9865a6efd <unknown>\n#9 0x55a9865c019b <unknown>\n#10 0x55a9865a8c65 <unknown>\n#11 0x55a9865c0ec8 <unknown>\n#12 0x55a98659c360 <unknown>\n#13 0x55a9865dca68 <unknown>\n#14 0x55a9865dcbe8 <unknown>\n#15 0x55a9865f67fd <unknown>\n#16 0x7feb44567609 <unknown>",
      "time" : {
        "start" : 1650553589279,
        "stop" : 1650553589279,
        "duration" : 0
      }
    }, {
      "uid" : "c54fda81b815f586",
      "reportUrl" : "https://ArkadiyVoronov.github.io/Test_with_a_team/4//#testresult/c54fda81b815f586",
      "status" : "broken",
      "statusDetails" : "selenium.common.exceptions.WebDriverException: Message: unknown error: Chrome failed to start: exited abnormally.\n  (unknown error: DevToolsActivePort file doesn't exist)\n  (The process started from chrome location /usr/bin/google-chrome is no longer running, so ChromeDriver is assuming that Chrome has crashed.)\nStacktrace:\n#0 0x55cd5b79cad3 <unknown>\n#1 0x55cd5b4fc568 <unknown>\n#2 0x55cd5b51fb37 <unknown>\n#3 0x55cd5b51b23a <unknown>\n#4 0x55cd5b5562ba <unknown>\n#5 0x55cd5b5504e3 <unknown>\n#6 0x55cd5b525d1a <unknown>\n#7 0x55cd5b526e75 <unknown>\n#8 0x55cd5b7caefd <unknown>\n#9 0x55cd5b7e419b <unknown>\n#10 0x55cd5b7ccc65 <unknown>\n#11 0x55cd5b7e4ec8 <unknown>\n#12 0x55cd5b7c0360 <unknown>\n#13 0x55cd5b800a68 <unknown>\n#14 0x55cd5b800be8 <unknown>\n#15 0x55cd5b81a7fd <unknown>\n#16 0x7f5838aea609 <unknown>",
      "time" : {
        "start" : 1650552887577,
        "stop" : 1650552887577,
        "duration" : 0
      }
    } ]
  },
  "1d6e807eebad4f281b5f7793207a3ce9" : {
    "statistic" : {
      "failed" : 0,
      "broken" : 4,
      "skipped" : 0,
      "passed" : 0,
      "unknown" : 0,
      "total" : 4
    },
    "items" : [ {
      "uid" : "6cae661f6e5eee3c",
      "reportUrl" : "https://ArkadiyVoronov.github.io/Test_with_a_team/8//#testresult/6cae661f6e5eee3c",
      "status" : "broken",
      "statusDetails" : "selenium.common.exceptions.WebDriverException: Message: unknown error: Chrome failed to start: exited abnormally.\n  (unknown error: DevToolsActivePort file doesn't exist)\n  (The process started from chrome location /usr/bin/google-chrome is no longer running, so ChromeDriver is assuming that Chrome has crashed.)\nStacktrace:\n#0 0x558827cfbad3 <unknown>\n#1 0x558827a5b568 <unknown>\n#2 0x558827a7eb37 <unknown>\n#3 0x558827a7a23a <unknown>\n#4 0x558827ab52ba <unknown>\n#5 0x558827aaf4e3 <unknown>\n#6 0x558827a84d1a <unknown>\n#7 0x558827a85e75 <unknown>\n#8 0x558827d29efd <unknown>\n#9 0x558827d4319b <unknown>\n#10 0x558827d2bc65 <unknown>\n#11 0x558827d43ec8 <unknown>\n#12 0x558827d1f360 <unknown>\n#13 0x558827d5fa68 <unknown>\n#14 0x558827d5fbe8 <unknown>\n#15 0x558827d797fd <unknown>\n#16 0x7fae5233f609 <unknown>",
      "time" : {
        "start" : 1650553925107,
        "stop" : 1650553925107,
        "duration" : 0
      }
    }, {
      "uid" : "89ae6b14c6be27d2",
      "reportUrl" : "https://ArkadiyVoronov.github.io/Test_with_a_team/7//#testresult/89ae6b14c6be27d2",
      "status" : "broken",
      "statusDetails" : "selenium.common.exceptions.WebDriverException: Message: unknown error: Chrome failed to start: exited abnormally.\n  (unknown error: DevToolsActivePort file doesn't exist)\n  (The process started from chrome location /usr/bin/google-chrome is no longer running, so ChromeDriver is assuming that Chrome has crashed.)\nStacktrace:\n#0 0x5587e1a91ad3 <unknown>\n#1 0x5587e17f1568 <unknown>\n#2 0x5587e1814b37 <unknown>\n#3 0x5587e181023a <unknown>\n#4 0x5587e184b2ba <unknown>\n#5 0x5587e18454e3 <unknown>\n#6 0x5587e181ad1a <unknown>\n#7 0x5587e181be75 <unknown>\n#8 0x5587e1abfefd <unknown>\n#9 0x5587e1ad919b <unknown>\n#10 0x5587e1ac1c65 <unknown>\n#11 0x5587e1ad9ec8 <unknown>\n#12 0x5587e1ab5360 <unknown>\n#13 0x5587e1af5a68 <unknown>\n#14 0x5587e1af5be8 <unknown>\n#15 0x5587e1b0f7fd <unknown>\n#16 0x7ff41c92d609 <unknown>",
      "time" : {
        "start" : 1650553741270,
        "stop" : 1650553741270,
        "duration" : 0
      }
    }, {
      "uid" : "3f028cb18ac11ba9",
      "reportUrl" : "https://ArkadiyVoronov.github.io/Test_with_a_team/6//#testresult/3f028cb18ac11ba9",
      "status" : "broken",
      "statusDetails" : "selenium.common.exceptions.WebDriverException: Message: unknown error: Chrome failed to start: exited abnormally.\n  (unknown error: DevToolsActivePort file doesn't exist)\n  (The process started from chrome location /usr/bin/google-chrome is no longer running, so ChromeDriver is assuming that Chrome has crashed.)\nStacktrace:\n#0 0x555a55989ad3 <unknown>\n#1 0x555a556e9568 <unknown>\n#2 0x555a5570cb37 <unknown>\n#3 0x555a5570823a <unknown>\n#4 0x555a557432ba <unknown>\n#5 0x555a5573d4e3 <unknown>\n#6 0x555a55712d1a <unknown>\n#7 0x555a55713e75 <unknown>\n#8 0x555a559b7efd <unknown>\n#9 0x555a559d119b <unknown>\n#10 0x555a559b9c65 <unknown>\n#11 0x555a559d1ec8 <unknown>\n#12 0x555a559ad360 <unknown>\n#13 0x555a559eda68 <unknown>\n#14 0x555a559edbe8 <unknown>\n#15 0x555a55a077fd <unknown>\n#16 0x7efd35595609 <unknown>",
      "time" : {
        "start" : 1650553586062,
        "stop" : 1650553586062,
        "duration" : 0
      }
    }, {
      "uid" : "e5f63f11abc53135",
      "reportUrl" : "https://ArkadiyVoronov.github.io/Test_with_a_team/4//#testresult/e5f63f11abc53135",
      "status" : "broken",
      "statusDetails" : "selenium.common.exceptions.WebDriverException: Message: unknown error: Chrome failed to start: exited abnormally.\n  (unknown error: DevToolsActivePort file doesn't exist)\n  (The process started from chrome location /usr/bin/google-chrome is no longer running, so ChromeDriver is assuming that Chrome has crashed.)\nStacktrace:\n#0 0x558b60080ad3 <unknown>\n#1 0x558b5fde0568 <unknown>\n#2 0x558b5fe03b37 <unknown>\n#3 0x558b5fdff23a <unknown>\n#4 0x558b5fe3a2ba <unknown>\n#5 0x558b5fe344e3 <unknown>\n#6 0x558b5fe09d1a <unknown>\n#7 0x558b5fe0ae75 <unknown>\n#8 0x558b600aeefd <unknown>\n#9 0x558b600c819b <unknown>\n#10 0x558b600b0c65 <unknown>\n#11 0x558b600c8ec8 <unknown>\n#12 0x558b600a4360 <unknown>\n#13 0x558b600e4a68 <unknown>\n#14 0x558b600e4be8 <unknown>\n#15 0x558b600fe7fd <unknown>\n#16 0x7f52495da609 <unknown>",
      "time" : {
        "start" : 1650552884472,
        "stop" : 1650552884472,
        "duration" : 0
      }
    } ]
  },
  "4f2ea27f37071834fc2fa39ccf239962" : {
    "statistic" : {
      "failed" : 0,
      "broken" : 4,
      "skipped" : 0,
      "passed" : 0,
      "unknown" : 0,
      "total" : 4
    },
    "items" : [ {
      "uid" : "248a78ec624a4f36",
      "reportUrl" : "https://ArkadiyVoronov.github.io/Test_with_a_team/8//#testresult/248a78ec624a4f36",
      "status" : "broken",
      "statusDetails" : "selenium.common.exceptions.WebDriverException: Message: unknown error: Chrome failed to start: exited abnormally.\n  (unknown error: DevToolsActivePort file doesn't exist)\n  (The process started from chrome location /usr/bin/google-chrome is no longer running, so ChromeDriver is assuming that Chrome has crashed.)\nStacktrace:\n#0 0x56139078aad3 <unknown>\n#1 0x5613904ea568 <unknown>\n#2 0x56139050db37 <unknown>\n#3 0x56139050923a <unknown>\n#4 0x5613905442ba <unknown>\n#5 0x56139053e4e3 <unknown>\n#6 0x561390513d1a <unknown>\n#7 0x561390514e75 <unknown>\n#8 0x5613907b8efd <unknown>\n#9 0x5613907d219b <unknown>\n#10 0x5613907bac65 <unknown>\n#11 0x5613907d2ec8 <unknown>\n#12 0x5613907ae360 <unknown>\n#13 0x5613907eea68 <unknown>\n#14 0x5613907eebe8 <unknown>\n#15 0x5613908087fd <unknown>\n#16 0x7fdbe4509609 <unknown>",
      "time" : {
        "start" : 1650553929970,
        "stop" : 1650553929970,
        "duration" : 0
      }
    }, {
      "uid" : "e2b6a1c6adb262cf",
      "reportUrl" : "https://ArkadiyVoronov.github.io/Test_with_a_team/7//#testresult/e2b6a1c6adb262cf",
      "status" : "broken",
      "statusDetails" : "selenium.common.exceptions.WebDriverException: Message: unknown error: Chrome failed to start: exited abnormally.\n  (unknown error: DevToolsActivePort file doesn't exist)\n  (The process started from chrome location /usr/bin/google-chrome is no longer running, so ChromeDriver is assuming that Chrome has crashed.)\nStacktrace:\n#0 0x55c8cde27ad3 <unknown>\n#1 0x55c8cdb87568 <unknown>\n#2 0x55c8cdbaab37 <unknown>\n#3 0x55c8cdba623a <unknown>\n#4 0x55c8cdbe12ba <unknown>\n#5 0x55c8cdbdb4e3 <unknown>\n#6 0x55c8cdbb0d1a <unknown>\n#7 0x55c8cdbb1e75 <unknown>\n#8 0x55c8cde55efd <unknown>\n#9 0x55c8cde6f19b <unknown>\n#10 0x55c8cde57c65 <unknown>\n#11 0x55c8cde6fec8 <unknown>\n#12 0x55c8cde4b360 <unknown>\n#13 0x55c8cde8ba68 <unknown>\n#14 0x55c8cde8bbe8 <unknown>\n#15 0x55c8cdea57fd <unknown>\n#16 0x7faa64e78609 <unknown>",
      "time" : {
        "start" : 1650553746017,
        "stop" : 1650553746017,
        "duration" : 0
      }
    }, {
      "uid" : "e0b4e1baea556da5",
      "reportUrl" : "https://ArkadiyVoronov.github.io/Test_with_a_team/6//#testresult/e0b4e1baea556da5",
      "status" : "broken",
      "statusDetails" : "selenium.common.exceptions.WebDriverException: Message: unknown error: Chrome failed to start: exited abnormally.\n  (unknown error: DevToolsActivePort file doesn't exist)\n  (The process started from chrome location /usr/bin/google-chrome is no longer running, so ChromeDriver is assuming that Chrome has crashed.)\nStacktrace:\n#0 0x55a3003c7ad3 <unknown>\n#1 0x55a300127568 <unknown>\n#2 0x55a30014ab37 <unknown>\n#3 0x55a30014623a <unknown>\n#4 0x55a3001812ba <unknown>\n#5 0x55a30017b4e3 <unknown>\n#6 0x55a300150d1a <unknown>\n#7 0x55a300151e75 <unknown>\n#8 0x55a3003f5efd <unknown>\n#9 0x55a30040f19b <unknown>\n#10 0x55a3003f7c65 <unknown>\n#11 0x55a30040fec8 <unknown>\n#12 0x55a3003eb360 <unknown>\n#13 0x55a30042ba68 <unknown>\n#14 0x55a30042bbe8 <unknown>\n#15 0x55a3004457fd <unknown>\n#16 0x7f8d7c560609 <unknown>",
      "time" : {
        "start" : 1650553591275,
        "stop" : 1650553591275,
        "duration" : 0
      }
    }, {
      "uid" : "2a273f72e2ec77dc",
      "reportUrl" : "https://ArkadiyVoronov.github.io/Test_with_a_team/4//#testresult/2a273f72e2ec77dc",
      "status" : "broken",
      "statusDetails" : "selenium.common.exceptions.WebDriverException: Message: unknown error: Chrome failed to start: exited abnormally.\n  (unknown error: DevToolsActivePort file doesn't exist)\n  (The process started from chrome location /usr/bin/google-chrome is no longer running, so ChromeDriver is assuming that Chrome has crashed.)\nStacktrace:\n#0 0x556bb23cbad3 <unknown>\n#1 0x556bb212b568 <unknown>\n#2 0x556bb214eb37 <unknown>\n#3 0x556bb214a23a <unknown>\n#4 0x556bb21852ba <unknown>\n#5 0x556bb217f4e3 <unknown>\n#6 0x556bb2154d1a <unknown>\n#7 0x556bb2155e75 <unknown>\n#8 0x556bb23f9efd <unknown>\n#9 0x556bb241319b <unknown>\n#10 0x556bb23fbc65 <unknown>\n#11 0x556bb2413ec8 <unknown>\n#12 0x556bb23ef360 <unknown>\n#13 0x556bb242fa68 <unknown>\n#14 0x556bb242fbe8 <unknown>\n#15 0x556bb24497fd <unknown>\n#16 0x7f5458d6e609 <unknown>",
      "time" : {
        "start" : 1650552889621,
        "stop" : 1650552889621,
        "duration" : 0
      }
    } ]
  },
  "61867593fdd38e89dac24d2433eb7572" : {
    "statistic" : {
      "failed" : 0,
      "broken" : 4,
      "skipped" : 0,
      "passed" : 0,
      "unknown" : 0,
      "total" : 4
    },
    "items" : [ {
      "uid" : "baabde78f8434fb2",
      "reportUrl" : "https://ArkadiyVoronov.github.io/Test_with_a_team/8//#testresult/baabde78f8434fb2",
      "status" : "broken",
      "statusDetails" : "selenium.common.exceptions.WebDriverException: Message: unknown error: Chrome failed to start: exited abnormally.\n  (unknown error: DevToolsActivePort file doesn't exist)\n  (The process started from chrome location /usr/bin/google-chrome is no longer running, so ChromeDriver is assuming that Chrome has crashed.)\nStacktrace:\n#0 0x5574e7bdbad3 <unknown>\n#1 0x5574e793b568 <unknown>\n#2 0x5574e795eb37 <unknown>\n#3 0x5574e795a23a <unknown>\n#4 0x5574e79952ba <unknown>\n#5 0x5574e798f4e3 <unknown>\n#6 0x5574e7964d1a <unknown>\n#7 0x5574e7965e75 <unknown>\n#8 0x5574e7c09efd <unknown>\n#9 0x5574e7c2319b <unknown>\n#10 0x5574e7c0bc65 <unknown>\n#11 0x5574e7c23ec8 <unknown>\n#12 0x5574e7bff360 <unknown>\n#13 0x5574e7c3fa68 <unknown>\n#14 0x5574e7c3fbe8 <unknown>\n#15 0x5574e7c597fd <unknown>\n#16 0x7fd46da7b609 <unknown>",
      "time" : {
        "start" : 1650553926646,
        "stop" : 1650553926646,
        "duration" : 0
      }
    }, {
      "uid" : "833663f2d93d424",
      "reportUrl" : "https://ArkadiyVoronov.github.io/Test_with_a_team/7//#testresult/833663f2d93d424",
      "status" : "broken",
      "statusDetails" : "selenium.common.exceptions.WebDriverException: Message: unknown error: Chrome failed to start: exited abnormally.\n  (unknown error: DevToolsActivePort file doesn't exist)\n  (The process started from chrome location /usr/bin/google-chrome is no longer running, so ChromeDriver is assuming that Chrome has crashed.)\nStacktrace:\n#0 0x55a62c574ad3 <unknown>\n#1 0x55a62c2d4568 <unknown>\n#2 0x55a62c2f7b37 <unknown>\n#3 0x55a62c2f323a <unknown>\n#4 0x55a62c32e2ba <unknown>\n#5 0x55a62c3284e3 <unknown>\n#6 0x55a62c2fdd1a <unknown>\n#7 0x55a62c2fee75 <unknown>\n#8 0x55a62c5a2efd <unknown>\n#9 0x55a62c5bc19b <unknown>\n#10 0x55a62c5a4c65 <unknown>\n#11 0x55a62c5bcec8 <unknown>\n#12 0x55a62c598360 <unknown>\n#13 0x55a62c5d8a68 <unknown>\n#14 0x55a62c5d8be8 <unknown>\n#15 0x55a62c5f27fd <unknown>\n#16 0x7fb384647609 <unknown>",
      "time" : {
        "start" : 1650553742754,
        "stop" : 1650553742754,
        "duration" : 0
      }
    }, {
      "uid" : "424fba84a938faf9",
      "reportUrl" : "https://ArkadiyVoronov.github.io/Test_with_a_team/6//#testresult/424fba84a938faf9",
      "status" : "broken",
      "statusDetails" : "selenium.common.exceptions.WebDriverException: Message: unknown error: Chrome failed to start: exited abnormally.\n  (unknown error: DevToolsActivePort file doesn't exist)\n  (The process started from chrome location /usr/bin/google-chrome is no longer running, so ChromeDriver is assuming that Chrome has crashed.)\nStacktrace:\n#0 0x556a32183ad3 <unknown>\n#1 0x556a31ee3568 <unknown>\n#2 0x556a31f06b37 <unknown>\n#3 0x556a31f0223a <unknown>\n#4 0x556a31f3d2ba <unknown>\n#5 0x556a31f374e3 <unknown>\n#6 0x556a31f0cd1a <unknown>\n#7 0x556a31f0de75 <unknown>\n#8 0x556a321b1efd <unknown>\n#9 0x556a321cb19b <unknown>\n#10 0x556a321b3c65 <unknown>\n#11 0x556a321cbec8 <unknown>\n#12 0x556a321a7360 <unknown>\n#13 0x556a321e7a68 <unknown>\n#14 0x556a321e7be8 <unknown>\n#15 0x556a322017fd <unknown>\n#16 0x7f47c29e8609 <unknown>",
      "time" : {
        "start" : 1650553587711,
        "stop" : 1650553587711,
        "duration" : 0
      }
    }, {
      "uid" : "4a419de1b3e488b9",
      "reportUrl" : "https://ArkadiyVoronov.github.io/Test_with_a_team/4//#testresult/4a419de1b3e488b9",
      "status" : "broken",
      "statusDetails" : "selenium.common.exceptions.WebDriverException: Message: unknown error: Chrome failed to start: exited abnormally.\n  (unknown error: DevToolsActivePort file doesn't exist)\n  (The process started from chrome location /usr/bin/google-chrome is no longer running, so ChromeDriver is assuming that Chrome has crashed.)\nStacktrace:\n#0 0x56089df99ad3 <unknown>\n#1 0x56089dcf9568 <unknown>\n#2 0x56089dd1cb37 <unknown>\n#3 0x56089dd1823a <unknown>\n#4 0x56089dd532ba <unknown>\n#5 0x56089dd4d4e3 <unknown>\n#6 0x56089dd22d1a <unknown>\n#7 0x56089dd23e75 <unknown>\n#8 0x56089dfc7efd <unknown>\n#9 0x56089dfe119b <unknown>\n#10 0x56089dfc9c65 <unknown>\n#11 0x56089dfe1ec8 <unknown>\n#12 0x56089dfbd360 <unknown>\n#13 0x56089dffda68 <unknown>\n#14 0x56089dffdbe8 <unknown>\n#15 0x56089e0177fd <unknown>\n#16 0x7f386b192609 <unknown>",
      "time" : {
        "start" : 1650552886027,
        "stop" : 1650552886027,
        "duration" : 0
      }
    } ]
  },
  "abe281e69e7e1e8c3f79534f10791ac9" : {
    "statistic" : {
      "failed" : 0,
      "broken" : 4,
      "skipped" : 0,
      "passed" : 0,
      "unknown" : 0,
      "total" : 4
    },
    "items" : [ {
      "uid" : "7271b44914f9db39",
      "reportUrl" : "https://ArkadiyVoronov.github.io/Test_with_a_team/8//#testresult/7271b44914f9db39",
      "status" : "broken",
      "statusDetails" : "selenium.common.exceptions.WebDriverException: Message: unknown error: Chrome failed to start: exited abnormally.\n  (unknown error: DevToolsActivePort file doesn't exist)\n  (The process started from chrome location /usr/bin/google-chrome is no longer running, so ChromeDriver is assuming that Chrome has crashed.)\nStacktrace:\n#0 0x55dde3fd6ad3 <unknown>\n#1 0x55dde3d36568 <unknown>\n#2 0x55dde3d59b37 <unknown>\n#3 0x55dde3d5523a <unknown>\n#4 0x55dde3d902ba <unknown>\n#5 0x55dde3d8a4e3 <unknown>\n#6 0x55dde3d5fd1a <unknown>\n#7 0x55dde3d60e75 <unknown>\n#8 0x55dde4004efd <unknown>\n#9 0x55dde401e19b <unknown>\n#10 0x55dde4006c65 <unknown>\n#11 0x55dde401eec8 <unknown>\n#12 0x55dde3ffa360 <unknown>\n#13 0x55dde403aa68 <unknown>\n#14 0x55dde403abe8 <unknown>\n#15 0x55dde40547fd <unknown>\n#16 0x7f72f9f94609 <unknown>",
      "time" : {
        "start" : 1650553935564,
        "stop" : 1650553935564,
        "duration" : 0
      }
    }, {
      "uid" : "aac07c634482886f",
      "reportUrl" : "https://ArkadiyVoronov.github.io/Test_with_a_team/7//#testresult/aac07c634482886f",
      "status" : "broken",
      "statusDetails" : "selenium.common.exceptions.WebDriverException: Message: unknown error: Chrome failed to start: exited abnormally.\n  (unknown error: DevToolsActivePort file doesn't exist)\n  (The process started from chrome location /usr/bin/google-chrome is no longer running, so ChromeDriver is assuming that Chrome has crashed.)\nStacktrace:\n#0 0x56141a4a5ad3 <unknown>\n#1 0x56141a205568 <unknown>\n#2 0x56141a228b37 <unknown>\n#3 0x56141a22423a <unknown>\n#4 0x56141a25f2ba <unknown>\n#5 0x56141a2594e3 <unknown>\n#6 0x56141a22ed1a <unknown>\n#7 0x56141a22fe75 <unknown>\n#8 0x56141a4d3efd <unknown>\n#9 0x56141a4ed19b <unknown>\n#10 0x56141a4d5c65 <unknown>\n#11 0x56141a4edec8 <unknown>\n#12 0x56141a4c9360 <unknown>\n#13 0x56141a509a68 <unknown>\n#14 0x56141a509be8 <unknown>\n#15 0x56141a5237fd <unknown>\n#16 0x7f294e359609 <unknown>",
      "time" : {
        "start" : 1650553751506,
        "stop" : 1650553751506,
        "duration" : 0
      }
    }, {
      "uid" : "ca77d6680a146591",
      "reportUrl" : "https://ArkadiyVoronov.github.io/Test_with_a_team/6//#testresult/ca77d6680a146591",
      "status" : "broken",
      "statusDetails" : "selenium.common.exceptions.WebDriverException: Message: unknown error: Chrome failed to start: exited abnormally.\n  (unknown error: DevToolsActivePort file doesn't exist)\n  (The process started from chrome location /usr/bin/google-chrome is no longer running, so ChromeDriver is assuming that Chrome has crashed.)\nStacktrace:\n#0 0x56252a0cead3 <unknown>\n#1 0x562529e2e568 <unknown>\n#2 0x562529e51b37 <unknown>\n#3 0x562529e4d23a <unknown>\n#4 0x562529e882ba <unknown>\n#5 0x562529e824e3 <unknown>\n#6 0x562529e57d1a <unknown>\n#7 0x562529e58e75 <unknown>\n#8 0x56252a0fcefd <unknown>\n#9 0x56252a11619b <unknown>\n#10 0x56252a0fec65 <unknown>\n#11 0x56252a116ec8 <unknown>\n#12 0x56252a0f2360 <unknown>\n#13 0x56252a132a68 <unknown>\n#14 0x56252a132be8 <unknown>\n#15 0x56252a14c7fd <unknown>\n#16 0x7f7ba3512609 <unknown>",
      "time" : {
        "start" : 1650553597180,
        "stop" : 1650553597180,
        "duration" : 0
      }
    }, {
      "uid" : "dfbdd299c72c5466",
      "reportUrl" : "https://ArkadiyVoronov.github.io/Test_with_a_team/4//#testresult/dfbdd299c72c5466",
      "status" : "broken",
      "statusDetails" : "selenium.common.exceptions.WebDriverException: Message: unknown error: Chrome failed to start: exited abnormally.\n  (unknown error: DevToolsActivePort file doesn't exist)\n  (The process started from chrome location /usr/bin/google-chrome is no longer running, so ChromeDriver is assuming that Chrome has crashed.)\nStacktrace:\n#0 0x559c3a26aad3 <unknown>\n#1 0x559c39fca568 <unknown>\n#2 0x559c39fedb37 <unknown>\n#3 0x559c39fe923a <unknown>\n#4 0x559c3a0242ba <unknown>\n#5 0x559c3a01e4e3 <unknown>\n#6 0x559c39ff3d1a <unknown>\n#7 0x559c39ff4e75 <unknown>\n#8 0x559c3a298efd <unknown>\n#9 0x559c3a2b219b <unknown>\n#10 0x559c3a29ac65 <unknown>\n#11 0x559c3a2b2ec8 <unknown>\n#12 0x559c3a28e360 <unknown>\n#13 0x559c3a2cea68 <unknown>\n#14 0x559c3a2cebe8 <unknown>\n#15 0x559c3a2e87fd <unknown>\n#16 0x7f9a7a44a609 <unknown>",
      "time" : {
        "start" : 1650552895492,
        "stop" : 1650552895492,
        "duration" : 0
      }
    } ]
  },
  "60f850f373cad4b08b79193da6847804" : {
    "statistic" : {
      "failed" : 0,
      "broken" : 4,
      "skipped" : 0,
      "passed" : 0,
      "unknown" : 0,
      "total" : 4
    },
    "items" : [ {
      "uid" : "b58d1906bdb6c903",
      "reportUrl" : "https://ArkadiyVoronov.github.io/Test_with_a_team/8//#testresult/b58d1906bdb6c903",
      "status" : "broken",
      "statusDetails" : "selenium.common.exceptions.WebDriverException: Message: unknown error: Chrome failed to start: exited abnormally.\n  (unknown error: DevToolsActivePort file doesn't exist)\n  (The process started from chrome location /usr/bin/google-chrome is no longer running, so ChromeDriver is assuming that Chrome has crashed.)\nStacktrace:\n#0 0x5596dc782ad3 <unknown>\n#1 0x5596dc4e2568 <unknown>\n#2 0x5596dc505b37 <unknown>\n#3 0x5596dc50123a <unknown>\n#4 0x5596dc53c2ba <unknown>\n#5 0x5596dc5364e3 <unknown>\n#6 0x5596dc50bd1a <unknown>\n#7 0x5596dc50ce75 <unknown>\n#8 0x5596dc7b0efd <unknown>\n#9 0x5596dc7ca19b <unknown>\n#10 0x5596dc7b2c65 <unknown>\n#11 0x5596dc7caec8 <unknown>\n#12 0x5596dc7a6360 <unknown>\n#13 0x5596dc7e6a68 <unknown>\n#14 0x5596dc7e6be8 <unknown>\n#15 0x5596dc8007fd <unknown>\n#16 0x7f76b506e609 <unknown>",
      "time" : {
        "start" : 1650553932979,
        "stop" : 1650553932979,
        "duration" : 0
      }
    }, {
      "uid" : "a6f5006cccca5443",
      "reportUrl" : "https://ArkadiyVoronov.github.io/Test_with_a_team/7//#testresult/a6f5006cccca5443",
      "status" : "broken",
      "statusDetails" : "selenium.common.exceptions.WebDriverException: Message: unknown error: Chrome failed to start: exited abnormally.\n  (unknown error: DevToolsActivePort file doesn't exist)\n  (The process started from chrome location /usr/bin/google-chrome is no longer running, so ChromeDriver is assuming that Chrome has crashed.)\nStacktrace:\n#0 0x563223ff8ad3 <unknown>\n#1 0x563223d58568 <unknown>\n#2 0x563223d7bb37 <unknown>\n#3 0x563223d7723a <unknown>\n#4 0x563223db22ba <unknown>\n#5 0x563223dac4e3 <unknown>\n#6 0x563223d81d1a <unknown>\n#7 0x563223d82e75 <unknown>\n#8 0x563224026efd <unknown>\n#9 0x56322404019b <unknown>\n#10 0x563224028c65 <unknown>\n#11 0x563224040ec8 <unknown>\n#12 0x56322401c360 <unknown>\n#13 0x56322405ca68 <unknown>\n#14 0x56322405cbe8 <unknown>\n#15 0x5632240767fd <unknown>\n#16 0x7f14f1b2a609 <unknown>",
      "time" : {
        "start" : 1650553748975,
        "stop" : 1650553748975,
        "duration" : 0
      }
    }, {
      "uid" : "bfebc455b2cbebbc",
      "reportUrl" : "https://ArkadiyVoronov.github.io/Test_with_a_team/6//#testresult/bfebc455b2cbebbc",
      "status" : "broken",
      "statusDetails" : "selenium.common.exceptions.WebDriverException: Message: unknown error: Chrome failed to start: exited abnormally.\n  (unknown error: DevToolsActivePort file doesn't exist)\n  (The process started from chrome location /usr/bin/google-chrome is no longer running, so ChromeDriver is assuming that Chrome has crashed.)\nStacktrace:\n#0 0x5638f902bad3 <unknown>\n#1 0x5638f8d8b568 <unknown>\n#2 0x5638f8daeb37 <unknown>\n#3 0x5638f8daa23a <unknown>\n#4 0x5638f8de52ba <unknown>\n#5 0x5638f8ddf4e3 <unknown>\n#6 0x5638f8db4d1a <unknown>\n#7 0x5638f8db5e75 <unknown>\n#8 0x5638f9059efd <unknown>\n#9 0x5638f907319b <unknown>\n#10 0x5638f905bc65 <unknown>\n#11 0x5638f9073ec8 <unknown>\n#12 0x5638f904f360 <unknown>\n#13 0x5638f908fa68 <unknown>\n#14 0x5638f908fbe8 <unknown>\n#15 0x5638f90a97fd <unknown>\n#16 0x7ff3b9cc0609 <unknown>",
      "time" : {
        "start" : 1650553594407,
        "stop" : 1650553594407,
        "duration" : 0
      }
    }, {
      "uid" : "54a9d312674ff5a6",
      "reportUrl" : "https://ArkadiyVoronov.github.io/Test_with_a_team/4//#testresult/54a9d312674ff5a6",
      "status" : "broken",
      "statusDetails" : "selenium.common.exceptions.WebDriverException: Message: unknown error: Chrome failed to start: exited abnormally.\n  (unknown error: DevToolsActivePort file doesn't exist)\n  (The process started from chrome location /usr/bin/google-chrome is no longer running, so ChromeDriver is assuming that Chrome has crashed.)\nStacktrace:\n#0 0x55b425955ad3 <unknown>\n#1 0x55b4256b5568 <unknown>\n#2 0x55b4256d8b37 <unknown>\n#3 0x55b4256d423a <unknown>\n#4 0x55b42570f2ba <unknown>\n#5 0x55b4257094e3 <unknown>\n#6 0x55b4256ded1a <unknown>\n#7 0x55b4256dfe75 <unknown>\n#8 0x55b425983efd <unknown>\n#9 0x55b42599d19b <unknown>\n#10 0x55b425985c65 <unknown>\n#11 0x55b42599dec8 <unknown>\n#12 0x55b425979360 <unknown>\n#13 0x55b4259b9a68 <unknown>\n#14 0x55b4259b9be8 <unknown>\n#15 0x55b4259d37fd <unknown>\n#16 0x7ff479a12609 <unknown>",
      "time" : {
        "start" : 1650552892731,
        "stop" : 1650552892731,
        "duration" : 0
      }
    } ]
  },
  "bc6facd2d4fe631c3d78b1be68860e0e" : {
    "statistic" : {
      "failed" : 0,
      "broken" : 4,
      "skipped" : 0,
      "passed" : 0,
      "unknown" : 0,
      "total" : 4
    },
    "items" : [ {
      "uid" : "4f2fedf9be23826c",
      "reportUrl" : "https://ArkadiyVoronov.github.io/Test_with_a_team/8//#testresult/4f2fedf9be23826c",
      "status" : "broken",
      "statusDetails" : "selenium.common.exceptions.WebDriverException: Message: unknown error: Chrome failed to start: exited abnormally.\n  (unknown error: DevToolsActivePort file doesn't exist)\n  (The process started from chrome location /usr/bin/google-chrome is no longer running, so ChromeDriver is assuming that Chrome has crashed.)\nStacktrace:\n#0 0x557d6852aad3 <unknown>\n#1 0x557d6828a568 <unknown>\n#2 0x557d682adb37 <unknown>\n#3 0x557d682a923a <unknown>\n#4 0x557d682e42ba <unknown>\n#5 0x557d682de4e3 <unknown>\n#6 0x557d682b3d1a <unknown>\n#7 0x557d682b4e75 <unknown>\n#8 0x557d68558efd <unknown>\n#9 0x557d6857219b <unknown>\n#10 0x557d6855ac65 <unknown>\n#11 0x557d68572ec8 <unknown>\n#12 0x557d6854e360 <unknown>\n#13 0x557d6858ea68 <unknown>\n#14 0x557d6858ebe8 <unknown>\n#15 0x557d685a87fd <unknown>\n#16 0x7fc529886609 <unknown>",
      "time" : {
        "start" : 1650553929213,
        "stop" : 1650553929213,
        "duration" : 0
      }
    }, {
      "uid" : "c9570aabb62c5f36",
      "reportUrl" : "https://ArkadiyVoronov.github.io/Test_with_a_team/7//#testresult/c9570aabb62c5f36",
      "status" : "broken",
      "statusDetails" : "selenium.common.exceptions.WebDriverException: Message: unknown error: Chrome failed to start: exited abnormally.\n  (unknown error: DevToolsActivePort file doesn't exist)\n  (The process started from chrome location /usr/bin/google-chrome is no longer running, so ChromeDriver is assuming that Chrome has crashed.)\nStacktrace:\n#0 0x560ceb1b5ad3 <unknown>\n#1 0x560ceaf15568 <unknown>\n#2 0x560ceaf38b37 <unknown>\n#3 0x560ceaf3423a <unknown>\n#4 0x560ceaf6f2ba <unknown>\n#5 0x560ceaf694e3 <unknown>\n#6 0x560ceaf3ed1a <unknown>\n#7 0x560ceaf3fe75 <unknown>\n#8 0x560ceb1e3efd <unknown>\n#9 0x560ceb1fd19b <unknown>\n#10 0x560ceb1e5c65 <unknown>\n#11 0x560ceb1fdec8 <unknown>\n#12 0x560ceb1d9360 <unknown>\n#13 0x560ceb219a68 <unknown>\n#14 0x560ceb219be8 <unknown>\n#15 0x560ceb2337fd <unknown>\n#16 0x7f2439f17609 <unknown>",
      "time" : {
        "start" : 1650553745282,
        "stop" : 1650553745282,
        "duration" : 0
      }
    }, {
      "uid" : "e959f7b50e5c4044",
      "reportUrl" : "https://ArkadiyVoronov.github.io/Test_with_a_team/6//#testresult/e959f7b50e5c4044",
      "status" : "broken",
      "statusDetails" : "selenium.common.exceptions.WebDriverException: Message: unknown error: Chrome failed to start: exited abnormally.\n  (unknown error: DevToolsActivePort file doesn't exist)\n  (The process started from chrome location /usr/bin/google-chrome is no longer running, so ChromeDriver is assuming that Chrome has crashed.)\nStacktrace:\n#0 0x55734bda3ad3 <unknown>\n#1 0x55734bb03568 <unknown>\n#2 0x55734bb26b37 <unknown>\n#3 0x55734bb2223a <unknown>\n#4 0x55734bb5d2ba <unknown>\n#5 0x55734bb574e3 <unknown>\n#6 0x55734bb2cd1a <unknown>\n#7 0x55734bb2de75 <unknown>\n#8 0x55734bdd1efd <unknown>\n#9 0x55734bdeb19b <unknown>\n#10 0x55734bdd3c65 <unknown>\n#11 0x55734bdebec8 <unknown>\n#12 0x55734bdc7360 <unknown>\n#13 0x55734be07a68 <unknown>\n#14 0x55734be07be8 <unknown>\n#15 0x55734be217fd <unknown>\n#16 0x7fc0f6212609 <unknown>",
      "time" : {
        "start" : 1650553590502,
        "stop" : 1650553590502,
        "duration" : 0
      }
    }, {
      "uid" : "f2c444c1dc3cde0",
      "reportUrl" : "https://ArkadiyVoronov.github.io/Test_with_a_team/4//#testresult/f2c444c1dc3cde0",
      "status" : "broken",
      "statusDetails" : "selenium.common.exceptions.WebDriverException: Message: unknown error: Chrome failed to start: exited abnormally.\n  (unknown error: DevToolsActivePort file doesn't exist)\n  (The process started from chrome location /usr/bin/google-chrome is no longer running, so ChromeDriver is assuming that Chrome has crashed.)\nStacktrace:\n#0 0x55c67ae07ad3 <unknown>\n#1 0x55c67ab67568 <unknown>\n#2 0x55c67ab8ab37 <unknown>\n#3 0x55c67ab8623a <unknown>\n#4 0x55c67abc12ba <unknown>\n#5 0x55c67abbb4e3 <unknown>\n#6 0x55c67ab90d1a <unknown>\n#7 0x55c67ab91e75 <unknown>\n#8 0x55c67ae35efd <unknown>\n#9 0x55c67ae4f19b <unknown>\n#10 0x55c67ae37c65 <unknown>\n#11 0x55c67ae4fec8 <unknown>\n#12 0x55c67ae2b360 <unknown>\n#13 0x55c67ae6ba68 <unknown>\n#14 0x55c67ae6bbe8 <unknown>\n#15 0x55c67ae857fd <unknown>\n#16 0x7fea447c2609 <unknown>",
      "time" : {
        "start" : 1650552888844,
        "stop" : 1650552888844,
        "duration" : 0
      }
    } ]
  },
  "1a30aaf420c2497df1440669760fdbe5" : {
    "statistic" : {
      "failed" : 0,
      "broken" : 4,
      "skipped" : 0,
      "passed" : 0,
      "unknown" : 0,
      "total" : 4
    },
    "items" : [ {
      "uid" : "20580c48cf878cee",
      "reportUrl" : "https://ArkadiyVoronov.github.io/Test_with_a_team/8//#testresult/20580c48cf878cee",
      "status" : "broken",
      "statusDetails" : "selenium.common.exceptions.WebDriverException: Message: unknown error: Chrome failed to start: exited abnormally.\n  (unknown error: DevToolsActivePort file doesn't exist)\n  (The process started from chrome location /usr/bin/google-chrome is no longer running, so ChromeDriver is assuming that Chrome has crashed.)\nStacktrace:\n#0 0x56433a9dcad3 <unknown>\n#1 0x56433a73c568 <unknown>\n#2 0x56433a75fb37 <unknown>\n#3 0x56433a75b23a <unknown>\n#4 0x56433a7962ba <unknown>\n#5 0x56433a7904e3 <unknown>\n#6 0x56433a765d1a <unknown>\n#7 0x56433a766e75 <unknown>\n#8 0x56433aa0aefd <unknown>\n#9 0x56433aa2419b <unknown>\n#10 0x56433aa0cc65 <unknown>\n#11 0x56433aa24ec8 <unknown>\n#12 0x56433aa00360 <unknown>\n#13 0x56433aa40a68 <unknown>\n#14 0x56433aa40be8 <unknown>\n#15 0x56433aa5a7fd <unknown>\n#16 0x7fa065b71609 <unknown>",
      "time" : {
        "start" : 1650553924360,
        "stop" : 1650553924360,
        "duration" : 0
      }
    }, {
      "uid" : "4499f3c463d76d36",
      "reportUrl" : "https://ArkadiyVoronov.github.io/Test_with_a_team/7//#testresult/4499f3c463d76d36",
      "status" : "broken",
      "statusDetails" : "selenium.common.exceptions.WebDriverException: Message: unknown error: Chrome failed to start: exited abnormally.\n  (unknown error: DevToolsActivePort file doesn't exist)\n  (The process started from chrome location /usr/bin/google-chrome is no longer running, so ChromeDriver is assuming that Chrome has crashed.)\nStacktrace:\n#0 0x555922ce1ad3 <unknown>\n#1 0x555922a41568 <unknown>\n#2 0x555922a64b37 <unknown>\n#3 0x555922a6023a <unknown>\n#4 0x555922a9b2ba <unknown>\n#5 0x555922a954e3 <unknown>\n#6 0x555922a6ad1a <unknown>\n#7 0x555922a6be75 <unknown>\n#8 0x555922d0fefd <unknown>\n#9 0x555922d2919b <unknown>\n#10 0x555922d11c65 <unknown>\n#11 0x555922d29ec8 <unknown>\n#12 0x555922d05360 <unknown>\n#13 0x555922d45a68 <unknown>\n#14 0x555922d45be8 <unknown>\n#15 0x555922d5f7fd <unknown>\n#16 0x7f9a3dbed609 <unknown>",
      "time" : {
        "start" : 1650553740523,
        "stop" : 1650553740523,
        "duration" : 0
      }
    }, {
      "uid" : "2bcaa58c3b14636e",
      "reportUrl" : "https://ArkadiyVoronov.github.io/Test_with_a_team/6//#testresult/2bcaa58c3b14636e",
      "status" : "broken",
      "statusDetails" : "selenium.common.exceptions.WebDriverException: Message: unknown error: Chrome failed to start: exited abnormally.\n  (unknown error: DevToolsActivePort file doesn't exist)\n  (The process started from chrome location /usr/bin/google-chrome is no longer running, so ChromeDriver is assuming that Chrome has crashed.)\nStacktrace:\n#0 0x556d74bb2ad3 <unknown>\n#1 0x556d74912568 <unknown>\n#2 0x556d74935b37 <unknown>\n#3 0x556d7493123a <unknown>\n#4 0x556d7496c2ba <unknown>\n#5 0x556d749664e3 <unknown>\n#6 0x556d7493bd1a <unknown>\n#7 0x556d7493ce75 <unknown>\n#8 0x556d74be0efd <unknown>\n#9 0x556d74bfa19b <unknown>\n#10 0x556d74be2c65 <unknown>\n#11 0x556d74bfaec8 <unknown>\n#12 0x556d74bd6360 <unknown>\n#13 0x556d74c16a68 <unknown>\n#14 0x556d74c16be8 <unknown>\n#15 0x556d74c307fd <unknown>\n#16 0x7f942a40f609 <unknown>",
      "time" : {
        "start" : 1650553585216,
        "stop" : 1650553585216,
        "duration" : 0
      }
    }, {
      "uid" : "6b0ee110303c918b",
      "reportUrl" : "https://ArkadiyVoronov.github.io/Test_with_a_team/4//#testresult/6b0ee110303c918b",
      "status" : "broken",
      "statusDetails" : "selenium.common.exceptions.WebDriverException: Message: unknown error: Chrome failed to start: exited abnormally.\n  (unknown error: DevToolsActivePort file doesn't exist)\n  (The process started from chrome location /usr/bin/google-chrome is no longer running, so ChromeDriver is assuming that Chrome has crashed.)\nStacktrace:\n#0 0x556558c6bad3 <unknown>\n#1 0x5565589cb568 <unknown>\n#2 0x5565589eeb37 <unknown>\n#3 0x5565589ea23a <unknown>\n#4 0x556558a252ba <unknown>\n#5 0x556558a1f4e3 <unknown>\n#6 0x5565589f4d1a <unknown>\n#7 0x5565589f5e75 <unknown>\n#8 0x556558c99efd <unknown>\n#9 0x556558cb319b <unknown>\n#10 0x556558c9bc65 <unknown>\n#11 0x556558cb3ec8 <unknown>\n#12 0x556558c8f360 <unknown>\n#13 0x556558ccfa68 <unknown>\n#14 0x556558ccfbe8 <unknown>\n#15 0x556558ce97fd <unknown>\n#16 0x7f9973417609 <unknown>",
      "time" : {
        "start" : 1650552883703,
        "stop" : 1650552883703,
        "duration" : 0
      }
    } ]
  },
  "1d8ea9de05a74a2900f97e61e95a3248" : {
    "statistic" : {
      "failed" : 0,
      "broken" : 4,
      "skipped" : 0,
      "passed" : 0,
      "unknown" : 0,
      "total" : 4
    },
    "items" : [ {
      "uid" : "d68ce6df3ecaf404",
      "reportUrl" : "https://ArkadiyVoronov.github.io/Test_with_a_team/8//#testresult/d68ce6df3ecaf404",
      "status" : "broken",
      "statusDetails" : "selenium.common.exceptions.WebDriverException: Message: unknown error: Chrome failed to start: exited abnormally.\n  (unknown error: DevToolsActivePort file doesn't exist)\n  (The process started from chrome location /usr/bin/google-chrome is no longer running, so ChromeDriver is assuming that Chrome has crashed.)\nStacktrace:\n#0 0x5565cb964ad3 <unknown>\n#1 0x5565cb6c4568 <unknown>\n#2 0x5565cb6e7b37 <unknown>\n#3 0x5565cb6e323a <unknown>\n#4 0x5565cb71e2ba <unknown>\n#5 0x5565cb7184e3 <unknown>\n#6 0x5565cb6edd1a <unknown>\n#7 0x5565cb6eee75 <unknown>\n#8 0x5565cb992efd <unknown>\n#9 0x5565cb9ac19b <unknown>\n#10 0x5565cb994c65 <unknown>\n#11 0x5565cb9acec8 <unknown>\n#12 0x5565cb988360 <unknown>\n#13 0x5565cb9c8a68 <unknown>\n#14 0x5565cb9c8be8 <unknown>\n#15 0x5565cb9e27fd <unknown>\n#16 0x7fb3e1169609 <unknown>",
      "time" : {
        "start" : 1650553930718,
        "stop" : 1650553930718,
        "duration" : 0
      }
    }, {
      "uid" : "a4dfbcb24e5f678c",
      "reportUrl" : "https://ArkadiyVoronov.github.io/Test_with_a_team/7//#testresult/a4dfbcb24e5f678c",
      "status" : "broken",
      "statusDetails" : "selenium.common.exceptions.WebDriverException: Message: unknown error: Chrome failed to start: exited abnormally.\n  (unknown error: DevToolsActivePort file doesn't exist)\n  (The process started from chrome location /usr/bin/google-chrome is no longer running, so ChromeDriver is assuming that Chrome has crashed.)\nStacktrace:\n#0 0x560a3ef74ad3 <unknown>\n#1 0x560a3ecd4568 <unknown>\n#2 0x560a3ecf7b37 <unknown>\n#3 0x560a3ecf323a <unknown>\n#4 0x560a3ed2e2ba <unknown>\n#5 0x560a3ed284e3 <unknown>\n#6 0x560a3ecfdd1a <unknown>\n#7 0x560a3ecfee75 <unknown>\n#8 0x560a3efa2efd <unknown>\n#9 0x560a3efbc19b <unknown>\n#10 0x560a3efa4c65 <unknown>\n#11 0x560a3efbcec8 <unknown>\n#12 0x560a3ef98360 <unknown>\n#13 0x560a3efd8a68 <unknown>\n#14 0x560a3efd8be8 <unknown>\n#15 0x560a3eff27fd <unknown>\n#16 0x7f90fa5ad609 <unknown>",
      "time" : {
        "start" : 1650553746752,
        "stop" : 1650553746752,
        "duration" : 0
      }
    }, {
      "uid" : "117e83c71af9e9af",
      "reportUrl" : "https://ArkadiyVoronov.github.io/Test_with_a_team/6//#testresult/117e83c71af9e9af",
      "status" : "broken",
      "statusDetails" : "selenium.common.exceptions.WebDriverException: Message: unknown error: Chrome failed to start: exited abnormally.\n  (unknown error: DevToolsActivePort file doesn't exist)\n  (The process started from chrome location /usr/bin/google-chrome is no longer running, so ChromeDriver is assuming that Chrome has crashed.)\nStacktrace:\n#0 0x556534ec5ad3 <unknown>\n#1 0x556534c25568 <unknown>\n#2 0x556534c48b37 <unknown>\n#3 0x556534c4423a <unknown>\n#4 0x556534c7f2ba <unknown>\n#5 0x556534c794e3 <unknown>\n#6 0x556534c4ed1a <unknown>\n#7 0x556534c4fe75 <unknown>\n#8 0x556534ef3efd <unknown>\n#9 0x556534f0d19b <unknown>\n#10 0x556534ef5c65 <unknown>\n#11 0x556534f0dec8 <unknown>\n#12 0x556534ee9360 <unknown>\n#13 0x556534f29a68 <unknown>\n#14 0x556534f29be8 <unknown>\n#15 0x556534f437fd <unknown>\n#16 0x7f51a15f4609 <unknown>",
      "time" : {
        "start" : 1650553592043,
        "stop" : 1650553592043,
        "duration" : 0
      }
    }, {
      "uid" : "ca250101d3ed7a68",
      "reportUrl" : "https://ArkadiyVoronov.github.io/Test_with_a_team/4//#testresult/ca250101d3ed7a68",
      "status" : "broken",
      "statusDetails" : "selenium.common.exceptions.WebDriverException: Message: unknown error: Chrome failed to start: exited abnormally.\n  (unknown error: DevToolsActivePort file doesn't exist)\n  (The process started from chrome location /usr/bin/google-chrome is no longer running, so ChromeDriver is assuming that Chrome has crashed.)\nStacktrace:\n#0 0x564774aeaad3 <unknown>\n#1 0x56477484a568 <unknown>\n#2 0x56477486db37 <unknown>\n#3 0x56477486923a <unknown>\n#4 0x5647748a42ba <unknown>\n#5 0x56477489e4e3 <unknown>\n#6 0x564774873d1a <unknown>\n#7 0x564774874e75 <unknown>\n#8 0x564774b18efd <unknown>\n#9 0x564774b3219b <unknown>\n#10 0x564774b1ac65 <unknown>\n#11 0x564774b32ec8 <unknown>\n#12 0x564774b0e360 <unknown>\n#13 0x564774b4ea68 <unknown>\n#14 0x564774b4ebe8 <unknown>\n#15 0x564774b687fd <unknown>\n#16 0x7fad0a2ae609 <unknown>",
      "time" : {
        "start" : 1650552890399,
        "stop" : 1650552890399,
        "duration" : 0
      }
    } ]
  },
  "176c0fa12fe39331a20909649fdc8e23" : {
    "statistic" : {
      "failed" : 0,
      "broken" : 4,
      "skipped" : 0,
      "passed" : 0,
      "unknown" : 0,
      "total" : 4
    },
    "items" : [ {
      "uid" : "704837b33e44827c",
      "reportUrl" : "https://ArkadiyVoronov.github.io/Test_with_a_team/8//#testresult/704837b33e44827c",
      "status" : "broken",
      "statusDetails" : "selenium.common.exceptions.WebDriverException: Message: unknown error: Chrome failed to start: exited abnormally.\n  (unknown error: DevToolsActivePort file doesn't exist)\n  (The process started from chrome location /usr/bin/google-chrome is no longer running, so ChromeDriver is assuming that Chrome has crashed.)\nStacktrace:\n#0 0x55710e831ad3 <unknown>\n#1 0x55710e591568 <unknown>\n#2 0x55710e5b4b37 <unknown>\n#3 0x55710e5b023a <unknown>\n#4 0x55710e5eb2ba <unknown>\n#5 0x55710e5e54e3 <unknown>\n#6 0x55710e5bad1a <unknown>\n#7 0x55710e5bbe75 <unknown>\n#8 0x55710e85fefd <unknown>\n#9 0x55710e87919b <unknown>\n#10 0x55710e861c65 <unknown>\n#11 0x55710e879ec8 <unknown>\n#12 0x55710e855360 <unknown>\n#13 0x55710e895a68 <unknown>\n#14 0x55710e895be8 <unknown>\n#15 0x55710e8af7fd <unknown>\n#16 0x7fb465537609 <unknown>",
      "time" : {
        "start" : 1650553937085,
        "stop" : 1650553937085,
        "duration" : 0
      }
    }, {
      "uid" : "443df8fb6cf60db4",
      "reportUrl" : "https://ArkadiyVoronov.github.io/Test_with_a_team/7//#testresult/443df8fb6cf60db4",
      "status" : "broken",
      "statusDetails" : "selenium.common.exceptions.WebDriverException: Message: unknown error: Chrome failed to start: exited abnormally.\n  (unknown error: DevToolsActivePort file doesn't exist)\n  (The process started from chrome location /usr/bin/google-chrome is no longer running, so ChromeDriver is assuming that Chrome has crashed.)\nStacktrace:\n#0 0x557b9ace2ad3 <unknown>\n#1 0x557b9aa42568 <unknown>\n#2 0x557b9aa65b37 <unknown>\n#3 0x557b9aa6123a <unknown>\n#4 0x557b9aa9c2ba <unknown>\n#5 0x557b9aa964e3 <unknown>\n#6 0x557b9aa6bd1a <unknown>\n#7 0x557b9aa6ce75 <unknown>\n#8 0x557b9ad10efd <unknown>\n#9 0x557b9ad2a19b <unknown>\n#10 0x557b9ad12c65 <unknown>\n#11 0x557b9ad2aec8 <unknown>\n#12 0x557b9ad06360 <unknown>\n#13 0x557b9ad46a68 <unknown>\n#14 0x557b9ad46be8 <unknown>\n#15 0x557b9ad607fd <unknown>\n#16 0x7f5a540b9609 <unknown>",
      "time" : {
        "start" : 1650553753993,
        "stop" : 1650553753993,
        "duration" : 0
      }
    }, {
      "uid" : "4dc9d0117ff6ab1",
      "reportUrl" : "https://ArkadiyVoronov.github.io/Test_with_a_team/6//#testresult/4dc9d0117ff6ab1",
      "status" : "broken",
      "statusDetails" : "selenium.common.exceptions.WebDriverException: Message: unknown error: Chrome failed to start: exited abnormally.\n  (unknown error: DevToolsActivePort file doesn't exist)\n  (The process started from chrome location /usr/bin/google-chrome is no longer running, so ChromeDriver is assuming that Chrome has crashed.)\nStacktrace:\n#0 0x555764c1ead3 <unknown>\n#1 0x55576497e568 <unknown>\n#2 0x5557649a1b37 <unknown>\n#3 0x55576499d23a <unknown>\n#4 0x5557649d82ba <unknown>\n#5 0x5557649d24e3 <unknown>\n#6 0x5557649a7d1a <unknown>\n#7 0x5557649a8e75 <unknown>\n#8 0x555764c4cefd <unknown>\n#9 0x555764c6619b <unknown>\n#10 0x555764c4ec65 <unknown>\n#11 0x555764c66ec8 <unknown>\n#12 0x555764c42360 <unknown>\n#13 0x555764c82a68 <unknown>\n#14 0x555764c82be8 <unknown>\n#15 0x555764c9c7fd <unknown>\n#16 0x7ff55ddd8609 <unknown>",
      "time" : {
        "start" : 1650553598740,
        "stop" : 1650553598740,
        "duration" : 0
      }
    }, {
      "uid" : "2c7e8b10999c65f9",
      "reportUrl" : "https://ArkadiyVoronov.github.io/Test_with_a_team/4//#testresult/2c7e8b10999c65f9",
      "status" : "broken",
      "statusDetails" : "selenium.common.exceptions.WebDriverException: Message: unknown error: Chrome failed to start: exited abnormally.\n  (unknown error: DevToolsActivePort file doesn't exist)\n  (The process started from chrome location /usr/bin/google-chrome is no longer running, so ChromeDriver is assuming that Chrome has crashed.)\nStacktrace:\n#0 0x56292e1c7ad3 <unknown>\n#1 0x56292df27568 <unknown>\n#2 0x56292df4ab37 <unknown>\n#3 0x56292df4623a <unknown>\n#4 0x56292df812ba <unknown>\n#5 0x56292df7b4e3 <unknown>\n#6 0x56292df50d1a <unknown>\n#7 0x56292df51e75 <unknown>\n#8 0x56292e1f5efd <unknown>\n#9 0x56292e20f19b <unknown>\n#10 0x56292e1f7c65 <unknown>\n#11 0x56292e20fec8 <unknown>\n#12 0x56292e1eb360 <unknown>\n#13 0x56292e22ba68 <unknown>\n#14 0x56292e22bbe8 <unknown>\n#15 0x56292e2457fd <unknown>\n#16 0x7f4e8c704609 <unknown>",
      "time" : {
        "start" : 1650552897047,
        "stop" : 1650552897047,
        "duration" : 0
      }
    } ]
  }
}