{
  "uid" : "13317202920e63ef",
  "name" : "test_invalid_password_registration",
  "fullName" : "test.test_register_page.TestRegisterPage#test_invalid_password_registration",
  "historyId" : "01b438911ee3bb8991a6fe66fdbb827e",
  "time" : {
    "start" : 1650905596846,
    "stop" : 1650905596846,
    "duration" : 0
  },
  "description" : "\n        Регистрация с разными паролями.\n        ",
  "descriptionHtml" : "<pre><code>    Регистрация с разными паролями.\n</code></pre>\n",
  "status" : "broken",
  "statusMessage" : "selenium.common.exceptions.WebDriverException: Message: unknown error: Chrome failed to start: exited abnormally.\n  (unknown error: DevToolsActivePort file doesn't exist)\n  (The process started from chrome location /usr/bin/google-chrome is no longer running, so ChromeDriver is assuming that Chrome has crashed.)\nStacktrace:\n#0 0x56035bb7dad3 <unknown>\n#1 0x56035b8dd568 <unknown>\n#2 0x56035b900b37 <unknown>\n#3 0x56035b8fc23a <unknown>\n#4 0x56035b9372ba <unknown>\n#5 0x56035b9314e3 <unknown>\n#6 0x56035b906d1a <unknown>\n#7 0x56035b907e75 <unknown>\n#8 0x56035bbabefd <unknown>\n#9 0x56035bbc519b <unknown>\n#10 0x56035bbadc65 <unknown>\n#11 0x56035bbc5ec8 <unknown>\n#12 0x56035bba1360 <unknown>\n#13 0x56035bbe1a68 <unknown>\n#14 0x56035bbe1be8 <unknown>\n#15 0x56035bbfb7fd <unknown>\n#16 0x7fc618d3e609 <unknown>",
  "statusTrace" : "request = <SubRequest 'app' for <Function test_balance_transfer>>\n\n    @pytest.fixture(scope=\"session\")\n    def app(request):\n        base_url = \"https://berpress.github.io/react-shop/\"\n        url = request.config.getoption(\"--url\")\n        logger.info(f\"Start app on {url}\")\n        headless = request.config.getoption(\"--headless\")\n        report_dir = request.config.getoption(\"--alluredir\")\n        fixture = Application(base_url, report_dir, headless)\n        chrome_options = Options()\n        chrome_options.add_argument(\"window-size=1800,1080\")\n        if headless:\n            chrome_options.headless = True\n        else:\n            chrome_options.headless = False\n>       driver = webdriver.Chrome(ChromeDriverManager().install(),\n                                  options=chrome_options)\n\nconftest.py:42: \n_ _ _ _ _ _ _ _ _ _ _ _ _ _ _ _ _ _ _ _ _ _ _ _ _ _ _ _ _ _ _ _ _ _ _ _ _ _ _ _ \n../../../.local/lib/python3.8/site-packages/selenium/webdriver/chrome/webdriver.py:70: in __init__\n    super(WebDriver, self).__init__(DesiredCapabilities.CHROME['browserName'], \"goog\",\n../../../.local/lib/python3.8/site-packages/selenium/webdriver/chromium/webdriver.py:93: in __init__\n    RemoteWebDriver.__init__(\n../../../.local/lib/python3.8/site-packages/selenium/webdriver/remote/webdriver.py:269: in __init__\n    self.start_session(capabilities, browser_profile)\n../../../.local/lib/python3.8/site-packages/selenium/webdriver/remote/webdriver.py:360: in start_session\n    response = self.execute(Command.NEW_SESSION, parameters)\n../../../.local/lib/python3.8/site-packages/selenium/webdriver/remote/webdriver.py:425: in execute\n    self.error_handler.check_response(response)\n_ _ _ _ _ _ _ _ _ _ _ _ _ _ _ _ _ _ _ _ _ _ _ _ _ _ _ _ _ _ _ _ _ _ _ _ _ _ _ _ \n\nself = <selenium.webdriver.remote.errorhandler.ErrorHandler object at 0x7fce1919d160>\nresponse = {'status': 500, 'value': '{\"value\":{\"error\":\"unknown error\",\"message\":\"unknown error: Chrome failed to start: exited a...\\\\n#14 0x56035bbe1be8 \\\\u003Cunknown>\\\\n#15 0x56035bbfb7fd \\\\u003Cunknown>\\\\n#16 0x7fc618d3e609 \\\\u003Cunknown>\\\\n\"}}'}\n\n    def check_response(self, response: Dict[str, Any]) -> None:\n        \"\"\"\n        Checks that a JSON response from the WebDriver does not have an error.\n    \n        :Args:\n         - response - The JSON response from the WebDriver server as a dictionary\n           object.\n    \n        :Raises: If the response contains an error message.\n        \"\"\"\n        status = response.get('status', None)\n        if not status or status == ErrorCode.SUCCESS:\n            return\n        value = None\n        message = response.get(\"message\", \"\")\n        screen: str = response.get(\"screen\", \"\")\n        stacktrace = None\n        if isinstance(status, int):\n            value_json = response.get('value', None)\n            if value_json and isinstance(value_json, str):\n                import json\n                try:\n                    value = json.loads(value_json)\n                    if len(value.keys()) == 1:\n                        value = value['value']\n                    status = value.get('error', None)\n                    if not status:\n                        status = value.get(\"status\", ErrorCode.UNKNOWN_ERROR)\n                        message = value.get(\"value\") or value.get(\"message\")\n                        if not isinstance(message, str):\n                            value = message\n                            message = message.get('message')\n                    else:\n                        message = value.get('message', None)\n                except ValueError:\n                    pass\n    \n        exception_class: Type[WebDriverException]\n        if status in ErrorCode.NO_SUCH_ELEMENT:\n            exception_class = NoSuchElementException\n        elif status in ErrorCode.NO_SUCH_FRAME:\n            exception_class = NoSuchFrameException\n        elif status in ErrorCode.NO_SUCH_SHADOW_ROOT:\n            exception_class = NoSuchShadowRootException\n        elif status in ErrorCode.NO_SUCH_WINDOW:\n            exception_class = NoSuchWindowException\n        elif status in ErrorCode.STALE_ELEMENT_REFERENCE:\n            exception_class = StaleElementReferenceException\n        elif status in ErrorCode.ELEMENT_NOT_VISIBLE:\n            exception_class = ElementNotVisibleException\n        elif status in ErrorCode.INVALID_ELEMENT_STATE:\n            exception_class = InvalidElementStateException\n        elif status in ErrorCode.INVALID_SELECTOR \\\n                or status in ErrorCode.INVALID_XPATH_SELECTOR \\\n                or status in ErrorCode.INVALID_XPATH_SELECTOR_RETURN_TYPER:\n            exception_class = InvalidSelectorException\n        elif status in ErrorCode.ELEMENT_IS_NOT_SELECTABLE:\n            exception_class = ElementNotSelectableException\n        elif status in ErrorCode.ELEMENT_NOT_INTERACTABLE:\n            exception_class = ElementNotInteractableException\n        elif status in ErrorCode.INVALID_COOKIE_DOMAIN:\n            exception_class = InvalidCookieDomainException\n        elif status in ErrorCode.UNABLE_TO_SET_COOKIE:\n            exception_class = UnableToSetCookieException\n        elif status in ErrorCode.TIMEOUT:\n            exception_class = TimeoutException\n        elif status in ErrorCode.SCRIPT_TIMEOUT:\n            exception_class = TimeoutException\n        elif status in ErrorCode.UNKNOWN_ERROR:\n            exception_class = WebDriverException\n        elif status in ErrorCode.UNEXPECTED_ALERT_OPEN:\n            exception_class = UnexpectedAlertPresentException\n        elif status in ErrorCode.NO_ALERT_OPEN:\n            exception_class = NoAlertPresentException\n        elif status in ErrorCode.IME_NOT_AVAILABLE:\n            exception_class = ImeNotAvailableException\n        elif status in ErrorCode.IME_ENGINE_ACTIVATION_FAILED:\n            exception_class = ImeActivationFailedException\n        elif status in ErrorCode.MOVE_TARGET_OUT_OF_BOUNDS:\n            exception_class = MoveTargetOutOfBoundsException\n        elif status in ErrorCode.JAVASCRIPT_ERROR:\n            exception_class = JavascriptException\n        elif status in ErrorCode.SESSION_NOT_CREATED:\n            exception_class = SessionNotCreatedException\n        elif status in ErrorCode.INVALID_ARGUMENT:\n            exception_class = InvalidArgumentException\n        elif status in ErrorCode.NO_SUCH_COOKIE:\n            exception_class = NoSuchCookieException\n        elif status in ErrorCode.UNABLE_TO_CAPTURE_SCREEN:\n            exception_class = ScreenshotException\n        elif status in ErrorCode.ELEMENT_CLICK_INTERCEPTED:\n            exception_class = ElementClickInterceptedException\n        elif status in ErrorCode.INSECURE_CERTIFICATE:\n            exception_class = InsecureCertificateException\n        elif status in ErrorCode.INVALID_COORDINATES:\n            exception_class = InvalidCoordinatesException\n        elif status in ErrorCode.INVALID_SESSION_ID:\n            exception_class = InvalidSessionIdException\n        elif status in ErrorCode.UNKNOWN_METHOD:\n            exception_class = UnknownMethodException\n        else:\n            exception_class = WebDriverException\n        if not value:\n            value = response['value']\n        if isinstance(value, str):\n            raise exception_class(value)\n        if message == \"\" and 'message' in value:\n            message = value['message']\n    \n        screen = None  # type: ignore[assignment]\n        if 'screen' in value:\n            screen = value['screen']\n    \n        stacktrace = None\n        st_value = value.get('stackTrace') or value.get('stacktrace')\n        if st_value:\n            if isinstance(st_value, str):\n                stacktrace = st_value.split('\\n')\n            else:\n                stacktrace = []\n                try:\n                    for frame in st_value:\n                        line = self._value_or_default(frame, 'lineNumber', '')\n                        file = self._value_or_default(frame, 'fileName', '<anonymous>')\n                        if line:\n                            file = \"%s:%s\" % (file, line)\n                        meth = self._value_or_default(frame, 'methodName', '<anonymous>')\n                        if 'className' in frame:\n                            meth = \"%s.%s\" % (frame['className'], meth)\n                        msg = \"    at %s (%s)\"\n                        msg = msg % (meth, file)\n                        stacktrace.append(msg)\n                except TypeError:\n                    pass\n        if exception_class == UnexpectedAlertPresentException:\n            alert_text = None\n            if 'data' in value:\n                alert_text = value['data'].get('text')\n            elif 'alert' in value:\n                alert_text = value['alert'].get('text')\n            raise exception_class(message, screen, stacktrace, alert_text)  # type: ignore[call-arg]  # mypy is not smart enough here\n>       raise exception_class(message, screen, stacktrace)\nE       selenium.common.exceptions.WebDriverException: Message: unknown error: Chrome failed to start: exited abnormally.\nE         (unknown error: DevToolsActivePort file doesn't exist)\nE         (The process started from chrome location /usr/bin/google-chrome is no longer running, so ChromeDriver is assuming that Chrome has crashed.)\nE       Stacktrace:\nE       #0 0x56035bb7dad3 <unknown>\nE       #1 0x56035b8dd568 <unknown>\nE       #2 0x56035b900b37 <unknown>\nE       #3 0x56035b8fc23a <unknown>\nE       #4 0x56035b9372ba <unknown>\nE       #5 0x56035b9314e3 <unknown>\nE       #6 0x56035b906d1a <unknown>\nE       #7 0x56035b907e75 <unknown>\nE       #8 0x56035bbabefd <unknown>\nE       #9 0x56035bbc519b <unknown>\nE       #10 0x56035bbadc65 <unknown>\nE       #11 0x56035bbc5ec8 <unknown>\nE       #12 0x56035bba1360 <unknown>\nE       #13 0x56035bbe1a68 <unknown>\nE       #14 0x56035bbe1be8 <unknown>\nE       #15 0x56035bbfb7fd <unknown>\nE       #16 0x7fc618d3e609 <unknown>\n\n../../../.local/lib/python3.8/site-packages/selenium/webdriver/remote/errorhandler.py:247: WebDriverException",
  "flaky" : false,
  "newFailed" : false,
  "beforeStages" : [ {
    "name" : "app",
    "time" : {
      "start" : 1650905594696,
      "stop" : 1650905596186,
      "duration" : 1490
    },
    "status" : "broken",
    "statusMessage" : "selenium.common.exceptions.WebDriverException: Message: unknown error: Chrome failed to start: exited abnormally.\n  (unknown error: DevToolsActivePort file doesn't exist)\n  (The process started from chrome location /usr/bin/google-chrome is no longer running, so ChromeDriver is assuming that Chrome has crashed.)\nStacktrace:\n#0 0x56035bb7dad3 <unknown>\n#1 0x56035b8dd568 <unknown>\n#2 0x56035b900b37 <unknown>\n#3 0x56035b8fc23a <unknown>\n#4 0x56035b9372ba <unknown>\n#5 0x56035b9314e3 <unknown>\n#6 0x56035b906d1a <unknown>\n#7 0x56035b907e75 <unknown>\n#8 0x56035bbabefd <unknown>\n#9 0x56035bbc519b <unknown>\n#10 0x56035bbadc65 <unknown>\n#11 0x56035bbc5ec8 <unknown>\n#12 0x56035bba1360 <unknown>\n#13 0x56035bbe1a68 <unknown>\n#14 0x56035bbe1be8 <unknown>\n#15 0x56035bbfb7fd <unknown>\n#16 0x7fc618d3e609 <unknown>\n\n",
    "statusTrace" : "  File \"/home/runner/.local/lib/python3.8/site-packages/pluggy/_callers.py\", line 39, in _multicall\n    res = hook_impl.function(*args)\n  File \"/home/runner/.local/lib/python3.8/site-packages/_pytest/fixtures.py\", line 1122, in pytest_fixture_setup\n    result = call_fixture_func(fixturefunc, request, kwargs)\n  File \"/home/runner/.local/lib/python3.8/site-packages/_pytest/fixtures.py\", line 917, in call_fixture_func\n    fixture_result = next(generator)\n  File \"/home/runner/work/Test_with_a_team/Test_with_a_team/conftest.py\", line 42, in app\n    driver = webdriver.Chrome(ChromeDriverManager().install(),\n  File \"/home/runner/.local/lib/python3.8/site-packages/selenium/webdriver/chrome/webdriver.py\", line 70, in __init__\n    super(WebDriver, self).__init__(DesiredCapabilities.CHROME['browserName'], \"goog\",\n  File \"/home/runner/.local/lib/python3.8/site-packages/selenium/webdriver/chromium/webdriver.py\", line 93, in __init__\n    RemoteWebDriver.__init__(\n  File \"/home/runner/.local/lib/python3.8/site-packages/selenium/webdriver/remote/webdriver.py\", line 269, in __init__\n    self.start_session(capabilities, browser_profile)\n  File \"/home/runner/.local/lib/python3.8/site-packages/selenium/webdriver/remote/webdriver.py\", line 360, in start_session\n    response = self.execute(Command.NEW_SESSION, parameters)\n  File \"/home/runner/.local/lib/python3.8/site-packages/selenium/webdriver/remote/webdriver.py\", line 425, in execute\n    self.error_handler.check_response(response)\n  File \"/home/runner/.local/lib/python3.8/site-packages/selenium/webdriver/remote/errorhandler.py\", line 247, in check_response\n    raise exception_class(message, screen, stacktrace)\n",
    "steps" : [ ],
    "attachments" : [ ],
    "parameters" : [ ],
    "stepsCount" : 0,
    "attachmentsCount" : 0,
    "shouldDisplayMessage" : true,
    "hasContent" : true
  }, {
    "name" : "_session_faker",
    "time" : {
      "start" : 1650905594683,
      "stop" : 1650905594696,
      "duration" : 13
    },
    "status" : "passed",
    "steps" : [ ],
    "attachments" : [ ],
    "parameters" : [ ],
    "stepsCount" : 0,
    "attachmentsCount" : 0,
    "shouldDisplayMessage" : false,
    "hasContent" : false
  } ],
  "afterStages" : [ ],
  "labels" : [ {
    "name" : "story",
    "value" : "Test register"
  }, {
    "name" : "parentSuite",
    "value" : "test"
  }, {
    "name" : "suite",
    "value" : "test_register_page"
  }, {
    "name" : "subSuite",
    "value" : "TestRegisterPage"
  }, {
    "name" : "host",
    "value" : "fv-az204-865"
  }, {
    "name" : "thread",
    "value" : "2238-MainThread"
  }, {
    "name" : "framework",
    "value" : "pytest"
  }, {
    "name" : "language",
    "value" : "cpython3"
  }, {
    "name" : "package",
    "value" : "test.test_register_page"
  }, {
    "name" : "resultFormat",
    "value" : "allure2"
  } ],
  "parameters" : [ ],
  "links" : [ ],
  "hidden" : false,
  "retry" : false,
  "extra" : {
    "severity" : "normal",
    "retries" : [ ],
    "categories" : [ {
      "name" : "Test defects",
      "matchedStatuses" : [ ],
      "flaky" : false
    } ],
    "history" : {
      "statistic" : {
        "failed" : 0,
        "broken" : 8,
        "skipped" : 0,
        "passed" : 0,
        "unknown" : 0,
        "total" : 8
      },
      "items" : [ {
        "uid" : "8a6455a1fd116c59",
        "reportUrl" : "https://ArkadiyVoronov.github.io/Test_with_a_team/13//#testresult/8a6455a1fd116c59",
        "status" : "broken",
        "statusDetails" : "selenium.common.exceptions.WebDriverException: Message: unknown error: Chrome failed to start: exited abnormally.\n  (unknown error: DevToolsActivePort file doesn't exist)\n  (The process started from chrome location /usr/bin/google-chrome is no longer running, so ChromeDriver is assuming that Chrome has crashed.)\nStacktrace:\n#0 0x562c13ea3ad3 <unknown>\n#1 0x562c13c03568 <unknown>\n#2 0x562c13c26b37 <unknown>\n#3 0x562c13c2223a <unknown>\n#4 0x562c13c5d2ba <unknown>\n#5 0x562c13c574e3 <unknown>\n#6 0x562c13c2cd1a <unknown>\n#7 0x562c13c2de75 <unknown>\n#8 0x562c13ed1efd <unknown>\n#9 0x562c13eeb19b <unknown>\n#10 0x562c13ed3c65 <unknown>\n#11 0x562c13eebec8 <unknown>\n#12 0x562c13ec7360 <unknown>\n#13 0x562c13f07a68 <unknown>\n#14 0x562c13f07be8 <unknown>\n#15 0x562c13f217fd <unknown>\n#16 0x7fc95a63b609 <unknown>",
        "time" : {
          "start" : 1650903987247,
          "stop" : 1650903987247,
          "duration" : 0
        }
      }, {
        "uid" : "b80be369f902c50e",
        "reportUrl" : "https://ArkadiyVoronov.github.io/Test_with_a_team/12//#testresult/b80be369f902c50e",
        "status" : "broken",
        "statusDetails" : "selenium.common.exceptions.WebDriverException: Message: unknown error: Chrome failed to start: exited abnormally.\n  (unknown error: DevToolsActivePort file doesn't exist)\n  (The process started from chrome location /usr/bin/google-chrome is no longer running, so ChromeDriver is assuming that Chrome has crashed.)\nStacktrace:\n#0 0x558c11a69ad3 <unknown>\n#1 0x558c117c9568 <unknown>\n#2 0x558c117ecb37 <unknown>\n#3 0x558c117e823a <unknown>\n#4 0x558c118232ba <unknown>\n#5 0x558c1181d4e3 <unknown>\n#6 0x558c117f2d1a <unknown>\n#7 0x558c117f3e75 <unknown>\n#8 0x558c11a97efd <unknown>\n#9 0x558c11ab119b <unknown>\n#10 0x558c11a99c65 <unknown>\n#11 0x558c11ab1ec8 <unknown>\n#12 0x558c11a8d360 <unknown>\n#13 0x558c11acda68 <unknown>\n#14 0x558c11acdbe8 <unknown>\n#15 0x558c11ae77fd <unknown>\n#16 0x7f8eccb14609 <unknown>",
        "time" : {
          "start" : 1650903814278,
          "stop" : 1650903814278,
          "duration" : 0
        }
      }, {
        "uid" : "a5bbbd1fc3284ee",
        "reportUrl" : "https://ArkadiyVoronov.github.io/Test_with_a_team/9//#testresult/a5bbbd1fc3284ee",
        "status" : "broken",
        "statusDetails" : "selenium.common.exceptions.WebDriverException: Message: unknown error: Chrome failed to start: exited abnormally.\n  (unknown error: DevToolsActivePort file doesn't exist)\n  (The process started from chrome location /usr/bin/google-chrome is no longer running, so ChromeDriver is assuming that Chrome has crashed.)\nStacktrace:\n#0 0x55db03096ad3 <unknown>\n#1 0x55db02df6568 <unknown>\n#2 0x55db02e19b37 <unknown>\n#3 0x55db02e1523a <unknown>\n#4 0x55db02e502ba <unknown>\n#5 0x55db02e4a4e3 <unknown>\n#6 0x55db02e1fd1a <unknown>\n#7 0x55db02e20e75 <unknown>\n#8 0x55db030c4efd <unknown>\n#9 0x55db030de19b <unknown>\n#10 0x55db030c6c65 <unknown>\n#11 0x55db030deec8 <unknown>\n#12 0x55db030ba360 <unknown>\n#13 0x55db030faa68 <unknown>\n#14 0x55db030fabe8 <unknown>\n#15 0x55db031147fd <unknown>\n#16 0x7f46703c6609 <unknown>",
        "time" : {
          "start" : 1650554013345,
          "stop" : 1650554013345,
          "duration" : 0
        }
      }, {
        "uid" : "f33b03ee0c3ebb77",
        "reportUrl" : "https://ArkadiyVoronov.github.io/Test_with_a_team/8//#testresult/f33b03ee0c3ebb77",
        "status" : "broken",
        "statusDetails" : "selenium.common.exceptions.WebDriverException: Message: unknown error: Chrome failed to start: exited abnormally.\n  (unknown error: DevToolsActivePort file doesn't exist)\n  (The process started from chrome location /usr/bin/google-chrome is no longer running, so ChromeDriver is assuming that Chrome has crashed.)\nStacktrace:\n#0 0x562f84b4ead3 <unknown>\n#1 0x562f848ae568 <unknown>\n#2 0x562f848d1b37 <unknown>\n#3 0x562f848cd23a <unknown>\n#4 0x562f849082ba <unknown>\n#5 0x562f849024e3 <unknown>\n#6 0x562f848d7d1a <unknown>\n#7 0x562f848d8e75 <unknown>\n#8 0x562f84b7cefd <unknown>\n#9 0x562f84b9619b <unknown>\n#10 0x562f84b7ec65 <unknown>\n#11 0x562f84b96ec8 <unknown>\n#12 0x562f84b72360 <unknown>\n#13 0x562f84bb2a68 <unknown>\n#14 0x562f84bb2be8 <unknown>\n#15 0x562f84bcc7fd <unknown>\n#16 0x7f99c7d07609 <unknown>",
        "time" : {
          "start" : 1650553936313,
          "stop" : 1650553936313,
          "duration" : 0
        }
      }, {
        "uid" : "2aa4831a49da1f53",
        "reportUrl" : "https://ArkadiyVoronov.github.io/Test_with_a_team/7//#testresult/2aa4831a49da1f53",
        "status" : "broken",
        "statusDetails" : "selenium.common.exceptions.WebDriverException: Message: unknown error: Chrome failed to start: exited abnormally.\n  (unknown error: DevToolsActivePort file doesn't exist)\n  (The process started from chrome location /usr/bin/google-chrome is no longer running, so ChromeDriver is assuming that Chrome has crashed.)\nStacktrace:\n#0 0x55c173a49ad3 <unknown>\n#1 0x55c1737a9568 <unknown>\n#2 0x55c1737ccb37 <unknown>\n#3 0x55c1737c823a <unknown>\n#4 0x55c1738032ba <unknown>\n#5 0x55c1737fd4e3 <unknown>\n#6 0x55c1737d2d1a <unknown>\n#7 0x55c1737d3e75 <unknown>\n#8 0x55c173a77efd <unknown>\n#9 0x55c173a9119b <unknown>\n#10 0x55c173a79c65 <unknown>\n#11 0x55c173a91ec8 <unknown>\n#12 0x55c173a6d360 <unknown>\n#13 0x55c173aada68 <unknown>\n#14 0x55c173aadbe8 <unknown>\n#15 0x55c173ac77fd <unknown>\n#16 0x7fc715504609 <unknown>",
        "time" : {
          "start" : 1650553752240,
          "stop" : 1650553752240,
          "duration" : 0
        }
      }, {
        "uid" : "c759eccedf4e347",
        "reportUrl" : "https://ArkadiyVoronov.github.io/Test_with_a_team/6//#testresult/c759eccedf4e347",
        "status" : "broken",
        "statusDetails" : "selenium.common.exceptions.WebDriverException: Message: unknown error: Chrome failed to start: exited abnormally.\n  (unknown error: DevToolsActivePort file doesn't exist)\n  (The process started from chrome location /usr/bin/google-chrome is no longer running, so ChromeDriver is assuming that Chrome has crashed.)\nStacktrace:\n#0 0x562de65c5ad3 <unknown>\n#1 0x562de6325568 <unknown>\n#2 0x562de6348b37 <unknown>\n#3 0x562de634423a <unknown>\n#4 0x562de637f2ba <unknown>\n#5 0x562de63794e3 <unknown>\n#6 0x562de634ed1a <unknown>\n#7 0x562de634fe75 <unknown>\n#8 0x562de65f3efd <unknown>\n#9 0x562de660d19b <unknown>\n#10 0x562de65f5c65 <unknown>\n#11 0x562de660dec8 <unknown>\n#12 0x562de65e9360 <unknown>\n#13 0x562de6629a68 <unknown>\n#14 0x562de6629be8 <unknown>\n#15 0x562de66437fd <unknown>\n#16 0x7fb794352609 <unknown>",
        "time" : {
          "start" : 1650553597946,
          "stop" : 1650553597946,
          "duration" : 0
        }
      }, {
        "uid" : "9501914379cebf4c",
        "reportUrl" : "https://ArkadiyVoronov.github.io/Test_with_a_team/4//#testresult/9501914379cebf4c",
        "status" : "broken",
        "statusDetails" : "selenium.common.exceptions.WebDriverException: Message: unknown error: Chrome failed to start: exited abnormally.\n  (unknown error: DevToolsActivePort file doesn't exist)\n  (The process started from chrome location /usr/bin/google-chrome is no longer running, so ChromeDriver is assuming that Chrome has crashed.)\nStacktrace:\n#0 0x55d54d677ad3 <unknown>\n#1 0x55d54d3d7568 <unknown>\n#2 0x55d54d3fab37 <unknown>\n#3 0x55d54d3f623a <unknown>\n#4 0x55d54d4312ba <unknown>\n#5 0x55d54d42b4e3 <unknown>\n#6 0x55d54d400d1a <unknown>\n#7 0x55d54d401e75 <unknown>\n#8 0x55d54d6a5efd <unknown>\n#9 0x55d54d6bf19b <unknown>\n#10 0x55d54d6a7c65 <unknown>\n#11 0x55d54d6bfec8 <unknown>\n#12 0x55d54d69b360 <unknown>\n#13 0x55d54d6dba68 <unknown>\n#14 0x55d54d6dbbe8 <unknown>\n#15 0x55d54d6f57fd <unknown>\n#16 0x7fda44a3f609 <unknown>",
        "time" : {
          "start" : 1650552896256,
          "stop" : 1650552896256,
          "duration" : 0
        }
      } ]
    },
    "tags" : [ ]
  },
  "source" : "13317202920e63ef.json",
  "parameterValues" : [ ]
}