{
  "uid" : "934a72d78b1148f8",
  "name" : "test_valid_registration",
  "fullName" : "test.test_register_page.TestRegisterPage#test_valid_registration",
  "historyId" : "0bc6c733d10ac808adf48d44b8a0ffea",
  "time" : {
    "start" : 1650905596772,
    "stop" : 1650905596772,
    "duration" : 0
  },
  "description" : "\n        Успешная регистрация.\n        ",
  "descriptionHtml" : "<pre><code>    Успешная регистрация.\n</code></pre>\n",
  "status" : "broken",
  "statusMessage" : "selenium.common.exceptions.WebDriverException: Message: unknown error: Chrome failed to start: exited abnormally.\n  (unknown error: DevToolsActivePort file doesn't exist)\n  (The process started from chrome location /usr/bin/google-chrome is no longer running, so ChromeDriver is assuming that Chrome has crashed.)\nStacktrace:\n#0 0x56035bb7dad3 <unknown>\n#1 0x56035b8dd568 <unknown>\n#2 0x56035b900b37 <unknown>\n#3 0x56035b8fc23a <unknown>\n#4 0x56035b9372ba <unknown>\n#5 0x56035b9314e3 <unknown>\n#6 0x56035b906d1a <unknown>\n#7 0x56035b907e75 <unknown>\n#8 0x56035bbabefd <unknown>\n#9 0x56035bbc519b <unknown>\n#10 0x56035bbadc65 <unknown>\n#11 0x56035bbc5ec8 <unknown>\n#12 0x56035bba1360 <unknown>\n#13 0x56035bbe1a68 <unknown>\n#14 0x56035bbe1be8 <unknown>\n#15 0x56035bbfb7fd <unknown>\n#16 0x7fc618d3e609 <unknown>",
  "statusTrace" : "request = <SubRequest 'app' for <Function test_balance_transfer>>\n\n    @pytest.fixture(scope=\"session\")\n    def app(request):\n        base_url = \"https://berpress.github.io/react-shop/\"\n        url = request.config.getoption(\"--url\")\n        logger.info(f\"Start app on {url}\")\n        headless = request.config.getoption(\"--headless\")\n        report_dir = request.config.getoption(\"--alluredir\")\n        fixture = Application(base_url, report_dir, headless)\n        chrome_options = Options()\n        chrome_options.add_argument(\"window-size=1800,1080\")\n        if headless:\n            chrome_options.headless = True\n        else:\n            chrome_options.headless = False\n>       driver = webdriver.Chrome(ChromeDriverManager().install(),\n                                  options=chrome_options)\n\nconftest.py:42: \n_ _ _ _ _ _ _ _ _ _ _ _ _ _ _ _ _ _ _ _ _ _ _ _ _ _ _ _ _ _ _ _ _ _ _ _ _ _ _ _ \n../../../.local/lib/python3.8/site-packages/selenium/webdriver/chrome/webdriver.py:70: in __init__\n    super(WebDriver, self).__init__(DesiredCapabilities.CHROME['browserName'], \"goog\",\n../../../.local/lib/python3.8/site-packages/selenium/webdriver/chromium/webdriver.py:93: in __init__\n    RemoteWebDriver.__init__(\n../../../.local/lib/python3.8/site-packages/selenium/webdriver/remote/webdriver.py:269: in __init__\n    self.start_session(capabilities, browser_profile)\n../../../.local/lib/python3.8/site-packages/selenium/webdriver/remote/webdriver.py:360: in start_session\n    response = self.execute(Command.NEW_SESSION, parameters)\n../../../.local/lib/python3.8/site-packages/selenium/webdriver/remote/webdriver.py:425: in execute\n    self.error_handler.check_response(response)\n_ _ _ _ _ _ _ _ _ _ _ _ _ _ _ _ _ _ _ _ _ _ _ _ _ _ _ _ _ _ _ _ _ _ _ _ _ _ _ _ \n\nself = <selenium.webdriver.remote.errorhandler.ErrorHandler object at 0x7fce1919d160>\nresponse = {'status': 500, 'value': '{\"value\":{\"error\":\"unknown error\",\"message\":\"unknown error: Chrome failed to start: exited a...\\\\n#14 0x56035bbe1be8 \\\\u003Cunknown>\\\\n#15 0x56035bbfb7fd \\\\u003Cunknown>\\\\n#16 0x7fc618d3e609 \\\\u003Cunknown>\\\\n\"}}'}\n\n    def check_response(self, response: Dict[str, Any]) -> None:\n        \"\"\"\n        Checks that a JSON response from the WebDriver does not have an error.\n    \n        :Args:\n         - response - The JSON response from the WebDriver server as a dictionary\n           object.\n    \n        :Raises: If the response contains an error message.\n        \"\"\"\n        status = response.get('status', None)\n        if not status or status == ErrorCode.SUCCESS:\n            return\n        value = None\n        message = response.get(\"message\", \"\")\n        screen: str = response.get(\"screen\", \"\")\n        stacktrace = None\n        if isinstance(status, int):\n            value_json = response.get('value', None)\n            if value_json and isinstance(value_json, str):\n                import json\n                try:\n                    value = json.loads(value_json)\n                    if len(value.keys()) == 1:\n                        value = value['value']\n                    status = value.get('error', None)\n                    if not status:\n                        status = value.get(\"status\", ErrorCode.UNKNOWN_ERROR)\n                        message = value.get(\"value\") or value.get(\"message\")\n                        if not isinstance(message, str):\n                            value = message\n                            message = message.get('message')\n                    else:\n                        message = value.get('message', None)\n                except ValueError:\n                    pass\n    \n        exception_class: Type[WebDriverException]\n        if status in ErrorCode.NO_SUCH_ELEMENT:\n            exception_class = NoSuchElementException\n        elif status in ErrorCode.NO_SUCH_FRAME:\n            exception_class = NoSuchFrameException\n        elif status in ErrorCode.NO_SUCH_SHADOW_ROOT:\n            exception_class = NoSuchShadowRootException\n        elif status in ErrorCode.NO_SUCH_WINDOW:\n            exception_class = NoSuchWindowException\n        elif status in ErrorCode.STALE_ELEMENT_REFERENCE:\n            exception_class = StaleElementReferenceException\n        elif status in ErrorCode.ELEMENT_NOT_VISIBLE:\n            exception_class = ElementNotVisibleException\n        elif status in ErrorCode.INVALID_ELEMENT_STATE:\n            exception_class = InvalidElementStateException\n        elif status in ErrorCode.INVALID_SELECTOR \\\n                or status in ErrorCode.INVALID_XPATH_SELECTOR \\\n                or status in ErrorCode.INVALID_XPATH_SELECTOR_RETURN_TYPER:\n            exception_class = InvalidSelectorException\n        elif status in ErrorCode.ELEMENT_IS_NOT_SELECTABLE:\n            exception_class = ElementNotSelectableException\n        elif status in ErrorCode.ELEMENT_NOT_INTERACTABLE:\n            exception_class = ElementNotInteractableException\n        elif status in ErrorCode.INVALID_COOKIE_DOMAIN:\n            exception_class = InvalidCookieDomainException\n        elif status in ErrorCode.UNABLE_TO_SET_COOKIE:\n            exception_class = UnableToSetCookieException\n        elif status in ErrorCode.TIMEOUT:\n            exception_class = TimeoutException\n        elif status in ErrorCode.SCRIPT_TIMEOUT:\n            exception_class = TimeoutException\n        elif status in ErrorCode.UNKNOWN_ERROR:\n            exception_class = WebDriverException\n        elif status in ErrorCode.UNEXPECTED_ALERT_OPEN:\n            exception_class = UnexpectedAlertPresentException\n        elif status in ErrorCode.NO_ALERT_OPEN:\n            exception_class = NoAlertPresentException\n        elif status in ErrorCode.IME_NOT_AVAILABLE:\n            exception_class = ImeNotAvailableException\n        elif status in ErrorCode.IME_ENGINE_ACTIVATION_FAILED:\n            exception_class = ImeActivationFailedException\n        elif status in ErrorCode.MOVE_TARGET_OUT_OF_BOUNDS:\n            exception_class = MoveTargetOutOfBoundsException\n        elif status in ErrorCode.JAVASCRIPT_ERROR:\n            exception_class = JavascriptException\n        elif status in ErrorCode.SESSION_NOT_CREATED:\n            exception_class = SessionNotCreatedException\n        elif status in ErrorCode.INVALID_ARGUMENT:\n            exception_class = InvalidArgumentException\n        elif status in ErrorCode.NO_SUCH_COOKIE:\n            exception_class = NoSuchCookieException\n        elif status in ErrorCode.UNABLE_TO_CAPTURE_SCREEN:\n            exception_class = ScreenshotException\n        elif status in ErrorCode.ELEMENT_CLICK_INTERCEPTED:\n            exception_class = ElementClickInterceptedException\n        elif status in ErrorCode.INSECURE_CERTIFICATE:\n            exception_class = InsecureCertificateException\n        elif status in ErrorCode.INVALID_COORDINATES:\n            exception_class = InvalidCoordinatesException\n        elif status in ErrorCode.INVALID_SESSION_ID:\n            exception_class = InvalidSessionIdException\n        elif status in ErrorCode.UNKNOWN_METHOD:\n            exception_class = UnknownMethodException\n        else:\n            exception_class = WebDriverException\n        if not value:\n            value = response['value']\n        if isinstance(value, str):\n            raise exception_class(value)\n        if message == \"\" and 'message' in value:\n            message = value['message']\n    \n        screen = None  # type: ignore[assignment]\n        if 'screen' in value:\n            screen = value['screen']\n    \n        stacktrace = None\n        st_value = value.get('stackTrace') or value.get('stacktrace')\n        if st_value:\n            if isinstance(st_value, str):\n                stacktrace = st_value.split('\\n')\n            else:\n                stacktrace = []\n                try:\n                    for frame in st_value:\n                        line = self._value_or_default(frame, 'lineNumber', '')\n                        file = self._value_or_default(frame, 'fileName', '<anonymous>')\n                        if line:\n                            file = \"%s:%s\" % (file, line)\n                        meth = self._value_or_default(frame, 'methodName', '<anonymous>')\n                        if 'className' in frame:\n                            meth = \"%s.%s\" % (frame['className'], meth)\n                        msg = \"    at %s (%s)\"\n                        msg = msg % (meth, file)\n                        stacktrace.append(msg)\n                except TypeError:\n                    pass\n        if exception_class == UnexpectedAlertPresentException:\n            alert_text = None\n            if 'data' in value:\n                alert_text = value['data'].get('text')\n            elif 'alert' in value:\n                alert_text = value['alert'].get('text')\n            raise exception_class(message, screen, stacktrace, alert_text)  # type: ignore[call-arg]  # mypy is not smart enough here\n>       raise exception_class(message, screen, stacktrace)\nE       selenium.common.exceptions.WebDriverException: Message: unknown error: Chrome failed to start: exited abnormally.\nE         (unknown error: DevToolsActivePort file doesn't exist)\nE         (The process started from chrome location /usr/bin/google-chrome is no longer running, so ChromeDriver is assuming that Chrome has crashed.)\nE       Stacktrace:\nE       #0 0x56035bb7dad3 <unknown>\nE       #1 0x56035b8dd568 <unknown>\nE       #2 0x56035b900b37 <unknown>\nE       #3 0x56035b8fc23a <unknown>\nE       #4 0x56035b9372ba <unknown>\nE       #5 0x56035b9314e3 <unknown>\nE       #6 0x56035b906d1a <unknown>\nE       #7 0x56035b907e75 <unknown>\nE       #8 0x56035bbabefd <unknown>\nE       #9 0x56035bbc519b <unknown>\nE       #10 0x56035bbadc65 <unknown>\nE       #11 0x56035bbc5ec8 <unknown>\nE       #12 0x56035bba1360 <unknown>\nE       #13 0x56035bbe1a68 <unknown>\nE       #14 0x56035bbe1be8 <unknown>\nE       #15 0x56035bbfb7fd <unknown>\nE       #16 0x7fc618d3e609 <unknown>\n\n../../../.local/lib/python3.8/site-packages/selenium/webdriver/remote/errorhandler.py:247: WebDriverException",
  "flaky" : false,
  "newFailed" : false,
  "beforeStages" : [ {
    "name" : "app",
    "time" : {
      "start" : 1650905594696,
      "stop" : 1650905596186,
      "duration" : 1490
    },
    "status" : "broken",
    "statusMessage" : "selenium.common.exceptions.WebDriverException: Message: unknown error: Chrome failed to start: exited abnormally.\n  (unknown error: DevToolsActivePort file doesn't exist)\n  (The process started from chrome location /usr/bin/google-chrome is no longer running, so ChromeDriver is assuming that Chrome has crashed.)\nStacktrace:\n#0 0x56035bb7dad3 <unknown>\n#1 0x56035b8dd568 <unknown>\n#2 0x56035b900b37 <unknown>\n#3 0x56035b8fc23a <unknown>\n#4 0x56035b9372ba <unknown>\n#5 0x56035b9314e3 <unknown>\n#6 0x56035b906d1a <unknown>\n#7 0x56035b907e75 <unknown>\n#8 0x56035bbabefd <unknown>\n#9 0x56035bbc519b <unknown>\n#10 0x56035bbadc65 <unknown>\n#11 0x56035bbc5ec8 <unknown>\n#12 0x56035bba1360 <unknown>\n#13 0x56035bbe1a68 <unknown>\n#14 0x56035bbe1be8 <unknown>\n#15 0x56035bbfb7fd <unknown>\n#16 0x7fc618d3e609 <unknown>\n\n",
    "statusTrace" : "  File \"/home/runner/.local/lib/python3.8/site-packages/pluggy/_callers.py\", line 39, in _multicall\n    res = hook_impl.function(*args)\n  File \"/home/runner/.local/lib/python3.8/site-packages/_pytest/fixtures.py\", line 1122, in pytest_fixture_setup\n    result = call_fixture_func(fixturefunc, request, kwargs)\n  File \"/home/runner/.local/lib/python3.8/site-packages/_pytest/fixtures.py\", line 917, in call_fixture_func\n    fixture_result = next(generator)\n  File \"/home/runner/work/Test_with_a_team/Test_with_a_team/conftest.py\", line 42, in app\n    driver = webdriver.Chrome(ChromeDriverManager().install(),\n  File \"/home/runner/.local/lib/python3.8/site-packages/selenium/webdriver/chrome/webdriver.py\", line 70, in __init__\n    super(WebDriver, self).__init__(DesiredCapabilities.CHROME['browserName'], \"goog\",\n  File \"/home/runner/.local/lib/python3.8/site-packages/selenium/webdriver/chromium/webdriver.py\", line 93, in __init__\n    RemoteWebDriver.__init__(\n  File \"/home/runner/.local/lib/python3.8/site-packages/selenium/webdriver/remote/webdriver.py\", line 269, in __init__\n    self.start_session(capabilities, browser_profile)\n  File \"/home/runner/.local/lib/python3.8/site-packages/selenium/webdriver/remote/webdriver.py\", line 360, in start_session\n    response = self.execute(Command.NEW_SESSION, parameters)\n  File \"/home/runner/.local/lib/python3.8/site-packages/selenium/webdriver/remote/webdriver.py\", line 425, in execute\n    self.error_handler.check_response(response)\n  File \"/home/runner/.local/lib/python3.8/site-packages/selenium/webdriver/remote/errorhandler.py\", line 247, in check_response\n    raise exception_class(message, screen, stacktrace)\n",
    "steps" : [ ],
    "attachments" : [ ],
    "parameters" : [ ],
    "stepsCount" : 0,
    "attachmentsCount" : 0,
    "shouldDisplayMessage" : true,
    "hasContent" : true
  }, {
    "name" : "_session_faker",
    "time" : {
      "start" : 1650905594683,
      "stop" : 1650905594696,
      "duration" : 13
    },
    "status" : "passed",
    "steps" : [ ],
    "attachments" : [ ],
    "parameters" : [ ],
    "stepsCount" : 0,
    "attachmentsCount" : 0,
    "shouldDisplayMessage" : false,
    "hasContent" : false
  } ],
  "afterStages" : [ ],
  "labels" : [ {
    "name" : "story",
    "value" : "Test register"
  }, {
    "name" : "parentSuite",
    "value" : "test"
  }, {
    "name" : "suite",
    "value" : "test_register_page"
  }, {
    "name" : "subSuite",
    "value" : "TestRegisterPage"
  }, {
    "name" : "host",
    "value" : "fv-az204-865"
  }, {
    "name" : "thread",
    "value" : "2238-MainThread"
  }, {
    "name" : "framework",
    "value" : "pytest"
  }, {
    "name" : "language",
    "value" : "cpython3"
  }, {
    "name" : "package",
    "value" : "test.test_register_page"
  }, {
    "name" : "resultFormat",
    "value" : "allure2"
  } ],
  "parameters" : [ ],
  "links" : [ ],
  "hidden" : false,
  "retry" : false,
  "extra" : {
    "severity" : "normal",
    "retries" : [ ],
    "categories" : [ {
      "name" : "Test defects",
      "matchedStatuses" : [ ],
      "flaky" : false
    } ],
    "history" : {
      "statistic" : {
        "failed" : 0,
        "broken" : 8,
        "skipped" : 0,
        "passed" : 0,
        "unknown" : 0,
        "total" : 8
      },
      "items" : [ {
        "uid" : "ecf2e6cf5063e751",
        "reportUrl" : "https://ArkadiyVoronov.github.io/Test_with_a_team/13//#testresult/ecf2e6cf5063e751",
        "status" : "broken",
        "statusDetails" : "selenium.common.exceptions.WebDriverException: Message: unknown error: Chrome failed to start: exited abnormally.\n  (unknown error: DevToolsActivePort file doesn't exist)\n  (The process started from chrome location /usr/bin/google-chrome is no longer running, so ChromeDriver is assuming that Chrome has crashed.)\nStacktrace:\n#0 0x5614fce1cad3 <unknown>\n#1 0x5614fcb7c568 <unknown>\n#2 0x5614fcb9fb37 <unknown>\n#3 0x5614fcb9b23a <unknown>\n#4 0x5614fcbd62ba <unknown>\n#5 0x5614fcbd04e3 <unknown>\n#6 0x5614fcba5d1a <unknown>\n#7 0x5614fcba6e75 <unknown>\n#8 0x5614fce4aefd <unknown>\n#9 0x5614fce6419b <unknown>\n#10 0x5614fce4cc65 <unknown>\n#11 0x5614fce64ec8 <unknown>\n#12 0x5614fce40360 <unknown>\n#13 0x5614fce80a68 <unknown>\n#14 0x5614fce80be8 <unknown>\n#15 0x5614fce9a7fd <unknown>\n#16 0x7f4417fa3609 <unknown>",
        "time" : {
          "start" : 1650903985749,
          "stop" : 1650903985749,
          "duration" : 0
        }
      }, {
        "uid" : "f77d98612995c98e",
        "reportUrl" : "https://ArkadiyVoronov.github.io/Test_with_a_team/12//#testresult/f77d98612995c98e",
        "status" : "broken",
        "statusDetails" : "selenium.common.exceptions.WebDriverException: Message: unknown error: Chrome failed to start: exited abnormally.\n  (unknown error: DevToolsActivePort file doesn't exist)\n  (The process started from chrome location /usr/bin/google-chrome is no longer running, so ChromeDriver is assuming that Chrome has crashed.)\nStacktrace:\n#0 0x55d75801aad3 <unknown>\n#1 0x55d757d7a568 <unknown>\n#2 0x55d757d9db37 <unknown>\n#3 0x55d757d9923a <unknown>\n#4 0x55d757dd42ba <unknown>\n#5 0x55d757dce4e3 <unknown>\n#6 0x55d757da3d1a <unknown>\n#7 0x55d757da4e75 <unknown>\n#8 0x55d758048efd <unknown>\n#9 0x55d75806219b <unknown>\n#10 0x55d75804ac65 <unknown>\n#11 0x55d758062ec8 <unknown>\n#12 0x55d75803e360 <unknown>\n#13 0x55d75807ea68 <unknown>\n#14 0x55d75807ebe8 <unknown>\n#15 0x55d7580987fd <unknown>\n#16 0x7fd522cac609 <unknown>",
        "time" : {
          "start" : 1650903812786,
          "stop" : 1650903812786,
          "duration" : 0
        }
      }, {
        "uid" : "1980e622de305fc2",
        "reportUrl" : "https://ArkadiyVoronov.github.io/Test_with_a_team/9//#testresult/1980e622de305fc2",
        "status" : "broken",
        "statusDetails" : "selenium.common.exceptions.WebDriverException: Message: unknown error: Chrome failed to start: exited abnormally.\n  (unknown error: DevToolsActivePort file doesn't exist)\n  (The process started from chrome location /usr/bin/google-chrome is no longer running, so ChromeDriver is assuming that Chrome has crashed.)\nStacktrace:\n#0 0x56156fe97ad3 <unknown>\n#1 0x56156fbf7568 <unknown>\n#2 0x56156fc1ab37 <unknown>\n#3 0x56156fc1623a <unknown>\n#4 0x56156fc512ba <unknown>\n#5 0x56156fc4b4e3 <unknown>\n#6 0x56156fc20d1a <unknown>\n#7 0x56156fc21e75 <unknown>\n#8 0x56156fec5efd <unknown>\n#9 0x56156fedf19b <unknown>\n#10 0x56156fec7c65 <unknown>\n#11 0x56156fedfec8 <unknown>\n#12 0x56156febb360 <unknown>\n#13 0x56156fefba68 <unknown>\n#14 0x56156fefbbe8 <unknown>\n#15 0x56156ff157fd <unknown>\n#16 0x7f585bd42609 <unknown>",
        "time" : {
          "start" : 1650554011856,
          "stop" : 1650554011856,
          "duration" : 0
        }
      }, {
        "uid" : "19374bd1c384f114",
        "reportUrl" : "https://ArkadiyVoronov.github.io/Test_with_a_team/8//#testresult/19374bd1c384f114",
        "status" : "broken",
        "statusDetails" : "selenium.common.exceptions.WebDriverException: Message: unknown error: Chrome failed to start: exited abnormally.\n  (unknown error: DevToolsActivePort file doesn't exist)\n  (The process started from chrome location /usr/bin/google-chrome is no longer running, so ChromeDriver is assuming that Chrome has crashed.)\nStacktrace:\n#0 0x55ab6a814ad3 <unknown>\n#1 0x55ab6a574568 <unknown>\n#2 0x55ab6a597b37 <unknown>\n#3 0x55ab6a59323a <unknown>\n#4 0x55ab6a5ce2ba <unknown>\n#5 0x55ab6a5c84e3 <unknown>\n#6 0x55ab6a59dd1a <unknown>\n#7 0x55ab6a59ee75 <unknown>\n#8 0x55ab6a842efd <unknown>\n#9 0x55ab6a85c19b <unknown>\n#10 0x55ab6a844c65 <unknown>\n#11 0x55ab6a85cec8 <unknown>\n#12 0x55ab6a838360 <unknown>\n#13 0x55ab6a878a68 <unknown>\n#14 0x55ab6a878be8 <unknown>\n#15 0x55ab6a8927fd <unknown>\n#16 0x7f069e1dc609 <unknown>",
        "time" : {
          "start" : 1650553934804,
          "stop" : 1650553934804,
          "duration" : 0
        }
      }, {
        "uid" : "6eabca75b33a9bae",
        "reportUrl" : "https://ArkadiyVoronov.github.io/Test_with_a_team/7//#testresult/6eabca75b33a9bae",
        "status" : "broken",
        "statusDetails" : "selenium.common.exceptions.WebDriverException: Message: unknown error: Chrome failed to start: exited abnormally.\n  (unknown error: DevToolsActivePort file doesn't exist)\n  (The process started from chrome location /usr/bin/google-chrome is no longer running, so ChromeDriver is assuming that Chrome has crashed.)\nStacktrace:\n#0 0x55f820ea2ad3 <unknown>\n#1 0x55f820c02568 <unknown>\n#2 0x55f820c25b37 <unknown>\n#3 0x55f820c2123a <unknown>\n#4 0x55f820c5c2ba <unknown>\n#5 0x55f820c564e3 <unknown>\n#6 0x55f820c2bd1a <unknown>\n#7 0x55f820c2ce75 <unknown>\n#8 0x55f820ed0efd <unknown>\n#9 0x55f820eea19b <unknown>\n#10 0x55f820ed2c65 <unknown>\n#11 0x55f820eeaec8 <unknown>\n#12 0x55f820ec6360 <unknown>\n#13 0x55f820f06a68 <unknown>\n#14 0x55f820f06be8 <unknown>\n#15 0x55f820f207fd <unknown>\n#16 0x7f9f3c904609 <unknown>",
        "time" : {
          "start" : 1650553750772,
          "stop" : 1650553750772,
          "duration" : 0
        }
      }, {
        "uid" : "9be8c62f7c5fe8f9",
        "reportUrl" : "https://ArkadiyVoronov.github.io/Test_with_a_team/6//#testresult/9be8c62f7c5fe8f9",
        "status" : "broken",
        "statusDetails" : "selenium.common.exceptions.WebDriverException: Message: unknown error: Chrome failed to start: exited abnormally.\n  (unknown error: DevToolsActivePort file doesn't exist)\n  (The process started from chrome location /usr/bin/google-chrome is no longer running, so ChromeDriver is assuming that Chrome has crashed.)\nStacktrace:\n#0 0x5612eed2fad3 <unknown>\n#1 0x5612eea8f568 <unknown>\n#2 0x5612eeab2b37 <unknown>\n#3 0x5612eeaae23a <unknown>\n#4 0x5612eeae92ba <unknown>\n#5 0x5612eeae34e3 <unknown>\n#6 0x5612eeab8d1a <unknown>\n#7 0x5612eeab9e75 <unknown>\n#8 0x5612eed5defd <unknown>\n#9 0x5612eed7719b <unknown>\n#10 0x5612eed5fc65 <unknown>\n#11 0x5612eed77ec8 <unknown>\n#12 0x5612eed53360 <unknown>\n#13 0x5612eed93a68 <unknown>\n#14 0x5612eed93be8 <unknown>\n#15 0x5612eedad7fd <unknown>\n#16 0x7f98a7620609 <unknown>",
        "time" : {
          "start" : 1650553596411,
          "stop" : 1650553596411,
          "duration" : 0
        }
      }, {
        "uid" : "4061618870bc4e5f",
        "reportUrl" : "https://ArkadiyVoronov.github.io/Test_with_a_team/4//#testresult/4061618870bc4e5f",
        "status" : "broken",
        "statusDetails" : "selenium.common.exceptions.WebDriverException: Message: unknown error: Chrome failed to start: exited abnormally.\n  (unknown error: DevToolsActivePort file doesn't exist)\n  (The process started from chrome location /usr/bin/google-chrome is no longer running, so ChromeDriver is assuming that Chrome has crashed.)\nStacktrace:\n#0 0x5595c66f8ad3 <unknown>\n#1 0x5595c6458568 <unknown>\n#2 0x5595c647bb37 <unknown>\n#3 0x5595c647723a <unknown>\n#4 0x5595c64b22ba <unknown>\n#5 0x5595c64ac4e3 <unknown>\n#6 0x5595c6481d1a <unknown>\n#7 0x5595c6482e75 <unknown>\n#8 0x5595c6726efd <unknown>\n#9 0x5595c674019b <unknown>\n#10 0x5595c6728c65 <unknown>\n#11 0x5595c6740ec8 <unknown>\n#12 0x5595c671c360 <unknown>\n#13 0x5595c675ca68 <unknown>\n#14 0x5595c675cbe8 <unknown>\n#15 0x5595c67767fd <unknown>\n#16 0x7f1163678609 <unknown>",
        "time" : {
          "start" : 1650552894727,
          "stop" : 1650552894727,
          "duration" : 0
        }
      } ]
    },
    "tags" : [ ]
  },
  "source" : "934a72d78b1148f8.json",
  "parameterValues" : [ ]
}